#-----------------------------------------------------------
# Vivado v2019.1 (64-bit)
# SW Build 2552052 on Fri May 24 14:47:09 MDT 2019
# IP Build 2548770 on Fri May 24 18:01:18 MDT 2019
# Start of session at: Mon May 10 22:27:17 2021
# Process ID: 86792
# Current directory: /home/sergo/cms-phase2-muon-trigger/projects/dnn_emtf_displayed
# Command line: vivado
# Log file: /home/sergo/cms-phase2-muon-trigger/projects/dnn_emtf_displayed/vivado.log
# Journal file: /home/sergo/cms-phase2-muon-trigger/projects/dnn_emtf_displayed/vivado.jou
#-----------------------------------------------------------
start_gui
open_project /home/sergo/cms-phase2-muon-trigger/projects/dnn_emtf_displayed/top/top.xpr
CRITICAL WARNING: [Project 1-19] Could not find the file '/home/sergo/cms-phase2-muon-trigger/projects/dnn_emtf_displayed/hls_vhdl/myproject_mul_11sfYi.vhd'.
CRITICAL WARNING: [Project 1-19] Could not find the file '/home/sergo/cms-phase2-muon-trigger/projects/dnn_emtf_displayed/hls_vhdl/myproject_mul_11scud.vhd'.
CRITICAL WARNING: [Project 1-19] Could not find the file '/home/sergo/cms-phase2-muon-trigger/projects/dnn_emtf_displayed/hls_vhdl/myproject_mul_11sdEe.vhd'.
CRITICAL WARNING: [Project 1-19] Could not find the file '/home/sergo/cms-phase2-muon-trigger/projects/dnn_emtf_displayed/hls_vhdl/myproject_mul_24skbM.vhd'.
CRITICAL WARNING: [Project 1-19] Could not find the file '/home/sergo/cms-phase2-muon-trigger/projects/dnn_emtf_displayed/hls_vhdl/myproject_mul_11sbkb.vhd'.
CRITICAL WARNING: [Project 1-19] Could not find the file '/home/sergo/cms-phase2-muon-trigger/projects/dnn_emtf_displayed/hls_vhdl/myproject_mul_24sncg.vhd'.
CRITICAL WARNING: [Project 1-19] Could not find the file '/home/sergo/cms-phase2-muon-trigger/projects/dnn_emtf_displayed/hls_vhdl/myproject_mul_24socq.vhd'.
CRITICAL WARNING: [Project 1-19] Could not find the file '/home/sergo/cms-phase2-muon-trigger/projects/dnn_emtf_displayed/hls_vhdl/myproject_mul_11sg8j.vhd'.
CRITICAL WARNING: [Project 1-19] Could not find the file '/home/sergo/cms-phase2-muon-trigger/projects/dnn_emtf_displayed/hls_vhdl/myproject_mul_24smb6.vhd'.
CRITICAL WARNING: [Project 1-19] Could not find the file '/home/sergo/cms-phase2-muon-trigger/projects/dnn_emtf_displayed/hls_vhdl/myproject_mul_11seOg.vhd'.
CRITICAL WARNING: [Project 1-19] Could not find the file '/home/sergo/cms-phase2-muon-trigger/projects/dnn_emtf_displayed/hls_vhdl/myproject_mul_24slbW.vhd'.
CRITICAL WARNING: [Project 1-19] Could not find the file '/home/sergo/cms-phase2-muon-trigger/projects/dnn_emtf_displayed/hls_vhdl/myproject_mul_11shbi.vhd'.
CRITICAL WARNING: [Project 1-19] Could not find the file '/home/sergo/cms-phase2-muon-trigger/projects/dnn_emtf_displayed/hls_vhdl/myproject_mul_11sibs.vhd'.
CRITICAL WARNING: [Project 1-19] Could not find the file '/home/sergo/cms-phase2-muon-trigger/projects/dnn_emtf_displayed/hls_vhdl/myproject_mul_muljbC.vhd'.
Scanning sources...
Finished scanning sources
WARNING: [filemgmt 56-3] IP Repository Path: Could not find the directory '/home/sergo/cms-phase2-muon-trigger/projects/dnn_emtf_displayed/user_ip_repo'.
INFO: [IP_Flow 19-234] Refreshing IP repositories
WARNING: [IP_Flow 19-2248] Failed to load user IP repository '/home/sergo/cms-phase2-muon-trigger/projects/dnn_emtf_displayed/user_ip_repo'; Can't find the specified path.
If this directory should no longer be in your list of user repositories, go to the IP Settings dialog and remove it.
INFO: [IP_Flow 19-2313] Loaded Vivado IP repository '/data/Xilinx/Vivado/Vivado/2019.1/data/ip'.
CRITICAL WARNING: [Common 17-1649] The Vivado message database '/home/sergo/cms-phase2-muon-trigger/projects/dnn_emtf_displayed/top/top.runs/synth_1/vivado.pb' contains 43447 messages. Restoring all messages from this message database will impact Vivado performance, so only WARNING, CRITICAL WARNING, and ERROR messages will be restored. To restore all messages from this file use the tcl command 'set_param messaging.loadPbLimit 43448' and re-open the project.
open_project: Time (s): cpu = 00:00:18 ; elapsed = 00:00:09 . Memory (MB): peak = 6764.020 ; gain = 186.039 ; free physical = 51876 ; free virtual = 93720
export_ip_user_files -of_objects  [get_files /home/sergo/cms-phase2-muon-trigger/projects/dnn_emtf_displayed/hls_vhdl/myproject_mul_11sfYi.vhd] -no_script -reset -force -quiet
export_ip_user_files -of_objects  [get_files /home/sergo/cms-phase2-muon-trigger/projects/dnn_emtf_displayed/hls_vhdl/tanh_2_tanh_table4.vhd] -no_script -reset -force -quiet
export_ip_user_files -of_objects  [get_files /home/sergo/cms-phase2-muon-trigger/projects/dnn_emtf_displayed/hls_vhdl/tanh_1_tanh_table7.vhd] -no_script -reset -force -quiet
export_ip_user_files -of_objects  [get_files /home/sergo/cms-phase2-muon-trigger/projects/dnn_emtf_displayed/hls_vhdl/myproject.vhd] -no_script -reset -force -quiet
export_ip_user_files -of_objects  [get_files /home/sergo/cms-phase2-muon-trigger/projects/dnn_emtf_displayed/hls_vhdl/product.vhd] -no_script -reset -force -quiet
export_ip_user_files -of_objects  [get_files /home/sergo/cms-phase2-muon-trigger/projects/dnn_emtf_displayed/hls_vhdl/myproject_mul_11scud.vhd] -no_script -reset -force -quiet
export_ip_user_files -of_objects  [get_files /home/sergo/cms-phase2-muon-trigger/projects/dnn_emtf_displayed/hls_vhdl/myproject_mul_11sdEe.vhd] -no_script -reset -force -quiet
export_ip_user_files -of_objects  [get_files /home/sergo/cms-phase2-muon-trigger/projects/dnn_emtf_displayed/hls_vhdl/myproject_mul_24skbM.vhd] -no_script -reset -force -quiet
export_ip_user_files -of_objects  [get_files /home/sergo/cms-phase2-muon-trigger/projects/dnn_emtf_displayed/hls_vhdl/dense_latency_0_0_0_s.vhd] -no_script -reset -force -quiet
export_ip_user_files -of_objects  [get_files /home/sergo/cms-phase2-muon-trigger/projects/dnn_emtf_displayed/hls_vhdl/normalize_0_0_0_0_0_1.vhd] -no_script -reset -force -quiet
export_ip_user_files -of_objects  [get_files /home/sergo/cms-phase2-muon-trigger/projects/dnn_emtf_displayed/hls_vhdl/tanh_2.vhd] -no_script -reset -force -quiet
export_ip_user_files -of_objects  [get_files /home/sergo/cms-phase2-muon-trigger/projects/dnn_emtf_displayed/hls_vhdl/tanh_tanh_table1.vhd] -no_script -reset -force -quiet
export_ip_user_files -of_objects  [get_files /home/sergo/cms-phase2-muon-trigger/projects/dnn_emtf_displayed/hls_vhdl/myproject_mul_11sbkb.vhd] -no_script -reset -force -quiet
export_ip_user_files -of_objects  [get_files /home/sergo/cms-phase2-muon-trigger/projects/dnn_emtf_displayed/hls_vhdl/myproject_mul_24sncg.vhd] -no_script -reset -force -quiet
export_ip_user_files -of_objects  [get_files /home/sergo/cms-phase2-muon-trigger/projects/dnn_emtf_displayed/hls_vhdl/myproject_mul_24socq.vhd] -no_script -reset -force -quiet
export_ip_user_files -of_objects  [get_files /home/sergo/cms-phase2-muon-trigger/projects/dnn_emtf_displayed/hls_vhdl/tanh_1.vhd] -no_script -reset -force -quiet
export_ip_user_files -of_objects  [get_files /home/sergo/cms-phase2-muon-trigger/projects/dnn_emtf_displayed/hls_vhdl/normalize_0_0_0_0_0_2.vhd] -no_script -reset -force -quiet
export_ip_user_files -of_objects  [get_files /home/sergo/cms-phase2-muon-trigger/projects/dnn_emtf_displayed/hls_vhdl/tanh.vhd] -no_script -reset -force -quiet
export_ip_user_files -of_objects  [get_files /home/sergo/cms-phase2-muon-trigger/projects/dnn_emtf_displayed/hls_vhdl/myproject_mul_11sg8j.vhd] -no_script -reset -force -quiet
export_ip_user_files -of_objects  [get_files /home/sergo/cms-phase2-muon-trigger/projects/dnn_emtf_displayed/hls_vhdl/myproject_mul_24smb6.vhd] -no_script -reset -force -quiet
export_ip_user_files -of_objects  [get_files /home/sergo/cms-phase2-muon-trigger/projects/dnn_emtf_displayed/hls_vhdl/myproject_mul_11seOg.vhd] -no_script -reset -force -quiet
export_ip_user_files -of_objects  [get_files /home/sergo/cms-phase2-muon-trigger/projects/dnn_emtf_displayed/hls_vhdl/dense_latency_0_0_0_2.vhd] -no_script -reset -force -quiet
export_ip_user_files -of_objects  [get_files /home/sergo/cms-phase2-muon-trigger/projects/dnn_emtf_displayed/hls_vhdl/myproject_mul_24slbW.vhd] -no_script -reset -force -quiet
export_ip_user_files -of_objects  [get_files /home/sergo/cms-phase2-muon-trigger/projects/dnn_emtf_displayed/hls_vhdl/normalize_0_0_0_0_0_s.vhd] -no_script -reset -force -quiet
export_ip_user_files -of_objects  [get_files /home/sergo/cms-phase2-muon-trigger/projects/dnn_emtf_displayed/hls_vhdl/myproject_mul_11shbi.vhd] -no_script -reset -force -quiet
export_ip_user_files -of_objects  [get_files /home/sergo/cms-phase2-muon-trigger/projects/dnn_emtf_displayed/hls_vhdl/dense_latency_0_0_0.vhd] -no_script -reset -force -quiet
export_ip_user_files -of_objects  [get_files /home/sergo/cms-phase2-muon-trigger/projects/dnn_emtf_displayed/hls_vhdl/myproject_mul_11sibs.vhd] -no_script -reset -force -quiet
export_ip_user_files -of_objects  [get_files /home/sergo/cms-phase2-muon-trigger/projects/dnn_emtf_displayed/hls_vhdl/dense_latency_0_0_0_1.vhd] -no_script -reset -force -quiet
export_ip_user_files -of_objects  [get_files /home/sergo/cms-phase2-muon-trigger/projects/dnn_emtf_displayed/hls_vhdl/myproject_mul_muljbC.vhd] -no_script -reset -force -quiet
export_ip_user_files -of_objects  [get_files /home/sergo/cms-phase2-muon-trigger/projects/dnn_emtf_displayed/hls_vhdl/normalize_0_0_0_0_0_3.vhd] -no_script -reset -force -quiet
remove_files  {/home/sergo/cms-phase2-muon-trigger/projects/dnn_emtf_displayed/hls_vhdl/myproject_mul_11sfYi.vhd /home/sergo/cms-phase2-muon-trigger/projects/dnn_emtf_displayed/hls_vhdl/tanh_2_tanh_table4.vhd /home/sergo/cms-phase2-muon-trigger/projects/dnn_emtf_displayed/hls_vhdl/tanh_1_tanh_table7.vhd /home/sergo/cms-phase2-muon-trigger/projects/dnn_emtf_displayed/hls_vhdl/myproject.vhd /home/sergo/cms-phase2-muon-trigger/projects/dnn_emtf_displayed/hls_vhdl/product.vhd /home/sergo/cms-phase2-muon-trigger/projects/dnn_emtf_displayed/hls_vhdl/myproject_mul_11scud.vhd /home/sergo/cms-phase2-muon-trigger/projects/dnn_emtf_displayed/hls_vhdl/myproject_mul_11sdEe.vhd /home/sergo/cms-phase2-muon-trigger/projects/dnn_emtf_displayed/hls_vhdl/myproject_mul_24skbM.vhd /home/sergo/cms-phase2-muon-trigger/projects/dnn_emtf_displayed/hls_vhdl/dense_latency_0_0_0_s.vhd /home/sergo/cms-phase2-muon-trigger/projects/dnn_emtf_displayed/hls_vhdl/normalize_0_0_0_0_0_1.vhd /home/sergo/cms-phase2-muon-trigger/projects/dnn_emtf_displayed/hls_vhdl/tanh_2.vhd /home/sergo/cms-phase2-muon-trigger/projects/dnn_emtf_displayed/hls_vhdl/tanh_tanh_table1.vhd /home/sergo/cms-phase2-muon-trigger/projects/dnn_emtf_displayed/hls_vhdl/myproject_mul_11sbkb.vhd /home/sergo/cms-phase2-muon-trigger/projects/dnn_emtf_displayed/hls_vhdl/myproject_mul_24sncg.vhd /home/sergo/cms-phase2-muon-trigger/projects/dnn_emtf_displayed/hls_vhdl/myproject_mul_24socq.vhd /home/sergo/cms-phase2-muon-trigger/projects/dnn_emtf_displayed/hls_vhdl/tanh_1.vhd /home/sergo/cms-phase2-muon-trigger/projects/dnn_emtf_displayed/hls_vhdl/normalize_0_0_0_0_0_2.vhd /home/sergo/cms-phase2-muon-trigger/projects/dnn_emtf_displayed/hls_vhdl/tanh.vhd /home/sergo/cms-phase2-muon-trigger/projects/dnn_emtf_displayed/hls_vhdl/myproject_mul_11sg8j.vhd /home/sergo/cms-phase2-muon-trigger/projects/dnn_emtf_displayed/hls_vhdl/myproject_mul_24smb6.vhd /home/sergo/cms-phase2-muon-trigger/projects/dnn_emtf_displayed/hls_vhdl/myproject_mul_11seOg.vhd /home/sergo/cms-phase2-muon-trigger/projects/dnn_emtf_displayed/hls_vhdl/dense_latency_0_0_0_2.vhd /home/sergo/cms-phase2-muon-trigger/projects/dnn_emtf_displayed/hls_vhdl/myproject_mul_24slbW.vhd /home/sergo/cms-phase2-muon-trigger/projects/dnn_emtf_displayed/hls_vhdl/normalize_0_0_0_0_0_s.vhd /home/sergo/cms-phase2-muon-trigger/projects/dnn_emtf_displayed/hls_vhdl/myproject_mul_11shbi.vhd /home/sergo/cms-phase2-muon-trigger/projects/dnn_emtf_displayed/hls_vhdl/dense_latency_0_0_0.vhd /home/sergo/cms-phase2-muon-trigger/projects/dnn_emtf_displayed/hls_vhdl/myproject_mul_11sibs.vhd /home/sergo/cms-phase2-muon-trigger/projects/dnn_emtf_displayed/hls_vhdl/dense_latency_0_0_0_1.vhd /home/sergo/cms-phase2-muon-trigger/projects/dnn_emtf_displayed/hls_vhdl/myproject_mul_muljbC.vhd /home/sergo/cms-phase2-muon-trigger/projects/dnn_emtf_displayed/hls_vhdl/normalize_0_0_0_0_0_3.vhd}
add_files -norecurse {/home/sergo/cms-phase2-muon-trigger/projects/dnn_emtf_displayed/hls_vhdl/tanh_2_tanh_table4.vhd /home/sergo/cms-phase2-muon-trigger/projects/dnn_emtf_displayed/hls_vhdl/tanh_1_tanh_table7.vhd /home/sergo/cms-phase2-muon-trigger/projects/dnn_emtf_displayed/hls_vhdl/myproject.vhd /home/sergo/cms-phase2-muon-trigger/projects/dnn_emtf_displayed/hls_vhdl/myproject_mul_24s_13ns_36_4_0.vhd /home/sergo/cms-phase2-muon-trigger/projects/dnn_emtf_displayed/hls_vhdl/myproject_mul_24s_15ns_37_4_0.vhd /home/sergo/cms-phase2-muon-trigger/projects/dnn_emtf_displayed/hls_vhdl/myproject_mul_7ns_18s_24_2_0.vhd /home/sergo/cms-phase2-muon-trigger/projects/dnn_emtf_displayed/hls_vhdl/myproject_mul_24s_14ns_37_4_0.vhd /home/sergo/cms-phase2-muon-trigger/projects/dnn_emtf_displayed/hls_vhdl/product.vhd /home/sergo/cms-phase2-muon-trigger/projects/dnn_emtf_displayed/hls_vhdl/myproject_mul_15ns_18s_24_2_0.vhd /home/sergo/cms-phase2-muon-trigger/projects/dnn_emtf_displayed/hls_vhdl/dense_latency_0_0_0_s.vhd /home/sergo/cms-phase2-muon-trigger/projects/dnn_emtf_displayed/hls_vhdl/myproject_mul_8ns_18s_24_2_0.vhd /home/sergo/cms-phase2-muon-trigger/projects/dnn_emtf_displayed/hls_vhdl/normalize_0_0_0_0_0_1.vhd /home/sergo/cms-phase2-muon-trigger/projects/dnn_emtf_displayed/hls_vhdl/tanh_2.vhd /home/sergo/cms-phase2-muon-trigger/projects/dnn_emtf_displayed/hls_vhdl/myproject_mul_24s_11ns_34_4_0.vhd /home/sergo/cms-phase2-muon-trigger/projects/dnn_emtf_displayed/hls_vhdl/myproject_mul_24s_12ns_35_4_0.vhd /home/sergo/cms-phase2-muon-trigger/projects/dnn_emtf_displayed/hls_vhdl/tanh_tanh_table1.vhd /home/sergo/cms-phase2-muon-trigger/projects/dnn_emtf_displayed/hls_vhdl/myproject_mul_16ns_18s_24_2_0.vhd /home/sergo/cms-phase2-muon-trigger/projects/dnn_emtf_displayed/hls_vhdl/myproject_mul_12ns_18s_24_2_0.vhd /home/sergo/cms-phase2-muon-trigger/projects/dnn_emtf_displayed/hls_vhdl/myproject_mul_mul_18s_24s_37_3_1.vhd /home/sergo/cms-phase2-muon-trigger/projects/dnn_emtf_displayed/hls_vhdl/tanh_1.vhd /home/sergo/cms-phase2-muon-trigger/projects/dnn_emtf_displayed/hls_vhdl/normalize_0_0_0_0_0_2.vhd /home/sergo/cms-phase2-muon-trigger/projects/dnn_emtf_displayed/hls_vhdl/tanh.vhd /home/sergo/cms-phase2-muon-trigger/projects/dnn_emtf_displayed/hls_vhdl/myproject_mul_9ns_18s_24_2_0.vhd /home/sergo/cms-phase2-muon-trigger/projects/dnn_emtf_displayed/hls_vhdl/myproject_mul_13ns_18s_24_2_0.vhd /home/sergo/cms-phase2-muon-trigger/projects/dnn_emtf_displayed/hls_vhdl/dense_latency_0_0_0_2.vhd /home/sergo/cms-phase2-muon-trigger/projects/dnn_emtf_displayed/hls_vhdl/normalize_0_0_0_0_0_s.vhd /home/sergo/cms-phase2-muon-trigger/projects/dnn_emtf_displayed/hls_vhdl/dense_latency_0_0_0.vhd /home/sergo/cms-phase2-muon-trigger/projects/dnn_emtf_displayed/hls_vhdl/dense_latency_0_0_0_1.vhd /home/sergo/cms-phase2-muon-trigger/projects/dnn_emtf_displayed/hls_vhdl/myproject_mul_10ns_18s_24_2_0.vhd /home/sergo/cms-phase2-muon-trigger/projects/dnn_emtf_displayed/hls_vhdl/normalize_0_0_0_0_0_3.vhd}
reset_run synth_1
launch_runs synth_1 -jobs 16
[Mon May 10 22:34:48 2021] Launched synth_1...
Run output will be captured here: /home/sergo/cms-phase2-muon-trigger/projects/dnn_emtf_displayed/top/top.runs/synth_1/runme.log
reset_run synth_1
launch_runs synth_1 -jobs 16
[Mon May 10 22:39:31 2021] Launched synth_1...
Run output will be captured here: /home/sergo/cms-phase2-muon-trigger/projects/dnn_emtf_displayed/top/top.runs/synth_1/runme.log
reset_run synth_1
launch_runs synth_1 -jobs 16
[Mon May 10 22:46:24 2021] Launched synth_1...
Run output will be captured here: /home/sergo/cms-phase2-muon-trigger/projects/dnn_emtf_displayed/top/top.runs/synth_1/runme.log
reset_run synth_1
launch_runs synth_1 -jobs 16
[Mon May 10 22:48:02 2021] Launched synth_1...
Run output will be captured here: /home/sergo/cms-phase2-muon-trigger/projects/dnn_emtf_displayed/top/top.runs/synth_1/runme.log
reset_run synth_1
launch_runs synth_1 -jobs 16
[Mon May 10 22:50:11 2021] Launched synth_1...
Run output will be captured here: /home/sergo/cms-phase2-muon-trigger/projects/dnn_emtf_displayed/top/top.runs/synth_1/runme.log
reset_run synth_1
launch_runs synth_1 -jobs 16
[Mon May 10 22:51:41 2021] Launched synth_1...
Run output will be captured here: /home/sergo/cms-phase2-muon-trigger/projects/dnn_emtf_displayed/top/top.runs/synth_1/runme.log
launch_runs: Time (s): cpu = 00:00:02 ; elapsed = 00:00:05 . Memory (MB): peak = 7049.309 ; gain = 0.000 ; free physical = 51130 ; free virtual = 93063
CRITICAL WARNING: [Common 17-1649] The Vivado message database '/home/sergo/cms-phase2-muon-trigger/projects/dnn_emtf_displayed/top/top.runs/synth_1/vivado.pb' contains 43333 messages. Restoring all messages from this message database will impact Vivado performance, so only WARNING, CRITICAL WARNING, and ERROR messages will be restored. To restore all messages from this file use the tcl command 'set_param messaging.loadPbLimit 43334' and re-open the project.
launch_runs impl_1 -jobs 16
[Mon May 10 22:58:50 2021] Launched impl_1...
Run output will be captured here: /home/sergo/cms-phase2-muon-trigger/projects/dnn_emtf_displayed/top/top.runs/impl_1/runme.log
open_run impl_1
INFO: [Device 21-403] Loading part xc7vx690tffg1927-2
INFO: [Netlist 29-17] Analyzing 10549 Unisim elements for replacement
INFO: [Netlist 29-28] Unisim Transformation completed in 0 CPU seconds
INFO: [Project 1-479] Netlist was created with Vivado 2019.1
INFO: [Project 1-570] Preparing netlist for logic optimization
INFO: [Timing 38-478] Restoring timing data from binary archive.
INFO: [Timing 38-479] Binary timing data restore complete.
INFO: [Project 1-856] Restoring constraints from binary archive.
INFO: [Project 1-853] Binary constraint restore complete.
Reading XDEF placement.
Reading placer database...
Reading XDEF routing.
Read XDEF File: Time (s): cpu = 00:00:07 ; elapsed = 00:00:07 . Memory (MB): peak = 8814.488 ; gain = 125.547 ; free physical = 49580 ; free virtual = 91727
Restored from archive | CPU: 7.380000 secs | Memory: 158.428383 MB |
Finished XDEF File Restore: Time (s): cpu = 00:00:07 ; elapsed = 00:00:07 . Memory (MB): peak = 8814.488 ; gain = 125.547 ; free physical = 49580 ; free virtual = 91727
Netlist sorting complete. Time (s): cpu = 00:00:00.01 ; elapsed = 00:00:00.01 . Memory (MB): peak = 8814.488 ; gain = 0.000 ; free physical = 49708 ; free virtual = 91854
INFO: [Project 1-111] Unisim Transformation Summary:
No Unisim elements were transformed.

open_run: Time (s): cpu = 00:01:05 ; elapsed = 00:01:05 . Memory (MB): peak = 8986.125 ; gain = 1912.805 ; free physical = 49512 ; free virtual = 91659
open_report: Time (s): cpu = 00:00:43 ; elapsed = 00:00:10 . Memory (MB): peak = 9526.438 ; gain = 472.277 ; free physical = 48815 ; free virtual = 90962
close_design
open_run synth_1 -name synth_1
Design is defaulting to impl run constrset: constrs_1
Design is defaulting to synth run part: xc7vx690tffg1927-2
INFO: [Project 1-454] Reading design checkpoint '/home/sergo/cms-phase2-muon-trigger/projects/dnn_emtf_displayed/hdl/emtf/usrclk_mmcm/usrclk_mmcm.dcp' for cell 'usrclk_mmcm_'
INFO: [Project 1-454] Reading design checkpoint '/home/sergo/cms-phase2-muon-trigger/projects/dnn_emtf_displayed/hdl/emtf/ctoc_ififo/ctoc_ififo.dcp' for cell 'ctoc/ctoc_ififo_'
INFO: [Project 1-454] Reading design checkpoint '/home/sergo/cms-phase2-muon-trigger/projects/dnn_emtf_displayed/hdl/emtf/ctoc_mmcm_in/ctoc_mmcm_in.dcp' for cell 'ctoc/ctoc_mmcm_in_'
INFO: [Project 1-454] Reading design checkpoint '/home/sergo/cms-phase2-muon-trigger/projects/dnn_emtf_displayed/hdl/emtf/ctoc_mmcm/ctoc_mmcm.dcp' for cell 'ctoc/ctoc_mmcm_out'
INFO: [Project 1-454] Reading design checkpoint '/home/sergo/cms-phase2-muon-trigger/projects/dnn_emtf_displayed/hdl/emtf/inject_mem_64/inject_mem_64.dcp' for cell 'imem/im64_0'
INFO: [Project 1-454] Reading design checkpoint '/home/sergo/cms-phase2-muon-trigger/projects/dnn_emtf_displayed/top/top.srcs/sources_1/ip/eleven2two_lut/eleven2two_lut.dcp' for cell 'my_test_algo/my_11_2_lut'
INFO: [Project 1-454] Reading design checkpoint '/home/sergo/cms-phase2-muon-trigger/projects/dnn_emtf_displayed/top/top.srcs/sources_1/ip/eleven2nine_lut/eleven2nine_lut.dcp' for cell 'my_test_algo/my_11_9_lut'
INFO: [Project 1-454] Reading design checkpoint '/home/sergo/cms-phase2-muon-trigger/projects/dnn_emtf_displayed/cgn/blk_mem_gen_0/blk_mem_gen_0.dcp' for cell 'my_test_algo/my_bram_label'
INFO: [Netlist 29-17] Analyzing 10553 Unisim elements for replacement
INFO: [Netlist 29-28] Unisim Transformation completed in 0 CPU seconds
INFO: [Project 1-479] Netlist was created with Vivado 2019.1
INFO: [Project 1-570] Preparing netlist for logic optimization
Parsing XDC File [/home/sergo/cms-phase2-muon-trigger/projects/dnn_emtf_displayed/hdl/emtf/ctoc_mmcm/ctoc_mmcm_board.xdc] for cell 'ctoc/ctoc_mmcm_out/inst'
Finished Parsing XDC File [/home/sergo/cms-phase2-muon-trigger/projects/dnn_emtf_displayed/hdl/emtf/ctoc_mmcm/ctoc_mmcm_board.xdc] for cell 'ctoc/ctoc_mmcm_out/inst'
Parsing XDC File [/home/sergo/cms-phase2-muon-trigger/projects/dnn_emtf_displayed/hdl/emtf/ctoc_mmcm/ctoc_mmcm.xdc] for cell 'ctoc/ctoc_mmcm_out/inst'
Finished Parsing XDC File [/home/sergo/cms-phase2-muon-trigger/projects/dnn_emtf_displayed/hdl/emtf/ctoc_mmcm/ctoc_mmcm.xdc] for cell 'ctoc/ctoc_mmcm_out/inst'
Parsing XDC File [/home/sergo/cms-phase2-muon-trigger/projects/dnn_emtf_displayed/hdl/emtf/usrclk_mmcm/usrclk_mmcm_board.xdc] for cell 'usrclk_mmcm_/inst'
Finished Parsing XDC File [/home/sergo/cms-phase2-muon-trigger/projects/dnn_emtf_displayed/hdl/emtf/usrclk_mmcm/usrclk_mmcm_board.xdc] for cell 'usrclk_mmcm_/inst'
Parsing XDC File [/home/sergo/cms-phase2-muon-trigger/projects/dnn_emtf_displayed/hdl/emtf/usrclk_mmcm/usrclk_mmcm.xdc] for cell 'usrclk_mmcm_/inst'
Finished Parsing XDC File [/home/sergo/cms-phase2-muon-trigger/projects/dnn_emtf_displayed/hdl/emtf/usrclk_mmcm/usrclk_mmcm.xdc] for cell 'usrclk_mmcm_/inst'
Parsing XDC File [/home/sergo/cms-phase2-muon-trigger/projects/dnn_emtf_displayed/hdl/emtf/ctoc_ififo/ctoc_ififo.xdc] for cell 'ctoc/ctoc_ififo_/U0'
Finished Parsing XDC File [/home/sergo/cms-phase2-muon-trigger/projects/dnn_emtf_displayed/hdl/emtf/ctoc_ififo/ctoc_ififo.xdc] for cell 'ctoc/ctoc_ififo_/U0'
Parsing XDC File [/home/sergo/cms-phase2-muon-trigger/projects/dnn_emtf_displayed/hdl/emtf/ctoc_mmcm_in/ctoc_mmcm_in_board.xdc] for cell 'ctoc/ctoc_mmcm_in_/inst'
Finished Parsing XDC File [/home/sergo/cms-phase2-muon-trigger/projects/dnn_emtf_displayed/hdl/emtf/ctoc_mmcm_in/ctoc_mmcm_in_board.xdc] for cell 'ctoc/ctoc_mmcm_in_/inst'
Parsing XDC File [/home/sergo/cms-phase2-muon-trigger/projects/dnn_emtf_displayed/hdl/emtf/ctoc_mmcm_in/ctoc_mmcm_in.xdc] for cell 'ctoc/ctoc_mmcm_in_/inst'
Finished Parsing XDC File [/home/sergo/cms-phase2-muon-trigger/projects/dnn_emtf_displayed/hdl/emtf/ctoc_mmcm_in/ctoc_mmcm_in.xdc] for cell 'ctoc/ctoc_mmcm_in_/inst'
Parsing XDC File [/home/sergo/cms-phase2-muon-trigger/projects/dnn_emtf_displayed/hdl/emtf/mtf7_core_impl.xdc]
INFO: [Timing 38-35] Done setting XDC timing constraints. [/home/sergo/cms-phase2-muon-trigger/projects/dnn_emtf_displayed/hdl/emtf/mtf7_core_impl.xdc:60]
INFO: [Timing 38-2] Deriving generated clocks [/home/sergo/cms-phase2-muon-trigger/projects/dnn_emtf_displayed/hdl/emtf/mtf7_core_impl.xdc:60]
get_clocks: Time (s): cpu = 00:00:37 ; elapsed = 00:00:07 . Memory (MB): peak = 9606.816 ; gain = 34.016 ; free physical = 49005 ; free virtual = 91152
Finished Parsing XDC File [/home/sergo/cms-phase2-muon-trigger/projects/dnn_emtf_displayed/hdl/emtf/mtf7_core_impl.xdc]
Parsing XDC File [/home/sergo/cms-phase2-muon-trigger/projects/dnn_emtf_displayed/hdl/emtf/mtf7_core_synth.xdc]
WARNING: [Constraints 18-619] A clock with name 'pcie_clk' already exists, overwriting the previous clock with the same name. [/home/sergo/cms-phase2-muon-trigger/projects/dnn_emtf_displayed/hdl/emtf/mtf7_core_synth.xdc:1]
WARNING: [Constraints 18-619] A clock with name 'ext_clk_in' already exists, overwriting the previous clock with the same name. [/home/sergo/cms-phase2-muon-trigger/projects/dnn_emtf_displayed/hdl/emtf/mtf7_core_synth.xdc:3]
WARNING: [Constraints 18-619] A clock with name 'clk40_in_p' already exists, overwriting the previous clock with the same name. [/home/sergo/cms-phase2-muon-trigger/projects/dnn_emtf_displayed/hdl/emtf/mtf7_core_synth.xdc:5]
Finished Parsing XDC File [/home/sergo/cms-phase2-muon-trigger/projects/dnn_emtf_displayed/hdl/emtf/mtf7_core_synth.xdc]
Parsing XDC File [/home/sergo/cms-phase2-muon-trigger/projects/dnn_emtf_displayed/hdl/emtf/ctoc_mmcm/ctoc_mmcm_late.xdc] for cell 'ctoc/ctoc_mmcm_out/inst'
Finished Parsing XDC File [/home/sergo/cms-phase2-muon-trigger/projects/dnn_emtf_displayed/hdl/emtf/ctoc_mmcm/ctoc_mmcm_late.xdc] for cell 'ctoc/ctoc_mmcm_out/inst'
Parsing XDC File [/home/sergo/cms-phase2-muon-trigger/projects/dnn_emtf_displayed/hdl/emtf/usrclk_mmcm/usrclk_mmcm_late.xdc] for cell 'usrclk_mmcm_/inst'
Finished Parsing XDC File [/home/sergo/cms-phase2-muon-trigger/projects/dnn_emtf_displayed/hdl/emtf/usrclk_mmcm/usrclk_mmcm_late.xdc] for cell 'usrclk_mmcm_/inst'
Parsing XDC File [/home/sergo/cms-phase2-muon-trigger/projects/dnn_emtf_displayed/hdl/emtf/ctoc_ififo/ctoc_ififo_clocks.xdc] for cell 'ctoc/ctoc_ififo_/U0'
Finished Parsing XDC File [/home/sergo/cms-phase2-muon-trigger/projects/dnn_emtf_displayed/hdl/emtf/ctoc_ififo/ctoc_ififo_clocks.xdc] for cell 'ctoc/ctoc_ififo_/U0'
Parsing XDC File [/home/sergo/cms-phase2-muon-trigger/projects/dnn_emtf_displayed/hdl/emtf/ctoc_mmcm_in/ctoc_mmcm_in_late.xdc] for cell 'ctoc/ctoc_mmcm_in_/inst'
Finished Parsing XDC File [/home/sergo/cms-phase2-muon-trigger/projects/dnn_emtf_displayed/hdl/emtf/ctoc_mmcm_in/ctoc_mmcm_in_late.xdc] for cell 'ctoc/ctoc_mmcm_in_/inst'
INFO: [Opt 31-138] Pushed 0 inverter(s) to 0 load pin(s).
Netlist sorting complete. Time (s): cpu = 00:00:00.02 ; elapsed = 00:00:00.01 . Memory (MB): peak = 9606.816 ; gain = 0.000 ; free physical = 49218 ; free virtual = 91365
INFO: [Project 1-111] Unisim Transformation Summary:
No Unisim elements were transformed.

open_run: Time (s): cpu = 00:01:11 ; elapsed = 00:00:48 . Memory (MB): peak = 9611.820 ; gain = 39.020 ; free physical = 49117 ; free virtual = 91264
report_utilization -name utilization_1
report_utilization: Time (s): cpu = 00:00:26 ; elapsed = 00:00:08 . Memory (MB): peak = 9841.926 ; gain = 0.000 ; free physical = 48975 ; free virtual = 91122
open_run impl_1
INFO: [Netlist 29-17] Analyzing 10549 Unisim elements for replacement
INFO: [Netlist 29-28] Unisim Transformation completed in 0 CPU seconds
INFO: [Project 1-479] Netlist was created with Vivado 2019.1
INFO: [Project 1-570] Preparing netlist for logic optimization
INFO: [Timing 38-478] Restoring timing data from binary archive.
INFO: [Timing 38-479] Binary timing data restore complete.
INFO: [Project 1-856] Restoring constraints from binary archive.
INFO: [Project 1-853] Binary constraint restore complete.
Reading XDEF placement.
Reading placer database...
Reading XDEF routing.
Read XDEF File: Time (s): cpu = 00:00:08 ; elapsed = 00:00:07 . Memory (MB): peak = 9841.926 ; gain = 0.000 ; free physical = 48566 ; free virtual = 90714
Restored from archive | CPU: 8.010000 secs | Memory: 155.356567 MB |
Finished XDEF File Restore: Time (s): cpu = 00:00:08 ; elapsed = 00:00:07 . Memory (MB): peak = 9841.926 ; gain = 0.000 ; free physical = 48566 ; free virtual = 90714
Netlist sorting complete. Time (s): cpu = 00:00:00.01 ; elapsed = 00:00:00.01 . Memory (MB): peak = 9841.926 ; gain = 0.000 ; free physical = 48558 ; free virtual = 90705
INFO: [Project 1-111] Unisim Transformation Summary:
No Unisim elements were transformed.

open_run: Time (s): cpu = 00:01:06 ; elapsed = 00:00:56 . Memory (MB): peak = 10448.273 ; gain = 606.348 ; free physical = 47943 ; free virtual = 90090
open_report: Time (s): cpu = 00:00:20 ; elapsed = 00:00:09 . Memory (MB): peak = 10517.180 ; gain = 40.008 ; free physical = 47917 ; free virtual = 90064
report_utilization -name utilization_1
report_utilization: Time (s): cpu = 00:00:36 ; elapsed = 00:00:11 . Memory (MB): peak = 10619.039 ; gain = 97.703 ; free physical = 47592 ; free virtual = 89740
reset_run synth_1
launch_runs synth_1 -jobs 16
[Mon May 10 23:28:46 2021] Launched synth_1...
Run output will be captured here: /home/sergo/cms-phase2-muon-trigger/projects/dnn_emtf_displayed/top/top.runs/synth_1/runme.log
CRITICAL WARNING: [Common 17-1649] The Vivado message database '/home/sergo/cms-phase2-muon-trigger/projects/dnn_emtf_displayed/top/top.runs/synth_1/vivado.pb' contains 43333 messages. Restoring all messages from this message database will impact Vivado performance, so only WARNING, CRITICAL WARNING, and ERROR messages will be restored. To restore all messages from this file use the tcl command 'set_param messaging.loadPbLimit 43334' and re-open the project.
launch_runs impl_1 -jobs 16
WARNING: [Project 1-478] Design 'synth_1' is stale and will not be used when launching 'impl_1'
[Mon May 10 23:34:44 2021] Launched impl_1...
Run output will be captured here: /home/sergo/cms-phase2-muon-trigger/projects/dnn_emtf_displayed/top/top.runs/impl_1/runme.log
refresh_design
INFO: [Netlist 29-17] Analyzing 10549 Unisim elements for replacement
INFO: [Netlist 29-28] Unisim Transformation completed in 0 CPU seconds
INFO: [Project 1-479] Netlist was created with Vivado 2019.1
INFO: [Project 1-570] Preparing netlist for logic optimization
INFO: [Timing 38-478] Restoring timing data from binary archive.
INFO: [Timing 38-479] Binary timing data restore complete.
INFO: [Project 1-856] Restoring constraints from binary archive.
INFO: [Project 1-853] Binary constraint restore complete.
Reading XDEF placement.
Reading placer database...
Reading XDEF routing.
Read XDEF File: Time (s): cpu = 00:00:07 ; elapsed = 00:00:06 . Memory (MB): peak = 10838.363 ; gain = 0.000 ; free physical = 48628 ; free virtual = 90777
Restored from archive | CPU: 6.760000 secs | Memory: 158.480865 MB |
Finished XDEF File Restore: Time (s): cpu = 00:00:07 ; elapsed = 00:00:06 . Memory (MB): peak = 10838.363 ; gain = 0.000 ; free physical = 48628 ; free virtual = 90777
refresh_design: Time (s): cpu = 00:00:41 ; elapsed = 00:00:48 . Memory (MB): peak = 10845.375 ; gain = 74.145 ; free physical = 48612 ; free virtual = 90762
open_report: Time (s): cpu = 00:00:37 ; elapsed = 00:00:09 . Memory (MB): peak = 11067.477 ; gain = 161.070 ; free physical = 47980 ; free virtual = 90129
