#-----------------------------------------------------------
# Vivado v2020.1 (64-bit)
# SW Build 2902540 on Wed May 27 19:54:35 MDT 2020
# IP Build 2902112 on Wed May 27 22:43:36 MDT 2020
# Start of session at: Thu Sep 29 18:35:55 2022
# Process ID: 68544
# Current directory: /home/sergo/cms-phase2-muon-trigger/projects/dnn_emtf_displayed
# Command line: vivado
# Log file: /home/sergo/cms-phase2-muon-trigger/projects/dnn_emtf_displayed/vivado.log
# Journal file: /home/sergo/cms-phase2-muon-trigger/projects/dnn_emtf_displayed/vivado.jou
#-----------------------------------------------------------
start_gui
open_project /home/sergo/cms-phase2-muon-trigger/projects/dnn_emtf_displayed/top/top.xpr
Scanning sources...
Finished scanning sources
WARNING: [filemgmt 56-3] IP Repository Path: Could not find the directory '/home/sergo/cms-phase2-muon-trigger/projects/dnn_emtf_displayed/user_ip_repo'.
INFO: [IP_Flow 19-234] Refreshing IP repositories
WARNING: [IP_Flow 19-2248] Failed to load user IP repository '/home/sergo/cms-phase2-muon-trigger/projects/dnn_emtf_displayed/user_ip_repo'; Can't find the specified path.
If this directory should no longer be in your list of user repositories, go to the IP Settings dialog and remove it.
INFO: [IP_Flow 19-2313] Loaded Vivado IP repository '/data/Xilinx/Vivado/2020.1/data/ip'.
WARNING: [IP_Flow 19-3899] Cannot get the environment domain name variable for the component vendor name. Setting the vendor name to 'user.org'.
open_project: Time (s): cpu = 00:00:31 ; elapsed = 00:00:15 . Memory (MB): peak = 7231.445 ; gain = 31.035 ; free physical = 78128 ; free virtual = 148143
reset_run synth_1
launch_runs synth_1 -jobs 16
[Thu Sep 29 18:37:45 2022] Launched synth_1...
Run output will be captured here: /home/sergo/cms-phase2-muon-trigger/projects/dnn_emtf_displayed/top/top.runs/synth_1/runme.log
reset_run synth_1
launch_runs synth_1 -jobs 16
[Thu Sep 29 18:40:33 2022] Launched synth_1...
Run output will be captured here: /home/sergo/cms-phase2-muon-trigger/projects/dnn_emtf_displayed/top/top.runs/synth_1/runme.log
