#-----------------------------------------------------------
# Vivado v2020.1 (64-bit)
# SW Build 2902540 on Wed May 27 19:54:35 MDT 2020
# IP Build 2902112 on Wed May 27 22:43:36 MDT 2020
# Start of session at: Tue Nov 15 21:25:38 2022
# Process ID: 87474
# Current directory: /home/sergo/cms-phase2-muon-trigger/projects/dnn_emtf_displayed
# Command line: vivado
# Log file: /home/sergo/cms-phase2-muon-trigger/projects/dnn_emtf_displayed/vivado.log
# Journal file: /home/sergo/cms-phase2-muon-trigger/projects/dnn_emtf_displayed/vivado.jou
#-----------------------------------------------------------
start_gui
open_project /home/sergo/cms-phase2-muon-trigger/projects/dnn_emtf_displayed/top/top.xpr
Scanning sources...
Finished scanning sources
WARNING: [filemgmt 56-3] IP Repository Path: Could not find the directory '/home/sergo/cms-phase2-muon-trigger/projects/dnn_emtf_displayed/user_ip_repo'.
INFO: [IP_Flow 19-234] Refreshing IP repositories
WARNING: [IP_Flow 19-2248] Failed to load user IP repository '/home/sergo/cms-phase2-muon-trigger/projects/dnn_emtf_displayed/user_ip_repo'; Can't find the specified path.
If this directory should no longer be in your list of user repositories, go to the IP Settings dialog and remove it.
INFO: [IP_Flow 19-2313] Loaded Vivado IP repository '/data/Xilinx/Vivado/2020.1/data/ip'.
WARNING: [IP_Flow 19-3899] Cannot get the environment domain name variable for the component vendor name. Setting the vendor name to 'user.org'.
open_project: Time (s): cpu = 00:00:22 ; elapsed = 00:00:13 . Memory (MB): peak = 7249.258 ; gain = 31.035 ; free physical = 55777 ; free virtual = 122152
launch_simulation
Command: launch_simulation 
INFO: [Vivado 12-5698] Checking validity of IPs in the design for the 'XSim' simulator...
INFO: [Vivado 12-5682] Launching behavioral simulation in '/home/sergo/cms-phase2-muon-trigger/projects/dnn_emtf_displayed/top/top.sim/sim_1/behav/xsim'
INFO: [Vivado 12-4795] Using compiled simulation libraries for IPs
INFO: [SIM-utils-51] Simulation object is 'sim_1'
INFO: [USF-XSim-7] Finding pre-compiled libraries...
INFO: [USF-XSim-11] File '/data/Xilinx/Vivado/2020.1/data/xsim/xsim.ini' copied to run dir:'/home/sergo/cms-phase2-muon-trigger/projects/dnn_emtf_displayed/top/top.sim/sim_1/behav/xsim'
INFO: [SIM-utils-54] Inspecting design source files for 'top_tb' in fileset 'sim_1'...
INFO: [SIM-utils-43] Exported '/home/sergo/cms-phase2-muon-trigger/projects/dnn_emtf_displayed/top/top.sim/sim_1/behav/xsim/blk_mem_gen_0.mif'
INFO: [SIM-utils-43] Exported '/home/sergo/cms-phase2-muon-trigger/projects/dnn_emtf_displayed/top/top.sim/sim_1/behav/xsim/coe_i39_30_25_20.coe'
INFO: [SIM-utils-43] Exported '/home/sergo/cms-phase2-muon-trigger/projects/dnn_emtf_displayed/top/top.sim/sim_1/behav/xsim/eleven2nine_lut.mif'
INFO: [SIM-utils-43] Exported '/home/sergo/cms-phase2-muon-trigger/projects/dnn_emtf_displayed/top/top.sim/sim_1/behav/xsim/conv11to8.coe'
INFO: [SIM-utils-43] Exported '/home/sergo/cms-phase2-muon-trigger/projects/dnn_emtf_displayed/top/top.sim/sim_1/behav/xsim/eleven2two_lut.mif'
INFO: [SIM-utils-43] Exported '/home/sergo/cms-phase2-muon-trigger/projects/dnn_emtf_displayed/top/top.sim/sim_1/behav/xsim/conv11to2.coe'
INFO: [SIM-utils-43] Exported '/home/sergo/cms-phase2-muon-trigger/projects/dnn_emtf_displayed/top/top.sim/sim_1/behav/xsim/my_coe.coe'
INFO: [SIM-utils-43] Exported '/home/sergo/cms-phase2-muon-trigger/projects/dnn_emtf_displayed/top/top.sim/sim_1/behav/xsim/my_coe_10mu.coe'
INFO: [SIM-utils-43] Exported '/home/sergo/cms-phase2-muon-trigger/projects/dnn_emtf_displayed/top/top.sim/sim_1/behav/xsim/my_coe_10mu_Nov13.coe'
INFO: [SIM-utils-43] Exported '/home/sergo/cms-phase2-muon-trigger/projects/dnn_emtf_displayed/top/top.sim/sim_1/behav/xsim/conv11to8.coe'
INFO: [SIM-utils-43] Exported '/home/sergo/cms-phase2-muon-trigger/projects/dnn_emtf_displayed/top/top.sim/sim_1/behav/xsim/conv11to2.coe'
INFO: [SIM-utils-43] Exported '/home/sergo/cms-phase2-muon-trigger/projects/dnn_emtf_displayed/top/top.sim/sim_1/behav/xsim/data1.dat'
INFO: [SIM-utils-43] Exported '/home/sergo/cms-phase2-muon-trigger/projects/dnn_emtf_displayed/top/top.sim/sim_1/behav/xsim/data1.dat'
INFO: [USF-XSim-97] Finding global include files...
INFO: [USF-XSim-100] Fetching design files from 'sources_1'...(this may take a while)...
INFO: [USF-XSim-101] Fetching design files from 'sim_1'...
INFO: [USF-XSim-2] XSim::Compile design
INFO: [USF-XSim-61] Executing 'COMPILE and ANALYZE' step in '/home/sergo/cms-phase2-muon-trigger/projects/dnn_emtf_displayed/top/top.sim/sim_1/behav/xsim'
xvlog --incr --relax -prj top_tb_vlog.prj
xvhdl --incr --relax -prj top_tb_vhdl.prj
INFO: [VRFC 10-163] Analyzing VHDL file "/home/sergo/cms-phase2-muon-trigger/projects/dnn_emtf_displayed/top/top.srcs/sim_1/new/emtfnn_tb.vhd" into library xil_defaultlib
INFO: [VRFC 10-3107] analyzing entity 'top_tb'
ERROR: [VRFC 10-2989] 'text' is not declared [/home/sergo/cms-phase2-muon-trigger/projects/dnn_emtf_displayed/top/top.srcs/sim_1/new/emtfnn_tb.vhd:41]
ERROR: [VRFC 10-4982] syntax error near 'variable' [/home/sergo/cms-phase2-muon-trigger/projects/dnn_emtf_displayed/top/top.srcs/sim_1/new/emtfnn_tb.vhd:80]
ERROR: [VRFC 10-2989] 'line' is not declared [/home/sergo/cms-phase2-muon-trigger/projects/dnn_emtf_displayed/top/top.srcs/sim_1/new/emtfnn_tb.vhd:80]
ERROR: [VRFC 10-4982] syntax error near 'variable' [/home/sergo/cms-phase2-muon-trigger/projects/dnn_emtf_displayed/top/top.srcs/sim_1/new/emtfnn_tb.vhd:81]
ERROR: [VRFC 10-4982] syntax error near 'begin' [/home/sergo/cms-phase2-muon-trigger/projects/dnn_emtf_displayed/top/top.srcs/sim_1/new/emtfnn_tb.vhd:139]
ERROR: [VRFC 10-2989] 'file_open' is not declared [/home/sergo/cms-phase2-muon-trigger/projects/dnn_emtf_displayed/top/top.srcs/sim_1/new/emtfnn_tb.vhd:141]
ERROR: [VRFC 10-4982] syntax error near 'while' [/home/sergo/cms-phase2-muon-trigger/projects/dnn_emtf_displayed/top/top.srcs/sim_1/new/emtfnn_tb.vhd:142]
ERROR: [VRFC 10-2989] 'readline' is not declared [/home/sergo/cms-phase2-muon-trigger/projects/dnn_emtf_displayed/top/top.srcs/sim_1/new/emtfnn_tb.vhd:143]
ERROR: [VRFC 10-2989] 'read' is not declared [/home/sergo/cms-phase2-muon-trigger/projects/dnn_emtf_displayed/top/top.srcs/sim_1/new/emtfnn_tb.vhd:144]
ERROR: [VRFC 10-2989] 'col1' is not declared [/home/sergo/cms-phase2-muon-trigger/projects/dnn_emtf_displayed/top/top.srcs/sim_1/new/emtfnn_tb.vhd:146]
ERROR: [VRFC 10-2989] 'col1' is not declared [/home/sergo/cms-phase2-muon-trigger/projects/dnn_emtf_displayed/top/top.srcs/sim_1/new/emtfnn_tb.vhd:147]
ERROR: [VRFC 10-2989] 'col1' is not declared [/home/sergo/cms-phase2-muon-trigger/projects/dnn_emtf_displayed/top/top.srcs/sim_1/new/emtfnn_tb.vhd:148]
ERROR: [VRFC 10-2989] 'col1' is not declared [/home/sergo/cms-phase2-muon-trigger/projects/dnn_emtf_displayed/top/top.srcs/sim_1/new/emtfnn_tb.vhd:149]
ERROR: [VRFC 10-2989] 'col1' is not declared [/home/sergo/cms-phase2-muon-trigger/projects/dnn_emtf_displayed/top/top.srcs/sim_1/new/emtfnn_tb.vhd:150]
ERROR: [VRFC 10-2989] 'col1' is not declared [/home/sergo/cms-phase2-muon-trigger/projects/dnn_emtf_displayed/top/top.srcs/sim_1/new/emtfnn_tb.vhd:151]
ERROR: [VRFC 10-2989] 'col1' is not declared [/home/sergo/cms-phase2-muon-trigger/projects/dnn_emtf_displayed/top/top.srcs/sim_1/new/emtfnn_tb.vhd:152]
ERROR: [VRFC 10-2989] 'col1' is not declared [/home/sergo/cms-phase2-muon-trigger/projects/dnn_emtf_displayed/top/top.srcs/sim_1/new/emtfnn_tb.vhd:153]
ERROR: [VRFC 10-2989] 'col1' is not declared [/home/sergo/cms-phase2-muon-trigger/projects/dnn_emtf_displayed/top/top.srcs/sim_1/new/emtfnn_tb.vhd:154]
ERROR: [VRFC 10-2989] 'col1' is not declared [/home/sergo/cms-phase2-muon-trigger/projects/dnn_emtf_displayed/top/top.srcs/sim_1/new/emtfnn_tb.vhd:155]
INFO: [#UNDEF] Sorry, too many errors..
INFO: [USF-XSim-69] 'compile' step finished in '3' seconds
INFO: [USF-XSim-99] Step results log file:'/home/sergo/cms-phase2-muon-trigger/projects/dnn_emtf_displayed/top/top.sim/sim_1/behav/xsim/xvhdl.log'
ERROR: [USF-XSim-62] 'compile' step failed with error(s). Please check the Tcl console output or '/home/sergo/cms-phase2-muon-trigger/projects/dnn_emtf_displayed/top/top.sim/sim_1/behav/xsim/xvhdl.log' file for more information.
ERROR: [Vivado 12-4473] Detected error while running simulation. Please correct the issue and retry this operation.
ERROR: [Common 17-39] 'launch_simulation' failed due to earlier errors.
launch_simulation
Command: launch_simulation 
INFO: [Vivado 12-5698] Checking validity of IPs in the design for the 'XSim' simulator...
INFO: [Vivado 12-5682] Launching behavioral simulation in '/home/sergo/cms-phase2-muon-trigger/projects/dnn_emtf_displayed/top/top.sim/sim_1/behav/xsim'
INFO: [Vivado 12-4795] Using compiled simulation libraries for IPs
INFO: [SIM-utils-51] Simulation object is 'sim_1'
INFO: [USF-XSim-7] Finding pre-compiled libraries...
INFO: [USF-XSim-11] File '/data/Xilinx/Vivado/2020.1/data/xsim/xsim.ini' copied to run dir:'/home/sergo/cms-phase2-muon-trigger/projects/dnn_emtf_displayed/top/top.sim/sim_1/behav/xsim'
INFO: [SIM-utils-54] Inspecting design source files for 'top_tb' in fileset 'sim_1'...
INFO: [SIM-utils-43] Exported '/home/sergo/cms-phase2-muon-trigger/projects/dnn_emtf_displayed/top/top.sim/sim_1/behav/xsim/blk_mem_gen_0.mif'
INFO: [SIM-utils-43] Exported '/home/sergo/cms-phase2-muon-trigger/projects/dnn_emtf_displayed/top/top.sim/sim_1/behav/xsim/coe_i39_30_25_20.coe'
INFO: [SIM-utils-43] Exported '/home/sergo/cms-phase2-muon-trigger/projects/dnn_emtf_displayed/top/top.sim/sim_1/behav/xsim/eleven2nine_lut.mif'
INFO: [SIM-utils-43] Exported '/home/sergo/cms-phase2-muon-trigger/projects/dnn_emtf_displayed/top/top.sim/sim_1/behav/xsim/conv11to8.coe'
INFO: [SIM-utils-43] Exported '/home/sergo/cms-phase2-muon-trigger/projects/dnn_emtf_displayed/top/top.sim/sim_1/behav/xsim/eleven2two_lut.mif'
INFO: [SIM-utils-43] Exported '/home/sergo/cms-phase2-muon-trigger/projects/dnn_emtf_displayed/top/top.sim/sim_1/behav/xsim/conv11to2.coe'
INFO: [SIM-utils-43] Exported '/home/sergo/cms-phase2-muon-trigger/projects/dnn_emtf_displayed/top/top.sim/sim_1/behav/xsim/my_coe.coe'
INFO: [SIM-utils-43] Exported '/home/sergo/cms-phase2-muon-trigger/projects/dnn_emtf_displayed/top/top.sim/sim_1/behav/xsim/my_coe_10mu.coe'
INFO: [SIM-utils-43] Exported '/home/sergo/cms-phase2-muon-trigger/projects/dnn_emtf_displayed/top/top.sim/sim_1/behav/xsim/my_coe_10mu_Nov13.coe'
INFO: [SIM-utils-43] Exported '/home/sergo/cms-phase2-muon-trigger/projects/dnn_emtf_displayed/top/top.sim/sim_1/behav/xsim/conv11to8.coe'
INFO: [SIM-utils-43] Exported '/home/sergo/cms-phase2-muon-trigger/projects/dnn_emtf_displayed/top/top.sim/sim_1/behav/xsim/conv11to2.coe'
INFO: [SIM-utils-43] Exported '/home/sergo/cms-phase2-muon-trigger/projects/dnn_emtf_displayed/top/top.sim/sim_1/behav/xsim/data1.dat'
INFO: [SIM-utils-43] Exported '/home/sergo/cms-phase2-muon-trigger/projects/dnn_emtf_displayed/top/top.sim/sim_1/behav/xsim/data1.dat'
INFO: [USF-XSim-97] Finding global include files...
INFO: [USF-XSim-100] Fetching design files from 'sources_1'...(this may take a while)...
INFO: [USF-XSim-101] Fetching design files from 'sim_1'...
INFO: [USF-XSim-2] XSim::Compile design
INFO: [USF-XSim-61] Executing 'COMPILE and ANALYZE' step in '/home/sergo/cms-phase2-muon-trigger/projects/dnn_emtf_displayed/top/top.sim/sim_1/behav/xsim'
xvlog --incr --relax -prj top_tb_vlog.prj
xvhdl --incr --relax -prj top_tb_vhdl.prj
INFO: [VRFC 10-163] Analyzing VHDL file "/home/sergo/cms-phase2-muon-trigger/projects/dnn_emtf_displayed/top/top.srcs/sim_1/new/emtfnn_tb.vhd" into library xil_defaultlib
INFO: [VRFC 10-3107] analyzing entity 'top_tb'
ERROR: [VRFC 10-2989] 'text' is not declared [/home/sergo/cms-phase2-muon-trigger/projects/dnn_emtf_displayed/top/top.srcs/sim_1/new/emtfnn_tb.vhd:41]
ERROR: [VRFC 10-1551] variable outside of subprogram or process must be 'shared' [/home/sergo/cms-phase2-muon-trigger/projects/dnn_emtf_displayed/top/top.srcs/sim_1/new/emtfnn_tb.vhd:42]
ERROR: [VRFC 10-2989] 'line' is not declared [/home/sergo/cms-phase2-muon-trigger/projects/dnn_emtf_displayed/top/top.srcs/sim_1/new/emtfnn_tb.vhd:42]
ERROR: [VRFC 10-1551] variable outside of subprogram or process must be 'shared' [/home/sergo/cms-phase2-muon-trigger/projects/dnn_emtf_displayed/top/top.srcs/sim_1/new/emtfnn_tb.vhd:43]
ERROR: [VRFC 10-4982] syntax error near 'begin' [/home/sergo/cms-phase2-muon-trigger/projects/dnn_emtf_displayed/top/top.srcs/sim_1/new/emtfnn_tb.vhd:138]
ERROR: [VRFC 10-2989] 'file_open' is not declared [/home/sergo/cms-phase2-muon-trigger/projects/dnn_emtf_displayed/top/top.srcs/sim_1/new/emtfnn_tb.vhd:140]
ERROR: [VRFC 10-4982] syntax error near 'while' [/home/sergo/cms-phase2-muon-trigger/projects/dnn_emtf_displayed/top/top.srcs/sim_1/new/emtfnn_tb.vhd:141]
ERROR: [VRFC 10-2989] 'readline' is not declared [/home/sergo/cms-phase2-muon-trigger/projects/dnn_emtf_displayed/top/top.srcs/sim_1/new/emtfnn_tb.vhd:142]
ERROR: [VRFC 10-2989] 'read' is not declared [/home/sergo/cms-phase2-muon-trigger/projects/dnn_emtf_displayed/top/top.srcs/sim_1/new/emtfnn_tb.vhd:143]
ERROR: [VRFC 10-4982] syntax error near 'wait' [/home/sergo/cms-phase2-muon-trigger/projects/dnn_emtf_displayed/top/top.srcs/sim_1/new/emtfnn_tb.vhd:175]
ERROR: [VRFC 10-1471] type error near ns ; current type time; expected type  void [/home/sergo/cms-phase2-muon-trigger/projects/dnn_emtf_displayed/top/top.srcs/sim_1/new/emtfnn_tb.vhd:175]
ERROR: [VRFC 10-4982] syntax error near 'loop' [/home/sergo/cms-phase2-muon-trigger/projects/dnn_emtf_displayed/top/top.srcs/sim_1/new/emtfnn_tb.vhd:176]
ERROR: [VRFC 10-2989] 'file_close' is not declared [/home/sergo/cms-phase2-muon-trigger/projects/dnn_emtf_displayed/top/top.srcs/sim_1/new/emtfnn_tb.vhd:178]
ERROR: [VRFC 10-4982] syntax error near 'wait' [/home/sergo/cms-phase2-muon-trigger/projects/dnn_emtf_displayed/top/top.srcs/sim_1/new/emtfnn_tb.vhd:179]
INFO: [VRFC 10-3070] VHDL file '/home/sergo/cms-phase2-muon-trigger/projects/dnn_emtf_displayed/top/top.srcs/sim_1/new/emtfnn_tb.vhd' ignored due to errors
INFO: [USF-XSim-69] 'compile' step finished in '3' seconds
INFO: [USF-XSim-99] Step results log file:'/home/sergo/cms-phase2-muon-trigger/projects/dnn_emtf_displayed/top/top.sim/sim_1/behav/xsim/xvhdl.log'
ERROR: [USF-XSim-62] 'compile' step failed with error(s). Please check the Tcl console output or '/home/sergo/cms-phase2-muon-trigger/projects/dnn_emtf_displayed/top/top.sim/sim_1/behav/xsim/xvhdl.log' file for more information.
ERROR: [Vivado 12-4473] Detected error while running simulation. Please correct the issue and retry this operation.
ERROR: [Common 17-39] 'launch_simulation' failed due to earlier errors.
launch_simulation
Command: launch_simulation 
INFO: [Vivado 12-5698] Checking validity of IPs in the design for the 'XSim' simulator...
INFO: [Vivado 12-5682] Launching behavioral simulation in '/home/sergo/cms-phase2-muon-trigger/projects/dnn_emtf_displayed/top/top.sim/sim_1/behav/xsim'
INFO: [Vivado 12-4795] Using compiled simulation libraries for IPs
INFO: [SIM-utils-51] Simulation object is 'sim_1'
INFO: [USF-XSim-7] Finding pre-compiled libraries...
INFO: [USF-XSim-11] File '/data/Xilinx/Vivado/2020.1/data/xsim/xsim.ini' copied to run dir:'/home/sergo/cms-phase2-muon-trigger/projects/dnn_emtf_displayed/top/top.sim/sim_1/behav/xsim'
INFO: [SIM-utils-54] Inspecting design source files for 'top_tb' in fileset 'sim_1'...
INFO: [SIM-utils-43] Exported '/home/sergo/cms-phase2-muon-trigger/projects/dnn_emtf_displayed/top/top.sim/sim_1/behav/xsim/blk_mem_gen_0.mif'
INFO: [SIM-utils-43] Exported '/home/sergo/cms-phase2-muon-trigger/projects/dnn_emtf_displayed/top/top.sim/sim_1/behav/xsim/coe_i39_30_25_20.coe'
INFO: [SIM-utils-43] Exported '/home/sergo/cms-phase2-muon-trigger/projects/dnn_emtf_displayed/top/top.sim/sim_1/behav/xsim/eleven2nine_lut.mif'
INFO: [SIM-utils-43] Exported '/home/sergo/cms-phase2-muon-trigger/projects/dnn_emtf_displayed/top/top.sim/sim_1/behav/xsim/conv11to8.coe'
INFO: [SIM-utils-43] Exported '/home/sergo/cms-phase2-muon-trigger/projects/dnn_emtf_displayed/top/top.sim/sim_1/behav/xsim/eleven2two_lut.mif'
INFO: [SIM-utils-43] Exported '/home/sergo/cms-phase2-muon-trigger/projects/dnn_emtf_displayed/top/top.sim/sim_1/behav/xsim/conv11to2.coe'
INFO: [SIM-utils-43] Exported '/home/sergo/cms-phase2-muon-trigger/projects/dnn_emtf_displayed/top/top.sim/sim_1/behav/xsim/my_coe.coe'
INFO: [SIM-utils-43] Exported '/home/sergo/cms-phase2-muon-trigger/projects/dnn_emtf_displayed/top/top.sim/sim_1/behav/xsim/my_coe_10mu.coe'
INFO: [SIM-utils-43] Exported '/home/sergo/cms-phase2-muon-trigger/projects/dnn_emtf_displayed/top/top.sim/sim_1/behav/xsim/my_coe_10mu_Nov13.coe'
INFO: [SIM-utils-43] Exported '/home/sergo/cms-phase2-muon-trigger/projects/dnn_emtf_displayed/top/top.sim/sim_1/behav/xsim/conv11to8.coe'
INFO: [SIM-utils-43] Exported '/home/sergo/cms-phase2-muon-trigger/projects/dnn_emtf_displayed/top/top.sim/sim_1/behav/xsim/conv11to2.coe'
INFO: [SIM-utils-43] Exported '/home/sergo/cms-phase2-muon-trigger/projects/dnn_emtf_displayed/top/top.sim/sim_1/behav/xsim/data1.dat'
INFO: [SIM-utils-43] Exported '/home/sergo/cms-phase2-muon-trigger/projects/dnn_emtf_displayed/top/top.sim/sim_1/behav/xsim/data1.dat'
INFO: [USF-XSim-97] Finding global include files...
INFO: [USF-XSim-100] Fetching design files from 'sources_1'...(this may take a while)...
INFO: [USF-XSim-101] Fetching design files from 'sim_1'...
INFO: [USF-XSim-2] XSim::Compile design
INFO: [USF-XSim-61] Executing 'COMPILE and ANALYZE' step in '/home/sergo/cms-phase2-muon-trigger/projects/dnn_emtf_displayed/top/top.sim/sim_1/behav/xsim'
xvlog --incr --relax -prj top_tb_vlog.prj
xvhdl --incr --relax -prj top_tb_vhdl.prj
INFO: [VRFC 10-163] Analyzing VHDL file "/home/sergo/cms-phase2-muon-trigger/projects/dnn_emtf_displayed/top/top.srcs/sim_1/new/emtfnn_tb.vhd" into library xil_defaultlib
INFO: [VRFC 10-3107] analyzing entity 'top_tb'
ERROR: [VRFC 10-4982] syntax error near ';' [/home/sergo/cms-phase2-muon-trigger/projects/dnn_emtf_displayed/top/top.srcs/sim_1/new/emtfnn_tb.vhd:41]
ERROR: [VRFC 10-2586] FILE declaration must have a subtype indication that is a file type [/home/sergo/cms-phase2-muon-trigger/projects/dnn_emtf_displayed/top/top.srcs/sim_1/new/emtfnn_tb.vhd:41]
ERROR: [VRFC 10-4982] syntax error near 'begin' [/home/sergo/cms-phase2-muon-trigger/projects/dnn_emtf_displayed/top/top.srcs/sim_1/new/emtfnn_tb.vhd:138]
ERROR: [VRFC 10-2989] 'file_open' is not declared [/home/sergo/cms-phase2-muon-trigger/projects/dnn_emtf_displayed/top/top.srcs/sim_1/new/emtfnn_tb.vhd:140]
ERROR: [VRFC 10-4982] syntax error near 'while' [/home/sergo/cms-phase2-muon-trigger/projects/dnn_emtf_displayed/top/top.srcs/sim_1/new/emtfnn_tb.vhd:141]
ERROR: [VRFC 10-2989] 'readline' is not declared [/home/sergo/cms-phase2-muon-trigger/projects/dnn_emtf_displayed/top/top.srcs/sim_1/new/emtfnn_tb.vhd:142]
ERROR: [VRFC 10-2989] 'read' is not declared [/home/sergo/cms-phase2-muon-trigger/projects/dnn_emtf_displayed/top/top.srcs/sim_1/new/emtfnn_tb.vhd:143]
ERROR: [VRFC 10-2942] 'col1' is illegal in an expression [/home/sergo/cms-phase2-muon-trigger/projects/dnn_emtf_displayed/top/top.srcs/sim_1/new/emtfnn_tb.vhd:145]
ERROR: [VRFC 10-2942] 'col1' is illegal in an expression [/home/sergo/cms-phase2-muon-trigger/projects/dnn_emtf_displayed/top/top.srcs/sim_1/new/emtfnn_tb.vhd:146]
ERROR: [VRFC 10-2942] 'col1' is illegal in an expression [/home/sergo/cms-phase2-muon-trigger/projects/dnn_emtf_displayed/top/top.srcs/sim_1/new/emtfnn_tb.vhd:147]
ERROR: [VRFC 10-2942] 'col1' is illegal in an expression [/home/sergo/cms-phase2-muon-trigger/projects/dnn_emtf_displayed/top/top.srcs/sim_1/new/emtfnn_tb.vhd:148]
ERROR: [VRFC 10-2942] 'col1' is illegal in an expression [/home/sergo/cms-phase2-muon-trigger/projects/dnn_emtf_displayed/top/top.srcs/sim_1/new/emtfnn_tb.vhd:149]
ERROR: [VRFC 10-2942] 'col1' is illegal in an expression [/home/sergo/cms-phase2-muon-trigger/projects/dnn_emtf_displayed/top/top.srcs/sim_1/new/emtfnn_tb.vhd:150]
ERROR: [VRFC 10-2942] 'col1' is illegal in an expression [/home/sergo/cms-phase2-muon-trigger/projects/dnn_emtf_displayed/top/top.srcs/sim_1/new/emtfnn_tb.vhd:151]
ERROR: [VRFC 10-2942] 'col1' is illegal in an expression [/home/sergo/cms-phase2-muon-trigger/projects/dnn_emtf_displayed/top/top.srcs/sim_1/new/emtfnn_tb.vhd:152]
ERROR: [VRFC 10-2942] 'col1' is illegal in an expression [/home/sergo/cms-phase2-muon-trigger/projects/dnn_emtf_displayed/top/top.srcs/sim_1/new/emtfnn_tb.vhd:153]
ERROR: [VRFC 10-2942] 'col1' is illegal in an expression [/home/sergo/cms-phase2-muon-trigger/projects/dnn_emtf_displayed/top/top.srcs/sim_1/new/emtfnn_tb.vhd:154]
ERROR: [VRFC 10-2942] 'col1' is illegal in an expression [/home/sergo/cms-phase2-muon-trigger/projects/dnn_emtf_displayed/top/top.srcs/sim_1/new/emtfnn_tb.vhd:155]
ERROR: [VRFC 10-2942] 'col1' is illegal in an expression [/home/sergo/cms-phase2-muon-trigger/projects/dnn_emtf_displayed/top/top.srcs/sim_1/new/emtfnn_tb.vhd:156]
INFO: [#UNDEF] Sorry, too many errors..
INFO: [USF-XSim-69] 'compile' step finished in '3' seconds
INFO: [USF-XSim-99] Step results log file:'/home/sergo/cms-phase2-muon-trigger/projects/dnn_emtf_displayed/top/top.sim/sim_1/behav/xsim/xvhdl.log'
ERROR: [USF-XSim-62] 'compile' step failed with error(s). Please check the Tcl console output or '/home/sergo/cms-phase2-muon-trigger/projects/dnn_emtf_displayed/top/top.sim/sim_1/behav/xsim/xvhdl.log' file for more information.
ERROR: [Vivado 12-4473] Detected error while running simulation. Please correct the issue and retry this operation.
ERROR: [Common 17-39] 'launch_simulation' failed due to earlier errors.
launch_simulation
Command: launch_simulation 
INFO: [Vivado 12-5698] Checking validity of IPs in the design for the 'XSim' simulator...
INFO: [Vivado 12-5682] Launching behavioral simulation in '/home/sergo/cms-phase2-muon-trigger/projects/dnn_emtf_displayed/top/top.sim/sim_1/behav/xsim'
INFO: [Vivado 12-4795] Using compiled simulation libraries for IPs
INFO: [SIM-utils-51] Simulation object is 'sim_1'
INFO: [USF-XSim-7] Finding pre-compiled libraries...
INFO: [USF-XSim-11] File '/data/Xilinx/Vivado/2020.1/data/xsim/xsim.ini' copied to run dir:'/home/sergo/cms-phase2-muon-trigger/projects/dnn_emtf_displayed/top/top.sim/sim_1/behav/xsim'
INFO: [SIM-utils-54] Inspecting design source files for 'top_tb' in fileset 'sim_1'...
INFO: [SIM-utils-43] Exported '/home/sergo/cms-phase2-muon-trigger/projects/dnn_emtf_displayed/top/top.sim/sim_1/behav/xsim/blk_mem_gen_0.mif'
INFO: [SIM-utils-43] Exported '/home/sergo/cms-phase2-muon-trigger/projects/dnn_emtf_displayed/top/top.sim/sim_1/behav/xsim/coe_i39_30_25_20.coe'
INFO: [SIM-utils-43] Exported '/home/sergo/cms-phase2-muon-trigger/projects/dnn_emtf_displayed/top/top.sim/sim_1/behav/xsim/eleven2nine_lut.mif'
INFO: [SIM-utils-43] Exported '/home/sergo/cms-phase2-muon-trigger/projects/dnn_emtf_displayed/top/top.sim/sim_1/behav/xsim/conv11to8.coe'
INFO: [SIM-utils-43] Exported '/home/sergo/cms-phase2-muon-trigger/projects/dnn_emtf_displayed/top/top.sim/sim_1/behav/xsim/eleven2two_lut.mif'
INFO: [SIM-utils-43] Exported '/home/sergo/cms-phase2-muon-trigger/projects/dnn_emtf_displayed/top/top.sim/sim_1/behav/xsim/conv11to2.coe'
INFO: [SIM-utils-43] Exported '/home/sergo/cms-phase2-muon-trigger/projects/dnn_emtf_displayed/top/top.sim/sim_1/behav/xsim/my_coe.coe'
INFO: [SIM-utils-43] Exported '/home/sergo/cms-phase2-muon-trigger/projects/dnn_emtf_displayed/top/top.sim/sim_1/behav/xsim/my_coe_10mu.coe'
INFO: [SIM-utils-43] Exported '/home/sergo/cms-phase2-muon-trigger/projects/dnn_emtf_displayed/top/top.sim/sim_1/behav/xsim/my_coe_10mu_Nov13.coe'
INFO: [SIM-utils-43] Exported '/home/sergo/cms-phase2-muon-trigger/projects/dnn_emtf_displayed/top/top.sim/sim_1/behav/xsim/conv11to8.coe'
INFO: [SIM-utils-43] Exported '/home/sergo/cms-phase2-muon-trigger/projects/dnn_emtf_displayed/top/top.sim/sim_1/behav/xsim/conv11to2.coe'
INFO: [SIM-utils-43] Exported '/home/sergo/cms-phase2-muon-trigger/projects/dnn_emtf_displayed/top/top.sim/sim_1/behav/xsim/data1.dat'
INFO: [SIM-utils-43] Exported '/home/sergo/cms-phase2-muon-trigger/projects/dnn_emtf_displayed/top/top.sim/sim_1/behav/xsim/data1.dat'
INFO: [USF-XSim-97] Finding global include files...
INFO: [USF-XSim-100] Fetching design files from 'sources_1'...(this may take a while)...
INFO: [USF-XSim-101] Fetching design files from 'sim_1'...
INFO: [USF-XSim-2] XSim::Compile design
INFO: [USF-XSim-61] Executing 'COMPILE and ANALYZE' step in '/home/sergo/cms-phase2-muon-trigger/projects/dnn_emtf_displayed/top/top.sim/sim_1/behav/xsim'
xvlog --incr --relax -prj top_tb_vlog.prj
xvhdl --incr --relax -prj top_tb_vhdl.prj
INFO: [VRFC 10-163] Analyzing VHDL file "/home/sergo/cms-phase2-muon-trigger/projects/dnn_emtf_displayed/top/top.srcs/sim_1/new/emtfnn_tb.vhd" into library xil_defaultlib
INFO: [VRFC 10-3107] analyzing entity 'top_tb'
ERROR: [VRFC 10-1551] variable outside of subprogram or process must be 'shared' [/home/sergo/cms-phase2-muon-trigger/projects/dnn_emtf_displayed/top/top.srcs/sim_1/new/emtfnn_tb.vhd:44]
ERROR: [VRFC 10-1551] variable outside of subprogram or process must be 'shared' [/home/sergo/cms-phase2-muon-trigger/projects/dnn_emtf_displayed/top/top.srcs/sim_1/new/emtfnn_tb.vhd:45]
ERROR: [VRFC 10-4982] syntax error near 'begin' [/home/sergo/cms-phase2-muon-trigger/projects/dnn_emtf_displayed/top/top.srcs/sim_1/new/emtfnn_tb.vhd:140]
ERROR: [VRFC 10-4982] syntax error near 'while' [/home/sergo/cms-phase2-muon-trigger/projects/dnn_emtf_displayed/top/top.srcs/sim_1/new/emtfnn_tb.vhd:143]
ERROR: [VRFC 10-4982] syntax error near 'wait' [/home/sergo/cms-phase2-muon-trigger/projects/dnn_emtf_displayed/top/top.srcs/sim_1/new/emtfnn_tb.vhd:177]
ERROR: [VRFC 10-1471] type error near ns ; current type time; expected type  void [/home/sergo/cms-phase2-muon-trigger/projects/dnn_emtf_displayed/top/top.srcs/sim_1/new/emtfnn_tb.vhd:177]
ERROR: [VRFC 10-4982] syntax error near 'loop' [/home/sergo/cms-phase2-muon-trigger/projects/dnn_emtf_displayed/top/top.srcs/sim_1/new/emtfnn_tb.vhd:178]
ERROR: [VRFC 10-4982] syntax error near 'wait' [/home/sergo/cms-phase2-muon-trigger/projects/dnn_emtf_displayed/top/top.srcs/sim_1/new/emtfnn_tb.vhd:181]
INFO: [VRFC 10-3070] VHDL file '/home/sergo/cms-phase2-muon-trigger/projects/dnn_emtf_displayed/top/top.srcs/sim_1/new/emtfnn_tb.vhd' ignored due to errors
INFO: [USF-XSim-69] 'compile' step finished in '3' seconds
INFO: [USF-XSim-99] Step results log file:'/home/sergo/cms-phase2-muon-trigger/projects/dnn_emtf_displayed/top/top.sim/sim_1/behav/xsim/xvhdl.log'
ERROR: [USF-XSim-62] 'compile' step failed with error(s). Please check the Tcl console output or '/home/sergo/cms-phase2-muon-trigger/projects/dnn_emtf_displayed/top/top.sim/sim_1/behav/xsim/xvhdl.log' file for more information.
ERROR: [Vivado 12-4473] Detected error while running simulation. Please correct the issue and retry this operation.
ERROR: [Common 17-39] 'launch_simulation' failed due to earlier errors.
launch_simulation
Command: launch_simulation 
INFO: [Vivado 12-5698] Checking validity of IPs in the design for the 'XSim' simulator...
INFO: [Vivado 12-5682] Launching behavioral simulation in '/home/sergo/cms-phase2-muon-trigger/projects/dnn_emtf_displayed/top/top.sim/sim_1/behav/xsim'
INFO: [Vivado 12-4795] Using compiled simulation libraries for IPs
INFO: [SIM-utils-51] Simulation object is 'sim_1'
INFO: [USF-XSim-7] Finding pre-compiled libraries...
INFO: [USF-XSim-11] File '/data/Xilinx/Vivado/2020.1/data/xsim/xsim.ini' copied to run dir:'/home/sergo/cms-phase2-muon-trigger/projects/dnn_emtf_displayed/top/top.sim/sim_1/behav/xsim'
INFO: [SIM-utils-54] Inspecting design source files for 'top_tb' in fileset 'sim_1'...
INFO: [SIM-utils-43] Exported '/home/sergo/cms-phase2-muon-trigger/projects/dnn_emtf_displayed/top/top.sim/sim_1/behav/xsim/blk_mem_gen_0.mif'
INFO: [SIM-utils-43] Exported '/home/sergo/cms-phase2-muon-trigger/projects/dnn_emtf_displayed/top/top.sim/sim_1/behav/xsim/coe_i39_30_25_20.coe'
INFO: [SIM-utils-43] Exported '/home/sergo/cms-phase2-muon-trigger/projects/dnn_emtf_displayed/top/top.sim/sim_1/behav/xsim/eleven2nine_lut.mif'
INFO: [SIM-utils-43] Exported '/home/sergo/cms-phase2-muon-trigger/projects/dnn_emtf_displayed/top/top.sim/sim_1/behav/xsim/conv11to8.coe'
INFO: [SIM-utils-43] Exported '/home/sergo/cms-phase2-muon-trigger/projects/dnn_emtf_displayed/top/top.sim/sim_1/behav/xsim/eleven2two_lut.mif'
INFO: [SIM-utils-43] Exported '/home/sergo/cms-phase2-muon-trigger/projects/dnn_emtf_displayed/top/top.sim/sim_1/behav/xsim/conv11to2.coe'
INFO: [SIM-utils-43] Exported '/home/sergo/cms-phase2-muon-trigger/projects/dnn_emtf_displayed/top/top.sim/sim_1/behav/xsim/my_coe.coe'
INFO: [SIM-utils-43] Exported '/home/sergo/cms-phase2-muon-trigger/projects/dnn_emtf_displayed/top/top.sim/sim_1/behav/xsim/my_coe_10mu.coe'
INFO: [SIM-utils-43] Exported '/home/sergo/cms-phase2-muon-trigger/projects/dnn_emtf_displayed/top/top.sim/sim_1/behav/xsim/my_coe_10mu_Nov13.coe'
INFO: [SIM-utils-43] Exported '/home/sergo/cms-phase2-muon-trigger/projects/dnn_emtf_displayed/top/top.sim/sim_1/behav/xsim/conv11to8.coe'
INFO: [SIM-utils-43] Exported '/home/sergo/cms-phase2-muon-trigger/projects/dnn_emtf_displayed/top/top.sim/sim_1/behav/xsim/conv11to2.coe'
INFO: [SIM-utils-43] Exported '/home/sergo/cms-phase2-muon-trigger/projects/dnn_emtf_displayed/top/top.sim/sim_1/behav/xsim/data1.dat'
INFO: [SIM-utils-43] Exported '/home/sergo/cms-phase2-muon-trigger/projects/dnn_emtf_displayed/top/top.sim/sim_1/behav/xsim/data1.dat'
INFO: [USF-XSim-97] Finding global include files...
INFO: [USF-XSim-100] Fetching design files from 'sources_1'...(this may take a while)...
INFO: [USF-XSim-101] Fetching design files from 'sim_1'...
INFO: [USF-XSim-2] XSim::Compile design
INFO: [USF-XSim-61] Executing 'COMPILE and ANALYZE' step in '/home/sergo/cms-phase2-muon-trigger/projects/dnn_emtf_displayed/top/top.sim/sim_1/behav/xsim'
xvlog --incr --relax -prj top_tb_vlog.prj
xvhdl --incr --relax -prj top_tb_vhdl.prj
INFO: [VRFC 10-163] Analyzing VHDL file "/home/sergo/cms-phase2-muon-trigger/projects/dnn_emtf_displayed/top/top.srcs/sim_1/new/emtfnn_tb.vhd" into library xil_defaultlib
INFO: [VRFC 10-3107] analyzing entity 'top_tb'
ERROR: [VRFC 10-1551] variable outside of subprogram or process must be 'shared' [/home/sergo/cms-phase2-muon-trigger/projects/dnn_emtf_displayed/top/top.srcs/sim_1/new/emtfnn_tb.vhd:44]
ERROR: [VRFC 10-1551] variable outside of subprogram or process must be 'shared' [/home/sergo/cms-phase2-muon-trigger/projects/dnn_emtf_displayed/top/top.srcs/sim_1/new/emtfnn_tb.vhd:45]
ERROR: [VRFC 10-4982] syntax error near 'begin' [/home/sergo/cms-phase2-muon-trigger/projects/dnn_emtf_displayed/top/top.srcs/sim_1/new/emtfnn_tb.vhd:139]
ERROR: [VRFC 10-4982] syntax error near 'while' [/home/sergo/cms-phase2-muon-trigger/projects/dnn_emtf_displayed/top/top.srcs/sim_1/new/emtfnn_tb.vhd:142]
ERROR: [VRFC 10-4982] syntax error near 'wait' [/home/sergo/cms-phase2-muon-trigger/projects/dnn_emtf_displayed/top/top.srcs/sim_1/new/emtfnn_tb.vhd:176]
ERROR: [VRFC 10-1471] type error near ns ; current type time; expected type  void [/home/sergo/cms-phase2-muon-trigger/projects/dnn_emtf_displayed/top/top.srcs/sim_1/new/emtfnn_tb.vhd:176]
ERROR: [VRFC 10-4982] syntax error near 'loop' [/home/sergo/cms-phase2-muon-trigger/projects/dnn_emtf_displayed/top/top.srcs/sim_1/new/emtfnn_tb.vhd:177]
ERROR: [VRFC 10-4982] syntax error near 'wait' [/home/sergo/cms-phase2-muon-trigger/projects/dnn_emtf_displayed/top/top.srcs/sim_1/new/emtfnn_tb.vhd:180]
INFO: [VRFC 10-3070] VHDL file '/home/sergo/cms-phase2-muon-trigger/projects/dnn_emtf_displayed/top/top.srcs/sim_1/new/emtfnn_tb.vhd' ignored due to errors
INFO: [USF-XSim-69] 'compile' step finished in '3' seconds
INFO: [USF-XSim-99] Step results log file:'/home/sergo/cms-phase2-muon-trigger/projects/dnn_emtf_displayed/top/top.sim/sim_1/behav/xsim/xvhdl.log'
ERROR: [USF-XSim-62] 'compile' step failed with error(s). Please check the Tcl console output or '/home/sergo/cms-phase2-muon-trigger/projects/dnn_emtf_displayed/top/top.sim/sim_1/behav/xsim/xvhdl.log' file for more information.
ERROR: [Vivado 12-4473] Detected error while running simulation. Please correct the issue and retry this operation.
ERROR: [Common 17-39] 'launch_simulation' failed due to earlier errors.
launch_simulation
Command: launch_simulation 
INFO: [Vivado 12-5698] Checking validity of IPs in the design for the 'XSim' simulator...
INFO: [Vivado 12-5682] Launching behavioral simulation in '/home/sergo/cms-phase2-muon-trigger/projects/dnn_emtf_displayed/top/top.sim/sim_1/behav/xsim'
INFO: [Vivado 12-4795] Using compiled simulation libraries for IPs
INFO: [SIM-utils-51] Simulation object is 'sim_1'
INFO: [USF-XSim-7] Finding pre-compiled libraries...
INFO: [USF-XSim-11] File '/data/Xilinx/Vivado/2020.1/data/xsim/xsim.ini' copied to run dir:'/home/sergo/cms-phase2-muon-trigger/projects/dnn_emtf_displayed/top/top.sim/sim_1/behav/xsim'
INFO: [SIM-utils-54] Inspecting design source files for 'top_tb' in fileset 'sim_1'...
INFO: [SIM-utils-43] Exported '/home/sergo/cms-phase2-muon-trigger/projects/dnn_emtf_displayed/top/top.sim/sim_1/behav/xsim/blk_mem_gen_0.mif'
INFO: [SIM-utils-43] Exported '/home/sergo/cms-phase2-muon-trigger/projects/dnn_emtf_displayed/top/top.sim/sim_1/behav/xsim/coe_i39_30_25_20.coe'
INFO: [SIM-utils-43] Exported '/home/sergo/cms-phase2-muon-trigger/projects/dnn_emtf_displayed/top/top.sim/sim_1/behav/xsim/eleven2nine_lut.mif'
INFO: [SIM-utils-43] Exported '/home/sergo/cms-phase2-muon-trigger/projects/dnn_emtf_displayed/top/top.sim/sim_1/behav/xsim/conv11to8.coe'
INFO: [SIM-utils-43] Exported '/home/sergo/cms-phase2-muon-trigger/projects/dnn_emtf_displayed/top/top.sim/sim_1/behav/xsim/eleven2two_lut.mif'
INFO: [SIM-utils-43] Exported '/home/sergo/cms-phase2-muon-trigger/projects/dnn_emtf_displayed/top/top.sim/sim_1/behav/xsim/conv11to2.coe'
INFO: [SIM-utils-43] Exported '/home/sergo/cms-phase2-muon-trigger/projects/dnn_emtf_displayed/top/top.sim/sim_1/behav/xsim/my_coe.coe'
INFO: [SIM-utils-43] Exported '/home/sergo/cms-phase2-muon-trigger/projects/dnn_emtf_displayed/top/top.sim/sim_1/behav/xsim/my_coe_10mu.coe'
INFO: [SIM-utils-43] Exported '/home/sergo/cms-phase2-muon-trigger/projects/dnn_emtf_displayed/top/top.sim/sim_1/behav/xsim/my_coe_10mu_Nov13.coe'
INFO: [SIM-utils-43] Exported '/home/sergo/cms-phase2-muon-trigger/projects/dnn_emtf_displayed/top/top.sim/sim_1/behav/xsim/conv11to8.coe'
INFO: [SIM-utils-43] Exported '/home/sergo/cms-phase2-muon-trigger/projects/dnn_emtf_displayed/top/top.sim/sim_1/behav/xsim/conv11to2.coe'
INFO: [SIM-utils-43] Exported '/home/sergo/cms-phase2-muon-trigger/projects/dnn_emtf_displayed/top/top.sim/sim_1/behav/xsim/data1.dat'
INFO: [SIM-utils-43] Exported '/home/sergo/cms-phase2-muon-trigger/projects/dnn_emtf_displayed/top/top.sim/sim_1/behav/xsim/data1.dat'
INFO: [USF-XSim-97] Finding global include files...
INFO: [USF-XSim-100] Fetching design files from 'sources_1'...(this may take a while)...
INFO: [USF-XSim-101] Fetching design files from 'sim_1'...
INFO: [USF-XSim-2] XSim::Compile design
INFO: [USF-XSim-61] Executing 'COMPILE and ANALYZE' step in '/home/sergo/cms-phase2-muon-trigger/projects/dnn_emtf_displayed/top/top.sim/sim_1/behav/xsim'
xvlog --incr --relax -prj top_tb_vlog.prj
xvhdl --incr --relax -prj top_tb_vhdl.prj
INFO: [VRFC 10-163] Analyzing VHDL file "/home/sergo/cms-phase2-muon-trigger/projects/dnn_emtf_displayed/top/top.srcs/sim_1/new/emtfnn_tb.vhd" into library xil_defaultlib
INFO: [VRFC 10-3107] analyzing entity 'top_tb'
ERROR: [VRFC 10-4982] syntax error near 'variable' [/home/sergo/cms-phase2-muon-trigger/projects/dnn_emtf_displayed/top/top.srcs/sim_1/new/emtfnn_tb.vhd:83]
ERROR: [VRFC 10-1471] type error near line ; current type line; expected type  void [/home/sergo/cms-phase2-muon-trigger/projects/dnn_emtf_displayed/top/top.srcs/sim_1/new/emtfnn_tb.vhd:83]
ERROR: [VRFC 10-4982] syntax error near 'variable' [/home/sergo/cms-phase2-muon-trigger/projects/dnn_emtf_displayed/top/top.srcs/sim_1/new/emtfnn_tb.vhd:84]
ERROR: [VRFC 10-4982] syntax error near 'begin' [/home/sergo/cms-phase2-muon-trigger/projects/dnn_emtf_displayed/top/top.srcs/sim_1/new/emtfnn_tb.vhd:141]
ERROR: [VRFC 10-4982] syntax error near 'while' [/home/sergo/cms-phase2-muon-trigger/projects/dnn_emtf_displayed/top/top.srcs/sim_1/new/emtfnn_tb.vhd:144]
ERROR: [VRFC 10-3763] type error near 'read_col_from_input_buf' ; expected type 'line' [/home/sergo/cms-phase2-muon-trigger/projects/dnn_emtf_displayed/top/top.srcs/sim_1/new/emtfnn_tb.vhd:145]
ERROR: [VRFC 10-275] actual read_col_from_input_buf of formal l must be a variable [/home/sergo/cms-phase2-muon-trigger/projects/dnn_emtf_displayed/top/top.srcs/sim_1/new/emtfnn_tb.vhd:145]
ERROR: [VRFC 10-2942] 'col1' is illegal in an expression [/home/sergo/cms-phase2-muon-trigger/projects/dnn_emtf_displayed/top/top.srcs/sim_1/new/emtfnn_tb.vhd:148]
ERROR: [VRFC 10-2942] 'col1' is illegal in an expression [/home/sergo/cms-phase2-muon-trigger/projects/dnn_emtf_displayed/top/top.srcs/sim_1/new/emtfnn_tb.vhd:149]
ERROR: [VRFC 10-2942] 'col1' is illegal in an expression [/home/sergo/cms-phase2-muon-trigger/projects/dnn_emtf_displayed/top/top.srcs/sim_1/new/emtfnn_tb.vhd:150]
ERROR: [VRFC 10-2942] 'col1' is illegal in an expression [/home/sergo/cms-phase2-muon-trigger/projects/dnn_emtf_displayed/top/top.srcs/sim_1/new/emtfnn_tb.vhd:151]
ERROR: [VRFC 10-2942] 'col1' is illegal in an expression [/home/sergo/cms-phase2-muon-trigger/projects/dnn_emtf_displayed/top/top.srcs/sim_1/new/emtfnn_tb.vhd:152]
ERROR: [VRFC 10-2942] 'col1' is illegal in an expression [/home/sergo/cms-phase2-muon-trigger/projects/dnn_emtf_displayed/top/top.srcs/sim_1/new/emtfnn_tb.vhd:153]
ERROR: [VRFC 10-2942] 'col1' is illegal in an expression [/home/sergo/cms-phase2-muon-trigger/projects/dnn_emtf_displayed/top/top.srcs/sim_1/new/emtfnn_tb.vhd:154]
ERROR: [VRFC 10-2942] 'col1' is illegal in an expression [/home/sergo/cms-phase2-muon-trigger/projects/dnn_emtf_displayed/top/top.srcs/sim_1/new/emtfnn_tb.vhd:155]
ERROR: [VRFC 10-2942] 'col1' is illegal in an expression [/home/sergo/cms-phase2-muon-trigger/projects/dnn_emtf_displayed/top/top.srcs/sim_1/new/emtfnn_tb.vhd:156]
ERROR: [VRFC 10-2942] 'col1' is illegal in an expression [/home/sergo/cms-phase2-muon-trigger/projects/dnn_emtf_displayed/top/top.srcs/sim_1/new/emtfnn_tb.vhd:157]
ERROR: [VRFC 10-2942] 'col1' is illegal in an expression [/home/sergo/cms-phase2-muon-trigger/projects/dnn_emtf_displayed/top/top.srcs/sim_1/new/emtfnn_tb.vhd:158]
ERROR: [VRFC 10-2942] 'col1' is illegal in an expression [/home/sergo/cms-phase2-muon-trigger/projects/dnn_emtf_displayed/top/top.srcs/sim_1/new/emtfnn_tb.vhd:159]
INFO: [#UNDEF] Sorry, too many errors..
INFO: [USF-XSim-69] 'compile' step finished in '2' seconds
INFO: [USF-XSim-99] Step results log file:'/home/sergo/cms-phase2-muon-trigger/projects/dnn_emtf_displayed/top/top.sim/sim_1/behav/xsim/xvhdl.log'
ERROR: [USF-XSim-62] 'compile' step failed with error(s). Please check the Tcl console output or '/home/sergo/cms-phase2-muon-trigger/projects/dnn_emtf_displayed/top/top.sim/sim_1/behav/xsim/xvhdl.log' file for more information.
ERROR: [Vivado 12-4473] Detected error while running simulation. Please correct the issue and retry this operation.
ERROR: [Common 17-39] 'launch_simulation' failed due to earlier errors.
launch_simulation
Command: launch_simulation 
INFO: [Vivado 12-5698] Checking validity of IPs in the design for the 'XSim' simulator...
INFO: [Vivado 12-5682] Launching behavioral simulation in '/home/sergo/cms-phase2-muon-trigger/projects/dnn_emtf_displayed/top/top.sim/sim_1/behav/xsim'
INFO: [Vivado 12-4795] Using compiled simulation libraries for IPs
INFO: [SIM-utils-51] Simulation object is 'sim_1'
INFO: [USF-XSim-7] Finding pre-compiled libraries...
INFO: [USF-XSim-11] File '/data/Xilinx/Vivado/2020.1/data/xsim/xsim.ini' copied to run dir:'/home/sergo/cms-phase2-muon-trigger/projects/dnn_emtf_displayed/top/top.sim/sim_1/behav/xsim'
INFO: [SIM-utils-54] Inspecting design source files for 'top_tb' in fileset 'sim_1'...
INFO: [SIM-utils-43] Exported '/home/sergo/cms-phase2-muon-trigger/projects/dnn_emtf_displayed/top/top.sim/sim_1/behav/xsim/blk_mem_gen_0.mif'
INFO: [SIM-utils-43] Exported '/home/sergo/cms-phase2-muon-trigger/projects/dnn_emtf_displayed/top/top.sim/sim_1/behav/xsim/coe_i39_30_25_20.coe'
INFO: [SIM-utils-43] Exported '/home/sergo/cms-phase2-muon-trigger/projects/dnn_emtf_displayed/top/top.sim/sim_1/behav/xsim/eleven2nine_lut.mif'
INFO: [SIM-utils-43] Exported '/home/sergo/cms-phase2-muon-trigger/projects/dnn_emtf_displayed/top/top.sim/sim_1/behav/xsim/conv11to8.coe'
INFO: [SIM-utils-43] Exported '/home/sergo/cms-phase2-muon-trigger/projects/dnn_emtf_displayed/top/top.sim/sim_1/behav/xsim/eleven2two_lut.mif'
INFO: [SIM-utils-43] Exported '/home/sergo/cms-phase2-muon-trigger/projects/dnn_emtf_displayed/top/top.sim/sim_1/behav/xsim/conv11to2.coe'
INFO: [SIM-utils-43] Exported '/home/sergo/cms-phase2-muon-trigger/projects/dnn_emtf_displayed/top/top.sim/sim_1/behav/xsim/my_coe.coe'
INFO: [SIM-utils-43] Exported '/home/sergo/cms-phase2-muon-trigger/projects/dnn_emtf_displayed/top/top.sim/sim_1/behav/xsim/my_coe_10mu.coe'
INFO: [SIM-utils-43] Exported '/home/sergo/cms-phase2-muon-trigger/projects/dnn_emtf_displayed/top/top.sim/sim_1/behav/xsim/my_coe_10mu_Nov13.coe'
INFO: [SIM-utils-43] Exported '/home/sergo/cms-phase2-muon-trigger/projects/dnn_emtf_displayed/top/top.sim/sim_1/behav/xsim/conv11to8.coe'
INFO: [SIM-utils-43] Exported '/home/sergo/cms-phase2-muon-trigger/projects/dnn_emtf_displayed/top/top.sim/sim_1/behav/xsim/conv11to2.coe'
INFO: [SIM-utils-43] Exported '/home/sergo/cms-phase2-muon-trigger/projects/dnn_emtf_displayed/top/top.sim/sim_1/behav/xsim/data1.dat'
INFO: [SIM-utils-43] Exported '/home/sergo/cms-phase2-muon-trigger/projects/dnn_emtf_displayed/top/top.sim/sim_1/behav/xsim/data1.dat'
INFO: [USF-XSim-97] Finding global include files...
INFO: [USF-XSim-100] Fetching design files from 'sources_1'...(this may take a while)...
INFO: [USF-XSim-101] Fetching design files from 'sim_1'...
INFO: [USF-XSim-2] XSim::Compile design
INFO: [USF-XSim-61] Executing 'COMPILE and ANALYZE' step in '/home/sergo/cms-phase2-muon-trigger/projects/dnn_emtf_displayed/top/top.sim/sim_1/behav/xsim'
xvlog --incr --relax -prj top_tb_vlog.prj
xvhdl --incr --relax -prj top_tb_vhdl.prj
INFO: [VRFC 10-163] Analyzing VHDL file "/home/sergo/cms-phase2-muon-trigger/projects/dnn_emtf_displayed/top/top.srcs/sim_1/new/emtfnn_tb.vhd" into library xil_defaultlib
INFO: [VRFC 10-3107] analyzing entity 'top_tb'
ERROR: [VRFC 10-4982] syntax error near 'variable' [/home/sergo/cms-phase2-muon-trigger/projects/dnn_emtf_displayed/top/top.srcs/sim_1/new/emtfnn_tb.vhd:83]
ERROR: [VRFC 10-1471] type error near line ; current type line; expected type  void [/home/sergo/cms-phase2-muon-trigger/projects/dnn_emtf_displayed/top/top.srcs/sim_1/new/emtfnn_tb.vhd:83]
ERROR: [VRFC 10-4982] syntax error near 'variable' [/home/sergo/cms-phase2-muon-trigger/projects/dnn_emtf_displayed/top/top.srcs/sim_1/new/emtfnn_tb.vhd:84]
ERROR: [VRFC 10-3763] type error near 'read_col_from_input_buf' ; expected type 'line' [/home/sergo/cms-phase2-muon-trigger/projects/dnn_emtf_displayed/top/top.srcs/sim_1/new/emtfnn_tb.vhd:137]
ERROR: [VRFC 10-275] actual read_col_from_input_buf of formal l must be a variable [/home/sergo/cms-phase2-muon-trigger/projects/dnn_emtf_displayed/top/top.srcs/sim_1/new/emtfnn_tb.vhd:137]
ERROR: [VRFC 10-2942] 'col1' is illegal in an expression [/home/sergo/cms-phase2-muon-trigger/projects/dnn_emtf_displayed/top/top.srcs/sim_1/new/emtfnn_tb.vhd:140]
ERROR: [VRFC 10-2942] 'col1' is illegal in an expression [/home/sergo/cms-phase2-muon-trigger/projects/dnn_emtf_displayed/top/top.srcs/sim_1/new/emtfnn_tb.vhd:141]
ERROR: [VRFC 10-2942] 'col1' is illegal in an expression [/home/sergo/cms-phase2-muon-trigger/projects/dnn_emtf_displayed/top/top.srcs/sim_1/new/emtfnn_tb.vhd:142]
ERROR: [VRFC 10-2942] 'col1' is illegal in an expression [/home/sergo/cms-phase2-muon-trigger/projects/dnn_emtf_displayed/top/top.srcs/sim_1/new/emtfnn_tb.vhd:143]
ERROR: [VRFC 10-2942] 'col1' is illegal in an expression [/home/sergo/cms-phase2-muon-trigger/projects/dnn_emtf_displayed/top/top.srcs/sim_1/new/emtfnn_tb.vhd:144]
ERROR: [VRFC 10-2942] 'col1' is illegal in an expression [/home/sergo/cms-phase2-muon-trigger/projects/dnn_emtf_displayed/top/top.srcs/sim_1/new/emtfnn_tb.vhd:145]
ERROR: [VRFC 10-2942] 'col1' is illegal in an expression [/home/sergo/cms-phase2-muon-trigger/projects/dnn_emtf_displayed/top/top.srcs/sim_1/new/emtfnn_tb.vhd:146]
ERROR: [VRFC 10-2942] 'col1' is illegal in an expression [/home/sergo/cms-phase2-muon-trigger/projects/dnn_emtf_displayed/top/top.srcs/sim_1/new/emtfnn_tb.vhd:147]
ERROR: [VRFC 10-2942] 'col1' is illegal in an expression [/home/sergo/cms-phase2-muon-trigger/projects/dnn_emtf_displayed/top/top.srcs/sim_1/new/emtfnn_tb.vhd:148]
ERROR: [VRFC 10-2942] 'col1' is illegal in an expression [/home/sergo/cms-phase2-muon-trigger/projects/dnn_emtf_displayed/top/top.srcs/sim_1/new/emtfnn_tb.vhd:149]
ERROR: [VRFC 10-2942] 'col1' is illegal in an expression [/home/sergo/cms-phase2-muon-trigger/projects/dnn_emtf_displayed/top/top.srcs/sim_1/new/emtfnn_tb.vhd:150]
ERROR: [VRFC 10-2942] 'col1' is illegal in an expression [/home/sergo/cms-phase2-muon-trigger/projects/dnn_emtf_displayed/top/top.srcs/sim_1/new/emtfnn_tb.vhd:151]
ERROR: [VRFC 10-2942] 'col1' is illegal in an expression [/home/sergo/cms-phase2-muon-trigger/projects/dnn_emtf_displayed/top/top.srcs/sim_1/new/emtfnn_tb.vhd:152]
ERROR: [VRFC 10-2942] 'col1' is illegal in an expression [/home/sergo/cms-phase2-muon-trigger/projects/dnn_emtf_displayed/top/top.srcs/sim_1/new/emtfnn_tb.vhd:153]
INFO: [#UNDEF] Sorry, too many errors..
INFO: [USF-XSim-69] 'compile' step finished in '2' seconds
INFO: [USF-XSim-99] Step results log file:'/home/sergo/cms-phase2-muon-trigger/projects/dnn_emtf_displayed/top/top.sim/sim_1/behav/xsim/xvhdl.log'
ERROR: [USF-XSim-62] 'compile' step failed with error(s). Please check the Tcl console output or '/home/sergo/cms-phase2-muon-trigger/projects/dnn_emtf_displayed/top/top.sim/sim_1/behav/xsim/xvhdl.log' file for more information.
ERROR: [Vivado 12-4473] Detected error while running simulation. Please correct the issue and retry this operation.
ERROR: [Common 17-39] 'launch_simulation' failed due to earlier errors.
launch_simulation
Command: launch_simulation 
INFO: [Vivado 12-5698] Checking validity of IPs in the design for the 'XSim' simulator...
INFO: [Vivado 12-5682] Launching behavioral simulation in '/home/sergo/cms-phase2-muon-trigger/projects/dnn_emtf_displayed/top/top.sim/sim_1/behav/xsim'
INFO: [Vivado 12-4795] Using compiled simulation libraries for IPs
INFO: [SIM-utils-51] Simulation object is 'sim_1'
INFO: [USF-XSim-7] Finding pre-compiled libraries...
INFO: [USF-XSim-11] File '/data/Xilinx/Vivado/2020.1/data/xsim/xsim.ini' copied to run dir:'/home/sergo/cms-phase2-muon-trigger/projects/dnn_emtf_displayed/top/top.sim/sim_1/behav/xsim'
INFO: [SIM-utils-54] Inspecting design source files for 'top_tb' in fileset 'sim_1'...
INFO: [SIM-utils-43] Exported '/home/sergo/cms-phase2-muon-trigger/projects/dnn_emtf_displayed/top/top.sim/sim_1/behav/xsim/blk_mem_gen_0.mif'
INFO: [SIM-utils-43] Exported '/home/sergo/cms-phase2-muon-trigger/projects/dnn_emtf_displayed/top/top.sim/sim_1/behav/xsim/coe_i39_30_25_20.coe'
INFO: [SIM-utils-43] Exported '/home/sergo/cms-phase2-muon-trigger/projects/dnn_emtf_displayed/top/top.sim/sim_1/behav/xsim/eleven2nine_lut.mif'
INFO: [SIM-utils-43] Exported '/home/sergo/cms-phase2-muon-trigger/projects/dnn_emtf_displayed/top/top.sim/sim_1/behav/xsim/conv11to8.coe'
INFO: [SIM-utils-43] Exported '/home/sergo/cms-phase2-muon-trigger/projects/dnn_emtf_displayed/top/top.sim/sim_1/behav/xsim/eleven2two_lut.mif'
INFO: [SIM-utils-43] Exported '/home/sergo/cms-phase2-muon-trigger/projects/dnn_emtf_displayed/top/top.sim/sim_1/behav/xsim/conv11to2.coe'
INFO: [SIM-utils-43] Exported '/home/sergo/cms-phase2-muon-trigger/projects/dnn_emtf_displayed/top/top.sim/sim_1/behav/xsim/my_coe.coe'
INFO: [SIM-utils-43] Exported '/home/sergo/cms-phase2-muon-trigger/projects/dnn_emtf_displayed/top/top.sim/sim_1/behav/xsim/my_coe_10mu.coe'
INFO: [SIM-utils-43] Exported '/home/sergo/cms-phase2-muon-trigger/projects/dnn_emtf_displayed/top/top.sim/sim_1/behav/xsim/my_coe_10mu_Nov13.coe'
INFO: [SIM-utils-43] Exported '/home/sergo/cms-phase2-muon-trigger/projects/dnn_emtf_displayed/top/top.sim/sim_1/behav/xsim/conv11to8.coe'
INFO: [SIM-utils-43] Exported '/home/sergo/cms-phase2-muon-trigger/projects/dnn_emtf_displayed/top/top.sim/sim_1/behav/xsim/conv11to2.coe'
INFO: [SIM-utils-43] Exported '/home/sergo/cms-phase2-muon-trigger/projects/dnn_emtf_displayed/top/top.sim/sim_1/behav/xsim/data1.dat'
INFO: [SIM-utils-43] Exported '/home/sergo/cms-phase2-muon-trigger/projects/dnn_emtf_displayed/top/top.sim/sim_1/behav/xsim/data1.dat'
INFO: [USF-XSim-97] Finding global include files...
INFO: [USF-XSim-100] Fetching design files from 'sources_1'...(this may take a while)...
INFO: [USF-XSim-101] Fetching design files from 'sim_1'...
INFO: [USF-XSim-2] XSim::Compile design
INFO: [USF-XSim-61] Executing 'COMPILE and ANALYZE' step in '/home/sergo/cms-phase2-muon-trigger/projects/dnn_emtf_displayed/top/top.sim/sim_1/behav/xsim'
xvlog --incr --relax -prj top_tb_vlog.prj
xvhdl --incr --relax -prj top_tb_vhdl.prj
INFO: [VRFC 10-163] Analyzing VHDL file "/home/sergo/cms-phase2-muon-trigger/projects/dnn_emtf_displayed/top/top.srcs/sim_1/new/emtfnn_tb.vhd" into library xil_defaultlib
INFO: [VRFC 10-3107] analyzing entity 'top_tb'
ERROR: [VRFC 10-4982] syntax error near 'variable' [/home/sergo/cms-phase2-muon-trigger/projects/dnn_emtf_displayed/top/top.srcs/sim_1/new/emtfnn_tb.vhd:83]
ERROR: [VRFC 10-1471] type error near line ; current type line; expected type  void [/home/sergo/cms-phase2-muon-trigger/projects/dnn_emtf_displayed/top/top.srcs/sim_1/new/emtfnn_tb.vhd:83]
ERROR: [VRFC 10-4982] syntax error near 'variable' [/home/sergo/cms-phase2-muon-trigger/projects/dnn_emtf_displayed/top/top.srcs/sim_1/new/emtfnn_tb.vhd:84]
ERROR: [VRFC 10-3763] type error near 'read_col_from_input_buf' ; expected type 'line' [/home/sergo/cms-phase2-muon-trigger/projects/dnn_emtf_displayed/top/top.srcs/sim_1/new/emtfnn_tb.vhd:137]
ERROR: [VRFC 10-275] actual read_col_from_input_buf of formal l must be a variable [/home/sergo/cms-phase2-muon-trigger/projects/dnn_emtf_displayed/top/top.srcs/sim_1/new/emtfnn_tb.vhd:137]
ERROR: [VRFC 10-2942] 'col1' is illegal in an expression [/home/sergo/cms-phase2-muon-trigger/projects/dnn_emtf_displayed/top/top.srcs/sim_1/new/emtfnn_tb.vhd:140]
ERROR: [VRFC 10-2942] 'col1' is illegal in an expression [/home/sergo/cms-phase2-muon-trigger/projects/dnn_emtf_displayed/top/top.srcs/sim_1/new/emtfnn_tb.vhd:141]
ERROR: [VRFC 10-2942] 'col1' is illegal in an expression [/home/sergo/cms-phase2-muon-trigger/projects/dnn_emtf_displayed/top/top.srcs/sim_1/new/emtfnn_tb.vhd:142]
ERROR: [VRFC 10-2942] 'col1' is illegal in an expression [/home/sergo/cms-phase2-muon-trigger/projects/dnn_emtf_displayed/top/top.srcs/sim_1/new/emtfnn_tb.vhd:143]
ERROR: [VRFC 10-2942] 'col1' is illegal in an expression [/home/sergo/cms-phase2-muon-trigger/projects/dnn_emtf_displayed/top/top.srcs/sim_1/new/emtfnn_tb.vhd:144]
ERROR: [VRFC 10-2942] 'col1' is illegal in an expression [/home/sergo/cms-phase2-muon-trigger/projects/dnn_emtf_displayed/top/top.srcs/sim_1/new/emtfnn_tb.vhd:145]
ERROR: [VRFC 10-2942] 'col1' is illegal in an expression [/home/sergo/cms-phase2-muon-trigger/projects/dnn_emtf_displayed/top/top.srcs/sim_1/new/emtfnn_tb.vhd:146]
ERROR: [VRFC 10-2942] 'col1' is illegal in an expression [/home/sergo/cms-phase2-muon-trigger/projects/dnn_emtf_displayed/top/top.srcs/sim_1/new/emtfnn_tb.vhd:147]
ERROR: [VRFC 10-2942] 'col1' is illegal in an expression [/home/sergo/cms-phase2-muon-trigger/projects/dnn_emtf_displayed/top/top.srcs/sim_1/new/emtfnn_tb.vhd:148]
ERROR: [VRFC 10-2942] 'col1' is illegal in an expression [/home/sergo/cms-phase2-muon-trigger/projects/dnn_emtf_displayed/top/top.srcs/sim_1/new/emtfnn_tb.vhd:149]
ERROR: [VRFC 10-2942] 'col1' is illegal in an expression [/home/sergo/cms-phase2-muon-trigger/projects/dnn_emtf_displayed/top/top.srcs/sim_1/new/emtfnn_tb.vhd:150]
ERROR: [VRFC 10-2942] 'col1' is illegal in an expression [/home/sergo/cms-phase2-muon-trigger/projects/dnn_emtf_displayed/top/top.srcs/sim_1/new/emtfnn_tb.vhd:151]
ERROR: [VRFC 10-2942] 'col1' is illegal in an expression [/home/sergo/cms-phase2-muon-trigger/projects/dnn_emtf_displayed/top/top.srcs/sim_1/new/emtfnn_tb.vhd:152]
ERROR: [VRFC 10-2942] 'col1' is illegal in an expression [/home/sergo/cms-phase2-muon-trigger/projects/dnn_emtf_displayed/top/top.srcs/sim_1/new/emtfnn_tb.vhd:153]
INFO: [#UNDEF] Sorry, too many errors..
INFO: [USF-XSim-69] 'compile' step finished in '4' seconds
INFO: [USF-XSim-99] Step results log file:'/home/sergo/cms-phase2-muon-trigger/projects/dnn_emtf_displayed/top/top.sim/sim_1/behav/xsim/xvhdl.log'
ERROR: [USF-XSim-62] 'compile' step failed with error(s). Please check the Tcl console output or '/home/sergo/cms-phase2-muon-trigger/projects/dnn_emtf_displayed/top/top.sim/sim_1/behav/xsim/xvhdl.log' file for more information.
ERROR: [Vivado 12-4473] Detected error while running simulation. Please correct the issue and retry this operation.
ERROR: [Common 17-39] 'launch_simulation' failed due to earlier errors.
launch_simulation
Command: launch_simulation 
INFO: [Vivado 12-5698] Checking validity of IPs in the design for the 'XSim' simulator...
INFO: [Vivado 12-5682] Launching behavioral simulation in '/home/sergo/cms-phase2-muon-trigger/projects/dnn_emtf_displayed/top/top.sim/sim_1/behav/xsim'
INFO: [Vivado 12-4795] Using compiled simulation libraries for IPs
INFO: [SIM-utils-51] Simulation object is 'sim_1'
INFO: [USF-XSim-7] Finding pre-compiled libraries...
INFO: [USF-XSim-11] File '/data/Xilinx/Vivado/2020.1/data/xsim/xsim.ini' copied to run dir:'/home/sergo/cms-phase2-muon-trigger/projects/dnn_emtf_displayed/top/top.sim/sim_1/behav/xsim'
INFO: [SIM-utils-54] Inspecting design source files for 'top_tb' in fileset 'sim_1'...
INFO: [SIM-utils-43] Exported '/home/sergo/cms-phase2-muon-trigger/projects/dnn_emtf_displayed/top/top.sim/sim_1/behav/xsim/blk_mem_gen_0.mif'
INFO: [SIM-utils-43] Exported '/home/sergo/cms-phase2-muon-trigger/projects/dnn_emtf_displayed/top/top.sim/sim_1/behav/xsim/coe_i39_30_25_20.coe'
INFO: [SIM-utils-43] Exported '/home/sergo/cms-phase2-muon-trigger/projects/dnn_emtf_displayed/top/top.sim/sim_1/behav/xsim/eleven2nine_lut.mif'
INFO: [SIM-utils-43] Exported '/home/sergo/cms-phase2-muon-trigger/projects/dnn_emtf_displayed/top/top.sim/sim_1/behav/xsim/conv11to8.coe'
INFO: [SIM-utils-43] Exported '/home/sergo/cms-phase2-muon-trigger/projects/dnn_emtf_displayed/top/top.sim/sim_1/behav/xsim/eleven2two_lut.mif'
INFO: [SIM-utils-43] Exported '/home/sergo/cms-phase2-muon-trigger/projects/dnn_emtf_displayed/top/top.sim/sim_1/behav/xsim/conv11to2.coe'
INFO: [SIM-utils-43] Exported '/home/sergo/cms-phase2-muon-trigger/projects/dnn_emtf_displayed/top/top.sim/sim_1/behav/xsim/my_coe.coe'
INFO: [SIM-utils-43] Exported '/home/sergo/cms-phase2-muon-trigger/projects/dnn_emtf_displayed/top/top.sim/sim_1/behav/xsim/my_coe_10mu.coe'
INFO: [SIM-utils-43] Exported '/home/sergo/cms-phase2-muon-trigger/projects/dnn_emtf_displayed/top/top.sim/sim_1/behav/xsim/my_coe_10mu_Nov13.coe'
INFO: [SIM-utils-43] Exported '/home/sergo/cms-phase2-muon-trigger/projects/dnn_emtf_displayed/top/top.sim/sim_1/behav/xsim/conv11to8.coe'
INFO: [SIM-utils-43] Exported '/home/sergo/cms-phase2-muon-trigger/projects/dnn_emtf_displayed/top/top.sim/sim_1/behav/xsim/conv11to2.coe'
INFO: [SIM-utils-43] Exported '/home/sergo/cms-phase2-muon-trigger/projects/dnn_emtf_displayed/top/top.sim/sim_1/behav/xsim/data1.dat'
INFO: [SIM-utils-43] Exported '/home/sergo/cms-phase2-muon-trigger/projects/dnn_emtf_displayed/top/top.sim/sim_1/behav/xsim/data1.dat'
INFO: [USF-XSim-97] Finding global include files...
INFO: [USF-XSim-100] Fetching design files from 'sources_1'...(this may take a while)...
INFO: [USF-XSim-101] Fetching design files from 'sim_1'...
INFO: [USF-XSim-2] XSim::Compile design
INFO: [USF-XSim-61] Executing 'COMPILE and ANALYZE' step in '/home/sergo/cms-phase2-muon-trigger/projects/dnn_emtf_displayed/top/top.sim/sim_1/behav/xsim'
xvlog --incr --relax -prj top_tb_vlog.prj
xvhdl --incr --relax -prj top_tb_vhdl.prj
INFO: [VRFC 10-163] Analyzing VHDL file "/home/sergo/cms-phase2-muon-trigger/projects/dnn_emtf_displayed/top/top.srcs/sim_1/new/emtfnn_tb.vhd" into library xil_defaultlib
INFO: [VRFC 10-3107] analyzing entity 'top_tb'
INFO: [USF-XSim-69] 'compile' step finished in '3' seconds
INFO: [USF-XSim-3] XSim::Elaborate design
INFO: [USF-XSim-61] Executing 'ELABORATE' step in '/home/sergo/cms-phase2-muon-trigger/projects/dnn_emtf_displayed/top/top.sim/sim_1/behav/xsim'
xelab -wto 6a5e91db9ae84fe7ab347d870930052e --incr --debug typical --relax --mt 8 -L xil_defaultlib -L unisims_ver -L unimacro_ver -L secureip -L xpm --snapshot top_tb_behav xil_defaultlib.top_tb xil_defaultlib.glbl -log elaborate.log
Vivado Simulator 2020.1
Copyright 1986-1999, 2001-2020 Xilinx, Inc. All Rights Reserved.
Running: /data/Xilinx/Vivado/2020.1/bin/unwrapped/lnx64.o/xelab -wto 6a5e91db9ae84fe7ab347d870930052e --incr --debug typical --relax --mt 8 -L xil_defaultlib -L unisims_ver -L unimacro_ver -L secureip -L xpm --snapshot top_tb_behav xil_defaultlib.top_tb xil_defaultlib.glbl -log elaborate.log 
Using 8 slave threads.
Starting static elaboration
Pass Through NonSizing Optimizer
Completed static elaboration
Starting simulation data flow analysis
Completed simulation data flow analysis
Time Resolution for simulation is 1ps
Compiling package std.standard
Compiling package std.textio
Compiling package ieee.std_logic_1164
Compiling package ieee.std_logic_textio
Compiling package ieee.numeric_std
Compiling package ieee.std_logic_arith
Compiling package ieee.std_logic_unsigned
Compiling module xil_defaultlib.glbl
Compiling architecture behav of entity xil_defaultlib.dense_latency_0_0_0_0_0_0_0_0_0_0_0_0_0_0_0_0_0_0_0_0_0 [dense_latency_0_0_0_0_0_0_0_0_0_...]
Compiling architecture behav of entity xil_defaultlib.dense_latency_0_0_0_0_0_0_0_0_0_0_0_0_0_0_0_0 [dense_latency_0_0_0_0_0_0_0_0_0_...]
Compiling architecture rtl of entity xil_defaultlib.tanh_ap_fixed_ap_fixed_24_8_5_3_0_tanh_config6_s_tanh_tabbkb_rom [tanh_ap_fixed_ap_fixed_24_8_5_3_...]
Compiling architecture arch of entity xil_defaultlib.tanh_ap_fixed_ap_fixed_24_8_5_3_0_tanh_config6_s_tanh_tabbkb [tanh_ap_fixed_ap_fixed_24_8_5_3_...]
Compiling architecture behav of entity xil_defaultlib.tanh_ap_fixed_ap_fixed_24_8_5_3_0_tanh_config6_s [tanh_ap_fixed_ap_fixed_24_8_5_3_...]
Compiling architecture rtl of entity xil_defaultlib.tanh_ap_fixed_ap_fixed_24_8_5_3_0_tanh_config10_s_tanh_tacud_rom [tanh_ap_fixed_ap_fixed_24_8_5_3_...]
Compiling architecture arch of entity xil_defaultlib.tanh_ap_fixed_ap_fixed_24_8_5_3_0_tanh_config10_s_tanh_tacud [tanh_ap_fixed_ap_fixed_24_8_5_3_...]
Compiling architecture behav of entity xil_defaultlib.tanh_ap_fixed_ap_fixed_24_8_5_3_0_tanh_config10_s [tanh_ap_fixed_ap_fixed_24_8_5_3_...]
Compiling architecture behav of entity xil_defaultlib.dense_latency_ap_fixed_ap_fixed_config11_0_0_0 [dense_latency_ap_fixed_ap_fixed_...]
Compiling architecture behav of entity xil_defaultlib.normalize_0_0_0_0_0_0_0_0_0_0_0_0_0_0_0_0_0_0_0_0_0_0_0_0_0_s [normalize_0_0_0_0_0_0_0_0_0_0_0_...]
Compiling architecture behav of entity xil_defaultlib.relu_ap_fixed_24_8_5_3_0_ap_uint_8_relu_config12_s [relu_ap_fixed_24_8_5_3_0_ap_uint...]
Compiling architecture behav of entity xil_defaultlib.emtfptnn [emtfptnn_default]
Compiling architecture behavioral of entity xil_defaultlib.top_tb
Built simulation snapshot top_tb_behav
run_program: Time (s): cpu = 00:00:17 ; elapsed = 00:00:10 . Memory (MB): peak = 7480.355 ; gain = 0.000 ; free physical = 55738 ; free virtual = 122118
INFO: [USF-XSim-69] 'elaborate' step finished in '10' seconds
INFO: [USF-XSim-4] XSim::Simulate design
INFO: [USF-XSim-61] Executing 'SIMULATE' step in '/home/sergo/cms-phase2-muon-trigger/projects/dnn_emtf_displayed/top/top.sim/sim_1/behav/xsim'
INFO: [USF-XSim-98] *** Running xsim
   with args "top_tb_behav -key {Behavioral:sim_1:Functional:top_tb} -tclbatch {top_tb.tcl} -view {/home/sergo/cms-phase2-muon-trigger/projects/dnn_emtf_displayed/top/top_tb_behav.wcfg} -log {simulate.log}"
INFO: [USF-XSim-8] Loading simulator feature
Vivado Simulator 2020.1
Time resolution is 1 ps
open_wave_config /home/sergo/cms-phase2-muon-trigger/projects/dnn_emtf_displayed/top/top_tb_behav.wcfg
source top_tb.tcl
# set curr_wave [current_wave_config]
# if { [string length $curr_wave] == 0 } {
#   if { [llength [get_objects]] > 0} {
#     add_wave /
#     set_property needs_save false [current_wave_config]
#   } else {
#      send_msg_id Add_Wave-1 WARNING "No top level signals found. Simulator will start without a wave window. If you want to open a wave window go to 'File->New Waveform Configuration' or type 'create_wave_config' in the TCL console."
#   }
# }
# run 1000ns
ERROR: File read_file_ex.txt is not open. Cannot call endfile on it
Time: 0 ps  Iteration: 0  Process: /top_tb/tb1
  File: /home/sergo/cms-phase2-muon-trigger/projects/dnn_emtf_displayed/top/top.srcs/sim_1/new/emtfnn_tb.vhd

HDL Line: /home/sergo/cms-phase2-muon-trigger/projects/dnn_emtf_displayed/top/top.srcs/sim_1/new/emtfnn_tb.vhd:136
xsim: Time (s): cpu = 00:00:11 ; elapsed = 00:00:12 . Memory (MB): peak = 7666.227 ; gain = 185.871 ; free physical = 55637 ; free virtual = 122018
INFO: [USF-XSim-96] XSim completed. Design snapshot 'top_tb_behav' loaded.
INFO: [USF-XSim-97] XSim simulation ran for 1000ns
launch_simulation: Time (s): cpu = 00:00:31 ; elapsed = 00:00:28 . Memory (MB): peak = 7666.227 ; gain = 185.871 ; free physical = 55637 ; free virtual = 122018
relaunch_sim
Command: launch_simulation -simset sim_1 -mode behavioral
INFO: [Vivado 12-5698] Checking validity of IPs in the design for the 'XSim' simulator...
INFO: [Vivado 12-5682] Launching behavioral simulation in '/home/sergo/cms-phase2-muon-trigger/projects/dnn_emtf_displayed/top/top.sim/sim_1/behav/xsim'
INFO: [Vivado 12-4795] Using compiled simulation libraries for IPs
INFO: [SIM-utils-51] Simulation object is 'sim_1'
INFO: [USF-XSim-7] Finding pre-compiled libraries...
INFO: [USF-XSim-11] File '/data/Xilinx/Vivado/2020.1/data/xsim/xsim.ini' copied to run dir:'/home/sergo/cms-phase2-muon-trigger/projects/dnn_emtf_displayed/top/top.sim/sim_1/behav/xsim'
INFO: [SIM-utils-54] Inspecting design source files for 'top_tb' in fileset 'sim_1'...
INFO: [SIM-utils-43] Exported '/home/sergo/cms-phase2-muon-trigger/projects/dnn_emtf_displayed/top/top.sim/sim_1/behav/xsim/blk_mem_gen_0.mif'
INFO: [SIM-utils-43] Exported '/home/sergo/cms-phase2-muon-trigger/projects/dnn_emtf_displayed/top/top.sim/sim_1/behav/xsim/coe_i39_30_25_20.coe'
INFO: [SIM-utils-43] Exported '/home/sergo/cms-phase2-muon-trigger/projects/dnn_emtf_displayed/top/top.sim/sim_1/behav/xsim/eleven2nine_lut.mif'
INFO: [SIM-utils-43] Exported '/home/sergo/cms-phase2-muon-trigger/projects/dnn_emtf_displayed/top/top.sim/sim_1/behav/xsim/conv11to8.coe'
INFO: [SIM-utils-43] Exported '/home/sergo/cms-phase2-muon-trigger/projects/dnn_emtf_displayed/top/top.sim/sim_1/behav/xsim/eleven2two_lut.mif'
INFO: [SIM-utils-43] Exported '/home/sergo/cms-phase2-muon-trigger/projects/dnn_emtf_displayed/top/top.sim/sim_1/behav/xsim/conv11to2.coe'
INFO: [SIM-utils-43] Exported '/home/sergo/cms-phase2-muon-trigger/projects/dnn_emtf_displayed/top/top.sim/sim_1/behav/xsim/my_coe.coe'
INFO: [SIM-utils-43] Exported '/home/sergo/cms-phase2-muon-trigger/projects/dnn_emtf_displayed/top/top.sim/sim_1/behav/xsim/my_coe_10mu.coe'
INFO: [SIM-utils-43] Exported '/home/sergo/cms-phase2-muon-trigger/projects/dnn_emtf_displayed/top/top.sim/sim_1/behav/xsim/my_coe_10mu_Nov13.coe'
INFO: [SIM-utils-43] Exported '/home/sergo/cms-phase2-muon-trigger/projects/dnn_emtf_displayed/top/top.sim/sim_1/behav/xsim/conv11to8.coe'
INFO: [SIM-utils-43] Exported '/home/sergo/cms-phase2-muon-trigger/projects/dnn_emtf_displayed/top/top.sim/sim_1/behav/xsim/conv11to2.coe'
INFO: [SIM-utils-43] Exported '/home/sergo/cms-phase2-muon-trigger/projects/dnn_emtf_displayed/top/top.sim/sim_1/behav/xsim/data1.dat'
INFO: [SIM-utils-43] Exported '/home/sergo/cms-phase2-muon-trigger/projects/dnn_emtf_displayed/top/top.sim/sim_1/behav/xsim/data1.dat'
INFO: [USF-XSim-97] Finding global include files...
INFO: [USF-XSim-100] Fetching design files from 'sources_1'...(this may take a while)...
INFO: [USF-XSim-101] Fetching design files from 'sim_1'...
INFO: [USF-XSim-2] XSim::Compile design
INFO: [USF-XSim-61] Executing 'COMPILE and ANALYZE' step in '/home/sergo/cms-phase2-muon-trigger/projects/dnn_emtf_displayed/top/top.sim/sim_1/behav/xsim'
xvlog --incr --relax -prj top_tb_vlog.prj
xvhdl --incr --relax -prj top_tb_vhdl.prj
INFO: [USF-XSim-69] 'compile' step finished in '2' seconds
Command: launch_simulation -simset sim_1 -mode behavioral
INFO: [Vivado 12-5698] Checking validity of IPs in the design for the 'XSim' simulator...
INFO: [Vivado 12-5682] Launching behavioral simulation in '/home/sergo/cms-phase2-muon-trigger/projects/dnn_emtf_displayed/top/top.sim/sim_1/behav/xsim'
INFO: [Vivado 12-4795] Using compiled simulation libraries for IPs
INFO: [USF-XSim-3] XSim::Elaborate design
INFO: [USF-XSim-61] Executing 'ELABORATE' step in '/home/sergo/cms-phase2-muon-trigger/projects/dnn_emtf_displayed/top/top.sim/sim_1/behav/xsim'
xelab -wto 6a5e91db9ae84fe7ab347d870930052e --incr --debug typical --relax --mt 8 -L xil_defaultlib -L unisims_ver -L unimacro_ver -L secureip -L xpm --snapshot top_tb_behav xil_defaultlib.top_tb xil_defaultlib.glbl -log elaborate.log
Vivado Simulator 2020.1
Copyright 1986-1999, 2001-2020 Xilinx, Inc. All Rights Reserved.
Running: /data/Xilinx/Vivado/2020.1/bin/unwrapped/lnx64.o/xelab -wto 6a5e91db9ae84fe7ab347d870930052e --incr --debug typical --relax --mt 8 -L xil_defaultlib -L unisims_ver -L unimacro_ver -L secureip -L xpm --snapshot top_tb_behav xil_defaultlib.top_tb xil_defaultlib.glbl -log elaborate.log 
Using 8 slave threads.
Starting static elaboration
Pass Through NonSizing Optimizer
Completed static elaboration
INFO: [XSIM 43-4323] No Change in HDL. Linking previously generated obj files to create kernel
INFO: [USF-XSim-69] 'elaborate' step finished in '1' seconds
Vivado Simulator 2020.1
Time resolution is 1 ps
ERROR: File read_file_ex.txt is not open. Cannot call endfile on it
Time: 0 ps  Iteration: 0  Process: /top_tb/tb1
  File: /home/sergo/cms-phase2-muon-trigger/projects/dnn_emtf_displayed/top/top.srcs/sim_1/new/emtfnn_tb.vhd

HDL Line: /home/sergo/cms-phase2-muon-trigger/projects/dnn_emtf_displayed/top/top.srcs/sim_1/new/emtfnn_tb.vhd:136
relaunch_xsim_kernel: Time (s): cpu = 00:00:00.81 ; elapsed = 00:00:05 . Memory (MB): peak = 7681.359 ; gain = 15.133 ; free physical = 55638 ; free virtual = 122018
relaunch_sim: Time (s): cpu = 00:00:07 ; elapsed = 00:00:12 . Memory (MB): peak = 7681.359 ; gain = 15.133 ; free physical = 55638 ; free virtual = 122018
relaunch_sim
Command: launch_simulation -simset sim_1 -mode behavioral
INFO: [Vivado 12-5698] Checking validity of IPs in the design for the 'XSim' simulator...
INFO: [Vivado 12-5682] Launching behavioral simulation in '/home/sergo/cms-phase2-muon-trigger/projects/dnn_emtf_displayed/top/top.sim/sim_1/behav/xsim'
INFO: [Vivado 12-4795] Using compiled simulation libraries for IPs
INFO: [SIM-utils-51] Simulation object is 'sim_1'
INFO: [USF-XSim-7] Finding pre-compiled libraries...
INFO: [USF-XSim-11] File '/data/Xilinx/Vivado/2020.1/data/xsim/xsim.ini' copied to run dir:'/home/sergo/cms-phase2-muon-trigger/projects/dnn_emtf_displayed/top/top.sim/sim_1/behav/xsim'
INFO: [SIM-utils-54] Inspecting design source files for 'top_tb' in fileset 'sim_1'...
INFO: [SIM-utils-43] Exported '/home/sergo/cms-phase2-muon-trigger/projects/dnn_emtf_displayed/top/top.sim/sim_1/behav/xsim/blk_mem_gen_0.mif'
INFO: [SIM-utils-43] Exported '/home/sergo/cms-phase2-muon-trigger/projects/dnn_emtf_displayed/top/top.sim/sim_1/behav/xsim/coe_i39_30_25_20.coe'
INFO: [SIM-utils-43] Exported '/home/sergo/cms-phase2-muon-trigger/projects/dnn_emtf_displayed/top/top.sim/sim_1/behav/xsim/eleven2nine_lut.mif'
INFO: [SIM-utils-43] Exported '/home/sergo/cms-phase2-muon-trigger/projects/dnn_emtf_displayed/top/top.sim/sim_1/behav/xsim/conv11to8.coe'
INFO: [SIM-utils-43] Exported '/home/sergo/cms-phase2-muon-trigger/projects/dnn_emtf_displayed/top/top.sim/sim_1/behav/xsim/eleven2two_lut.mif'
INFO: [SIM-utils-43] Exported '/home/sergo/cms-phase2-muon-trigger/projects/dnn_emtf_displayed/top/top.sim/sim_1/behav/xsim/conv11to2.coe'
INFO: [SIM-utils-43] Exported '/home/sergo/cms-phase2-muon-trigger/projects/dnn_emtf_displayed/top/top.sim/sim_1/behav/xsim/my_coe.coe'
INFO: [SIM-utils-43] Exported '/home/sergo/cms-phase2-muon-trigger/projects/dnn_emtf_displayed/top/top.sim/sim_1/behav/xsim/my_coe_10mu.coe'
INFO: [SIM-utils-43] Exported '/home/sergo/cms-phase2-muon-trigger/projects/dnn_emtf_displayed/top/top.sim/sim_1/behav/xsim/my_coe_10mu_Nov13.coe'
INFO: [SIM-utils-43] Exported '/home/sergo/cms-phase2-muon-trigger/projects/dnn_emtf_displayed/top/top.sim/sim_1/behav/xsim/conv11to8.coe'
INFO: [SIM-utils-43] Exported '/home/sergo/cms-phase2-muon-trigger/projects/dnn_emtf_displayed/top/top.sim/sim_1/behav/xsim/conv11to2.coe'
INFO: [SIM-utils-43] Exported '/home/sergo/cms-phase2-muon-trigger/projects/dnn_emtf_displayed/top/top.sim/sim_1/behav/xsim/data1.dat'
INFO: [SIM-utils-43] Exported '/home/sergo/cms-phase2-muon-trigger/projects/dnn_emtf_displayed/top/top.sim/sim_1/behav/xsim/data1.dat'
INFO: [USF-XSim-97] Finding global include files...
INFO: [USF-XSim-100] Fetching design files from 'sources_1'...(this may take a while)...
INFO: [USF-XSim-101] Fetching design files from 'sim_1'...
INFO: [USF-XSim-2] XSim::Compile design
INFO: [USF-XSim-61] Executing 'COMPILE and ANALYZE' step in '/home/sergo/cms-phase2-muon-trigger/projects/dnn_emtf_displayed/top/top.sim/sim_1/behav/xsim'
xvlog --incr --relax -prj top_tb_vlog.prj
xvhdl --incr --relax -prj top_tb_vhdl.prj
INFO: [VRFC 10-163] Analyzing VHDL file "/home/sergo/cms-phase2-muon-trigger/projects/dnn_emtf_displayed/top/top.srcs/sim_1/new/emtfnn_tb.vhd" into library xil_defaultlib
INFO: [VRFC 10-3107] analyzing entity 'top_tb'
INFO: [USF-XSim-69] 'compile' step finished in '3' seconds
Command: launch_simulation -simset sim_1 -mode behavioral
INFO: [Vivado 12-5698] Checking validity of IPs in the design for the 'XSim' simulator...
INFO: [Vivado 12-5682] Launching behavioral simulation in '/home/sergo/cms-phase2-muon-trigger/projects/dnn_emtf_displayed/top/top.sim/sim_1/behav/xsim'
INFO: [Vivado 12-4795] Using compiled simulation libraries for IPs
INFO: [USF-XSim-3] XSim::Elaborate design
INFO: [USF-XSim-61] Executing 'ELABORATE' step in '/home/sergo/cms-phase2-muon-trigger/projects/dnn_emtf_displayed/top/top.sim/sim_1/behav/xsim'
xelab -wto 6a5e91db9ae84fe7ab347d870930052e --incr --debug typical --relax --mt 8 -L xil_defaultlib -L unisims_ver -L unimacro_ver -L secureip -L xpm --snapshot top_tb_behav xil_defaultlib.top_tb xil_defaultlib.glbl -log elaborate.log
Vivado Simulator 2020.1
Copyright 1986-1999, 2001-2020 Xilinx, Inc. All Rights Reserved.
Running: /data/Xilinx/Vivado/2020.1/bin/unwrapped/lnx64.o/xelab -wto 6a5e91db9ae84fe7ab347d870930052e --incr --debug typical --relax --mt 8 -L xil_defaultlib -L unisims_ver -L unimacro_ver -L secureip -L xpm --snapshot top_tb_behav xil_defaultlib.top_tb xil_defaultlib.glbl -log elaborate.log 
Using 8 slave threads.
Starting static elaboration
Pass Through NonSizing Optimizer
Completed static elaboration
Starting simulation data flow analysis
Completed simulation data flow analysis
Time Resolution for simulation is 1ps
Compiling package std.standard
Compiling package std.textio
Compiling package ieee.std_logic_1164
Compiling package ieee.std_logic_textio
Compiling package ieee.numeric_std
Compiling package ieee.std_logic_arith
Compiling package ieee.std_logic_unsigned
Compiling module xil_defaultlib.glbl
Compiling architecture behav of entity xil_defaultlib.dense_latency_0_0_0_0_0_0_0_0_0_0_0_0_0_0_0_0_0_0_0_0_0 [dense_latency_0_0_0_0_0_0_0_0_0_...]
Compiling architecture behav of entity xil_defaultlib.dense_latency_0_0_0_0_0_0_0_0_0_0_0_0_0_0_0_0 [dense_latency_0_0_0_0_0_0_0_0_0_...]
Compiling architecture rtl of entity xil_defaultlib.tanh_ap_fixed_ap_fixed_24_8_5_3_0_tanh_config6_s_tanh_tabbkb_rom [tanh_ap_fixed_ap_fixed_24_8_5_3_...]
Compiling architecture arch of entity xil_defaultlib.tanh_ap_fixed_ap_fixed_24_8_5_3_0_tanh_config6_s_tanh_tabbkb [tanh_ap_fixed_ap_fixed_24_8_5_3_...]
Compiling architecture behav of entity xil_defaultlib.tanh_ap_fixed_ap_fixed_24_8_5_3_0_tanh_config6_s [tanh_ap_fixed_ap_fixed_24_8_5_3_...]
Compiling architecture rtl of entity xil_defaultlib.tanh_ap_fixed_ap_fixed_24_8_5_3_0_tanh_config10_s_tanh_tacud_rom [tanh_ap_fixed_ap_fixed_24_8_5_3_...]
Compiling architecture arch of entity xil_defaultlib.tanh_ap_fixed_ap_fixed_24_8_5_3_0_tanh_config10_s_tanh_tacud [tanh_ap_fixed_ap_fixed_24_8_5_3_...]
Compiling architecture behav of entity xil_defaultlib.tanh_ap_fixed_ap_fixed_24_8_5_3_0_tanh_config10_s [tanh_ap_fixed_ap_fixed_24_8_5_3_...]
Compiling architecture behav of entity xil_defaultlib.dense_latency_ap_fixed_ap_fixed_config11_0_0_0 [dense_latency_ap_fixed_ap_fixed_...]
Compiling architecture behav of entity xil_defaultlib.normalize_0_0_0_0_0_0_0_0_0_0_0_0_0_0_0_0_0_0_0_0_0_0_0_0_0_s [normalize_0_0_0_0_0_0_0_0_0_0_0_...]
Compiling architecture behav of entity xil_defaultlib.relu_ap_fixed_24_8_5_3_0_ap_uint_8_relu_config12_s [relu_ap_fixed_24_8_5_3_0_ap_uint...]
Compiling architecture behav of entity xil_defaultlib.emtfptnn [emtfptnn_default]
Compiling architecture behavioral of entity xil_defaultlib.top_tb
Built simulation snapshot top_tb_behav
run_program: Time (s): cpu = 00:00:22 ; elapsed = 00:00:15 . Memory (MB): peak = 7681.359 ; gain = 0.000 ; free physical = 55643 ; free virtual = 122024
INFO: [USF-XSim-69] 'elaborate' step finished in '14' seconds
launch_simulation: Time (s): cpu = 00:00:23 ; elapsed = 00:00:15 . Memory (MB): peak = 7681.359 ; gain = 0.000 ; free physical = 55643 ; free virtual = 122024
Vivado Simulator 2020.1
Time resolution is 1 ps
ERROR: File read_file_ex.txt is not open. Cannot call endfile on it
Time: 0 ps  Iteration: 0  Process: /top_tb/tb1
  File: /home/sergo/cms-phase2-muon-trigger/projects/dnn_emtf_displayed/top/top.srcs/sim_1/new/emtfnn_tb.vhd

HDL Line: /home/sergo/cms-phase2-muon-trigger/projects/dnn_emtf_displayed/top/top.srcs/sim_1/new/emtfnn_tb.vhd:136
relaunch_sim: Time (s): cpu = 00:00:27 ; elapsed = 00:00:23 . Memory (MB): peak = 7692.230 ; gain = 10.871 ; free physical = 55621 ; free virtual = 122002
add_bp {/home/sergo/cms-phase2-muon-trigger/projects/dnn_emtf_displayed/top/top.srcs/sim_1/new/emtfnn_tb.vhd} 136
close_sim
ERROR: [Vivado 12-106] *** Exception: java.lang.NullPointerException (See /home/sergo/cms-phase2-muon-trigger/projects/dnn_emtf_displayed/vivado_pid87474.debug)
INFO: [Simtcl 6-16] Simulation closed
close_sim: Time (s): cpu = 00:00:03 ; elapsed = 00:00:09 . Memory (MB): peak = 7692.230 ; gain = 0.000 ; free physical = 55610 ; free virtual = 121991
ERROR: [Common 17-39] 'close_sim' failed due to earlier errors.
exit
INFO: [Common 17-206] Exiting Vivado at Tue Nov 15 22:02:56 2022...
