Copyright 1986-2019 Xilinx, Inc. All Rights Reserved.
---------------------------------------------------------------------------------------------
| Tool Version : Vivado v.2019.1 (lin64) Build 2552052 Fri May 24 14:47:09 MDT 2019
| Date         : Wed May 12 21:17:15 2021
| Host         : correlator2.fnal.gov running 64-bit Scientific Linux release 7.9 (Nitrogen)
| Command      : report_clock_utilization -file mtf7_core_top_clock_utilization_routed.rpt
| Design       : mtf7_core_top
| Device       : 7vx690t-ffg1927
| Speed File   : -2  PRODUCTION 1.11 2014-09-11
| Design State : Routed
---------------------------------------------------------------------------------------------

Clock Utilization Report

Table of Contents
-----------------
1. Clock Primitive Utilization
2. Global Clock Resources
3. Global Clock Source Details
4. Clock Regions: Key Resource Utilization
5. Clock Regions : Global Clock Summary
6. Device Cell Placement Summary for Global Clock g0
7. Device Cell Placement Summary for Global Clock g1
8. Device Cell Placement Summary for Global Clock g2
9. Device Cell Placement Summary for Global Clock g3
10. Device Cell Placement Summary for Global Clock g4
11. Device Cell Placement Summary for Global Clock g5
12. Device Cell Placement Summary for Global Clock g6
13. Device Cell Placement Summary for Global Clock g7
14. Device Cell Placement Summary for Global Clock g8
15. Device Cell Placement Summary for Global Clock g9
16. Clock Region Cell Placement per Global Clock: Region X1Y0
17. Clock Region Cell Placement per Global Clock: Region X0Y1
18. Clock Region Cell Placement per Global Clock: Region X1Y1
19. Clock Region Cell Placement per Global Clock: Region X0Y2
20. Clock Region Cell Placement per Global Clock: Region X1Y2
21. Clock Region Cell Placement per Global Clock: Region X0Y3
22. Clock Region Cell Placement per Global Clock: Region X1Y3
23. Clock Region Cell Placement per Global Clock: Region X0Y4
24. Clock Region Cell Placement per Global Clock: Region X1Y4
25. Clock Region Cell Placement per Global Clock: Region X0Y5
26. Clock Region Cell Placement per Global Clock: Region X1Y5
27. Clock Region Cell Placement per Global Clock: Region X0Y6
28. Clock Region Cell Placement per Global Clock: Region X1Y6
29. Clock Region Cell Placement per Global Clock: Region X0Y7
30. Clock Region Cell Placement per Global Clock: Region X1Y7
31. Clock Region Cell Placement per Global Clock: Region X0Y8
32. Clock Region Cell Placement per Global Clock: Region X1Y8

1. Clock Primitive Utilization
------------------------------

+----------+------+-----------+-----+--------------+--------+
| Type     | Used | Available | LOC | Clock Region | Pblock |
+----------+------+-----------+-----+--------------+--------+
| BUFGCTRL |   10 |        32 |   0 |            0 |      0 |
| BUFH     |    0 |       240 |   0 |            0 |      0 |
| BUFIO    |    0 |        80 |   0 |            0 |      0 |
| BUFMR    |    0 |        40 |   0 |            0 |      0 |
| BUFR     |    0 |        80 |   0 |            0 |      0 |
| MMCM     |    3 |        20 |   0 |            0 |      0 |
| PLL      |    0 |        20 |   0 |            0 |      0 |
+----------+------+-----------+-----+--------------+--------+


2. Global Clock Resources
-------------------------

+-----------+-----------+-----------------+------------+----------------+--------------+-------------------+-------------+-----------------+--------------+-----------------------+---------------------------------------+---------------------------------------------------+
| Global Id | Source Id | Driver Type/Pin | Constraint | Site           | Clock Region | Load Clock Region | Clock Loads | Non-Clock Loads | Clock Period | Clock                 | Driver Pin                            | Net                                               |
+-----------+-----------+-----------------+------------+----------------+--------------+-------------------+-------------+-----------------+--------------+-----------------------+---------------------------------------+---------------------------------------------------+
| g0        | src0      | BUFG/O          | None       | BUFGCTRL_X0Y2  | n/a          |                16 |       48032 |               0 |        4.800 | CLK_OUT4_usrclk_mmcm  | usrclk_mmcm_/inst/clkout4_buf/O       | usrclk_mmcm_/inst/CLK_OUT4                        |
| g1        | src1      | BUFG/O          | None       | BUFGCTRL_X0Y18 | n/a          |                 5 |         627 |               0 |        8.000 | pcie_clk              | pcie_clk_bufg/O                       | pcie_clk_buf                                      |
| g2        | src2      | BUFG/O          | None       | BUFGCTRL_X0Y16 | n/a          |                 2 |         109 |               0 |        8.000 | clk_125M_ctoc_mmcm_in | ctoc/ctoc_mmcm_in_/inst/clkout2_buf/O | ctoc/ctoc_mmcm_in_/inst/clk_125M                  |
| g3        | src2      | BUFG/O          | None       | BUFGCTRL_X0Y17 | n/a          |                 2 |          28 |               0 |        1.600 | clk_625M_ctoc_mmcm_in | ctoc/ctoc_mmcm_in_/inst/clkout1_buf/O | ctoc/ctoc_mmcm_in_/inst/clk_625M                  |
| g4        | src3      | BUFG/O          | None       | BUFGCTRL_X0Y0  | n/a          |                 3 |          16 |               1 |        8.000 | clk_125M_ctoc_mmcm    | ctoc/ctoc_mmcm_out/inst/clkout2_buf/O | ctoc/ctoc_mmcm_out/inst/clk_125M                  |
| g5        | src3      | BUFG/O          | None       | BUFGCTRL_X0Y1  | n/a          |                 3 |          14 |               0 |        1.600 | clk_625M_ctoc_mmcm    | ctoc/ctoc_mmcm_out/inst/clkout1_buf/O | ctoc/ctoc_mmcm_out/inst/clk_625M                  |
| g6        | src4      | BUFG/O          | None       | BUFGCTRL_X0Y3  | n/a          |                 1 |           2 |               0 |       24.000 | clk40_in_p            | clk40_bufg/O                          | clk40_inb                                         |
| g7        | src2      | BUFG/O          | None       | BUFGCTRL_X0Y19 | n/a          |                 1 |           1 |               0 |        8.000 | clkfbout_ctoc_mmcm_in | ctoc/ctoc_mmcm_in_/inst/clkf_buf/O    | ctoc/ctoc_mmcm_in_/inst/clkfbout_buf_ctoc_mmcm_in |
| g8        | src3      | BUFG/O          | None       | BUFGCTRL_X0Y4  | n/a          |                 1 |           1 |               0 |        8.000 | clkfbout_ctoc_mmcm    | ctoc/ctoc_mmcm_out/inst/clkf_buf/O    | ctoc/ctoc_mmcm_out/inst/clkfbout_buf_ctoc_mmcm    |
| g9        | src0      | BUFG/O          | None       | BUFGCTRL_X0Y5  | n/a          |                 1 |           1 |               0 |       24.000 | clkfbout_usrclk_mmcm  | usrclk_mmcm_/inst/clkf_buf/O          | usrclk_mmcm_/inst/clkfbout_buf_usrclk_mmcm        |
+-----------+-----------+-----------------+------------+----------------+--------------+-------------------+-------------+-----------------+--------------+-----------------------+---------------------------------------+---------------------------------------------------+
* Clock Loads column represents the clock pin loads (pin count)
** Non-Clock Loads column represents the non-clock pin loads (pin count)


3. Global Clock Source Details
------------------------------

+-----------+-----------+---------------------+------------------+------------------+--------------+-------------+-----------------+---------------------+-----------------------+------------------------------------------------+-----------------------------------------------+
| Source Id | Global Id | Driver Type/Pin     | Constraint       | Site             | Clock Region | Clock Loads | Non-Clock Loads | Source Clock Period | Source Clock          | Driver Pin                                     | Net                                           |
+-----------+-----------+---------------------+------------------+------------------+--------------+-------------+-----------------+---------------------+-----------------------+------------------------------------------------+-----------------------------------------------+
| src0      | g0        | MMCME2_ADV/CLKOUT3  | None             | MMCME2_ADV_X1Y0  | X1Y0         |           1 |               0 |               4.800 | CLK_OUT4_usrclk_mmcm  | usrclk_mmcm_/inst/mmcm_adv_inst/CLKOUT3        | usrclk_mmcm_/inst/CLK_OUT4_usrclk_mmcm        |
| src0      | g9        | MMCME2_ADV/CLKFBOUT | None             | MMCME2_ADV_X1Y0  | X1Y0         |           1 |               0 |              24.000 | clkfbout_usrclk_mmcm  | usrclk_mmcm_/inst/mmcm_adv_inst/CLKFBOUT       | usrclk_mmcm_/inst/clkfbout_usrclk_mmcm        |
| src1      | g1        | IBUF/O              | IOB_X0Y276       | IOB_X0Y276       | X0Y5         |           1 |               0 |               8.000 | pcie_clk              | pcie_clk_buff/O                                | pcie_clk_ibuf                                 |
| src2      | g2        | MMCME2_ADV/CLKOUT1  | None             | MMCME2_ADV_X1Y5  | X1Y5         |           1 |               0 |               8.000 | clk_125M_ctoc_mmcm_in | ctoc/ctoc_mmcm_in_/inst/mmcm_adv_inst/CLKOUT1  | ctoc/ctoc_mmcm_in_/inst/clk_125M_ctoc_mmcm_in |
| src2      | g3        | MMCME2_ADV/CLKOUT0  | None             | MMCME2_ADV_X1Y5  | X1Y5         |           1 |               0 |               1.600 | clk_625M_ctoc_mmcm_in | ctoc/ctoc_mmcm_in_/inst/mmcm_adv_inst/CLKOUT0  | ctoc/ctoc_mmcm_in_/inst/clk_625M_ctoc_mmcm_in |
| src2      | g7        | MMCME2_ADV/CLKFBOUT | None             | MMCME2_ADV_X1Y5  | X1Y5         |           1 |               0 |               8.000 | clkfbout_ctoc_mmcm_in | ctoc/ctoc_mmcm_in_/inst/mmcm_adv_inst/CLKFBOUT | ctoc/ctoc_mmcm_in_/inst/clkfbout_ctoc_mmcm_in |
| src3      | g4        | MMCME2_ADV/CLKOUT1  | None             | MMCME2_ADV_X0Y4  | X0Y4         |           1 |               0 |               8.000 | clk_125M_ctoc_mmcm    | ctoc/ctoc_mmcm_out/inst/mmcm_adv_inst/CLKOUT1  | ctoc/ctoc_mmcm_out/inst/clk_125M_ctoc_mmcm    |
| src3      | g5        | MMCME2_ADV/CLKOUT0  | None             | MMCME2_ADV_X0Y4  | X0Y4         |           1 |               0 |               1.600 | clk_625M_ctoc_mmcm    | ctoc/ctoc_mmcm_out/inst/mmcm_adv_inst/CLKOUT0  | ctoc/ctoc_mmcm_out/inst/clk_625M_ctoc_mmcm    |
| src3      | g8        | MMCME2_ADV/CLKFBOUT | None             | MMCME2_ADV_X0Y4  | X0Y4         |           1 |               0 |               8.000 | clkfbout_ctoc_mmcm    | ctoc/ctoc_mmcm_out/inst/mmcm_adv_inst/CLKFBOUT | ctoc/ctoc_mmcm_out/inst/clkfbout_ctoc_mmcm    |
| src4      | g6        | IBUFDS_GTE2/O       | IBUFDS_GTE2_X1Y3 | IBUFDS_GTE2_X1Y3 | X1Y1         |           1 |               0 |              24.000 | clk40_in_p            | clk40_buf/O                                    | clk40_in_w                                    |
+-----------+-----------+---------------------+------------------+------------------+--------------+-------------+-----------------+---------------------+-----------------------+------------------------------------------------+-----------------------------------------------+
* Clock Loads column represents the clock pin loads (pin count)
** Non-Clock Loads column represents the non-clock pin loads (pin count)


4. Clock Regions: Key Resource Utilization
------------------------------------------

+-------------------+--------------+--------------+--------------+--------------+--------------+--------------+--------------+--------------+--------------+--------------+--------------+--------------+--------------+--------------+--------------+
|                   | Global Clock |     BUFRs    |    BUFMRs    |    BUFIOs    |     MMCM     |      PLL     |      GT      |      PCI     |    ILOGIC    |    OLOGIC    |      FF      |     LUTM     |    RAMB18    |    RAMB36    |    DSP48E2   |
+-------------------+------+-------+------+-------+------+-------+------+-------+------+-------+------+-------+------+-------+------+-------+------+-------+------+-------+------+-------+------+-------+------+-------+------+-------+------+-------+
| Clock Region Name | Used | Avail | Used | Avail | Used | Avail | Used | Avail | Used | Avail | Used | Avail | Used | Avail | Used | Avail | Used | Avail | Used | Avail | Used | Avail | Used | Avail | Used | Avail | Used | Avail | Used | Avail |
+-------------------+------+-------+------+-------+------+-------+------+-------+------+-------+------+-------+------+-------+------+-------+------+-------+------+-------+------+-------+------+-------+------+-------+------+-------+------+-------+
| X0Y0              |    0 |    12 |    0 |     4 |    0 |     2 |    0 |     4 |    0 |     1 |    0 |     1 |    0 |     4 |    0 |     0 |    0 |    50 |    0 |    50 |    0 |  5300 |    0 |  1850 |    0 |   140 |    0 |    70 |    0 |   140 |
| X1Y0              |    2 |    12 |    0 |     4 |    0 |     2 |    0 |     4 |    1 |     1 |    0 |     1 |    0 |     4 |    0 |     0 |    0 |    50 |    0 |    50 |    0 |  5800 |    0 |  2550 |    0 |   160 |    0 |    80 |    0 |   220 |
| X0Y1              |    1 |    12 |    0 |     4 |    0 |     2 |    0 |     4 |    0 |     1 |    0 |     1 |    0 |     4 |    0 |     0 |    0 |    50 |    0 |    50 |  453 |  5300 |  344 |  1850 |    0 |   140 |    0 |    70 |   44 |   140 |
| X1Y1              |    1 |    12 |    0 |     4 |    0 |     2 |    0 |     4 |    0 |     1 |    0 |     1 |    0 |     4 |    0 |     0 |    0 |    50 |    0 |    50 |  412 |  5550 |  283 |  2475 |    0 |   150 |    0 |    75 |   49 |   220 |
| X0Y2              |    1 |    12 |    0 |     4 |    0 |     2 |    0 |     4 |    0 |     1 |    0 |     1 |    0 |     4 |    0 |     0 |    0 |    50 |    0 |    50 | 1675 |  5300 | 1099 |  1850 |    0 |   140 |    0 |    70 |  132 |   140 |
| X1Y2              |    1 |    12 |    0 |     4 |    0 |     2 |    0 |     4 |    0 |     1 |    0 |     1 |    0 |     4 |    0 |     1 |    0 |    50 |    0 |    50 | 1244 |  5550 |  652 |  2475 |    0 |   150 |    0 |    75 |  137 |   220 |
| X0Y3              |    2 |    12 |    0 |     4 |    0 |     2 |    0 |     4 |    0 |     1 |    0 |     1 |    0 |     4 |    0 |     0 |    0 |    50 |    0 |    50 | 2263 |  5300 | 1212 |  1850 |    0 |   140 |    6 |    70 |  140 |   140 |
| X1Y3              |    1 |    12 |    0 |     4 |    0 |     2 |    0 |     4 |    0 |     1 |    0 |     1 |    0 |     4 |    0 |     0 |    0 |    50 |    0 |    50 | 2682 |  5800 | 1299 |  2550 |    0 |   160 |    0 |    80 |  196 |   220 |
| X0Y4              |    3 |    12 |    0 |     4 |    0 |     2 |    0 |     4 |    1 |     1 |    0 |     1 |    0 |     4 |    0 |     0 |    0 |    50 |    0 |    50 | 4220 |  4700 | 2178 |  1850 |    0 |   140 |   51 |    70 |  131 |   140 |
| X1Y4              |    4 |    12 |    0 |     4 |    0 |     2 |    0 |     4 |    0 |     1 |    0 |     1 |    0 |     4 |    0 |     0 |    0 |    50 |    1 |    50 | 3705 |  5550 | 1931 |  2475 |    0 |   150 |    0 |    75 |  204 |   220 |
| X0Y5              |    6 |    12 |    0 |     4 |    0 |     2 |    0 |     4 |    0 |     1 |    0 |     1 |    0 |     4 |    0 |     0 |   12 |    50 |    3 |    50 | 7307 |  4700 | 3165 |  1850 |   14 |   140 |   14 |    70 |  135 |   140 |
| X1Y5              |    7 |    12 |    0 |     4 |    0 |     2 |    0 |     4 |    1 |     1 |    0 |     1 |    0 |     4 |    0 |     1 |    2 |    50 |   10 |    50 | 6811 |  5550 | 3497 |  2475 |    0 |   150 |    0 |    75 |  213 |   220 |
| X0Y6              |    1 |    12 |    0 |     4 |    0 |     2 |    0 |     4 |    0 |     1 |    0 |     1 |    0 |     4 |    0 |     0 |    0 |    50 |    0 |    50 | 6026 |  5300 | 2210 |  1850 |    4 |   140 |    0 |    70 |  140 |   140 |
| X1Y6              |    1 |    12 |    0 |     4 |    0 |     2 |    0 |     4 |    0 |     1 |    0 |     1 |    0 |     4 |    0 |     0 |    0 |    50 |    0 |    50 | 4614 |  5800 | 2448 |  2550 |    0 |   160 |    0 |    80 |  201 |   220 |
| X0Y7              |    1 |    12 |    0 |     4 |    0 |     2 |    0 |     4 |    0 |     1 |    0 |     1 |    0 |     4 |    0 |     0 |    0 |    50 |    0 |    50 | 2184 |  5300 | 1363 |  1850 |    0 |   140 |    0 |    70 |  140 |   140 |
| X1Y7              |    1 |    12 |    0 |     4 |    0 |     2 |    0 |     4 |    0 |     1 |    0 |     1 |    0 |     4 |    0 |     0 |    0 |    50 |    0 |    50 | 2144 |  5550 | 1199 |  2475 |    0 |   150 |    0 |    75 |  140 |   220 |
| X0Y8              |    1 |    12 |    0 |     4 |    0 |     2 |    0 |     4 |    0 |     1 |    0 |     1 |    0 |     4 |    0 |     0 |    0 |    50 |    0 |    50 |  488 |  5300 |  344 |  1850 |    0 |   140 |    0 |    70 |   57 |   140 |
| X1Y8              |    1 |    12 |    0 |     4 |    0 |     2 |    0 |     4 |    0 |     1 |    0 |     1 |    0 |     4 |    0 |     1 |    0 |    50 |    0 |    50 |  160 |  5550 |   72 |  2475 |    0 |   150 |    0 |    75 |   15 |   220 |
| X0Y9              |    0 |    12 |    0 |     4 |    0 |     2 |    0 |     4 |    0 |     1 |    0 |     1 |    0 |     4 |    0 |     0 |    0 |    50 |    0 |    50 |    0 |  5300 |    0 |  1850 |    0 |   140 |    0 |    70 |    0 |   140 |
| X1Y9              |    0 |    12 |    0 |     4 |    0 |     2 |    0 |     4 |    0 |     1 |    0 |     1 |    0 |     4 |    0 |     0 |    0 |    50 |    0 |    50 |    0 |  5800 |    0 |  2550 |    0 |   160 |    0 |    80 |    0 |   220 |
+-------------------+------+-------+------+-------+------+-------+------+-------+------+-------+------+-------+------+-------+------+-------+------+-------+------+-------+------+-------+------+-------+------+-------+------+-------+------+-------+
* Global Clock column represents track count; while other columns represents cell counts


5. Clock Regions : Global Clock Summary
---------------------------------------

All Modules
+----+----+----+
|    | X0 | X1 |
+----+----+----+
| Y9 |  0 |  0 |
| Y8 |  1 |  1 |
| Y7 |  1 |  1 |
| Y6 |  1 |  1 |
| Y5 |  6 |  7 |
| Y4 |  3 |  4 |
| Y3 |  2 |  1 |
| Y2 |  1 |  1 |
| Y1 |  1 |  1 |
| Y0 |  0 |  2 |
+----+----+----+


6. Device Cell Placement Summary for Global Clock g0
----------------------------------------------------

+-----------+-----------------+-------------------+----------------------+-------------+---------------+-------------+----------+----------------+----------+----------------------------+
| Global Id | Driver Type/Pin | Driver Region (D) | Clock                | Period (ns) | Waveform (ns) | Slice Loads | IO Loads | Clocking Loads | GT Loads | Net                        |
+-----------+-----------------+-------------------+----------------------+-------------+---------------+-------------+----------+----------------+----------+----------------------------+
| g0        | BUFG/O          | n/a               | CLK_OUT4_usrclk_mmcm |       4.800 | {0.000 2.400} |       47987 |        0 |              0 |        0 | usrclk_mmcm_/inst/CLK_OUT4 |
+-----------+-----------------+-------------------+----------------------+-------------+---------------+-------------+----------+----------------+----------+----------------------------+
* Slice Loads column represents load cell count of all cell types other than IO, GT and clock resources
** IO Loads column represents load cell count of IO types
*** Clocking Loads column represents load cell count that are clock resources (global clock buffer, MMCM, PLL, etc)
**** GT Loads column represents load cell count of GT types


+----+-------+-------+
|    | X0    | X1    |
+----+-------+-------+
| Y9 |     0 |     0 |
| Y8 |   545 |   175 |
| Y7 |  2324 |  2284 |
| Y6 |  6198 |  4815 |
| Y5 |  7410 |  6938 |
| Y4 |  3961 |  3904 |
| Y3 |  2409 |  2878 |
| Y2 |  1807 |  1381 |
| Y1 |   497 |   461 |
| Y0 |     0 |     0 |
+----+-------+-------+


7. Device Cell Placement Summary for Global Clock g1
----------------------------------------------------

+-----------+-----------------+-------------------+----------+-------------+---------------+-------------+----------+----------------+----------+--------------+
| Global Id | Driver Type/Pin | Driver Region (D) | Clock    | Period (ns) | Waveform (ns) | Slice Loads | IO Loads | Clocking Loads | GT Loads | Net          |
+-----------+-----------------+-------------------+----------+-------------+---------------+-------------+----------+----------------+----------+--------------+
| g1        | BUFG/O          | n/a               | pcie_clk |       8.000 | {0.000 4.000} |         626 |        0 |              1 |        0 | pcie_clk_buf |
+-----------+-----------------+-------------------+----------+-------------+---------------+-------------+----------+----------------+----------+--------------+
* Slice Loads column represents load cell count of all cell types other than IO, GT and clock resources
** IO Loads column represents load cell count of IO types
*** Clocking Loads column represents load cell count that are clock resources (global clock buffer, MMCM, PLL, etc)
**** GT Loads column represents load cell count of GT types


+----+------+-----+
|    | X0   | X1  |
+----+------+-----+
| Y9 |    0 |   0 |
| Y8 |    0 |   0 |
| Y7 |    0 |   0 |
| Y6 |    0 |   0 |
| Y5 |   80 |  49 |
| Y4 |  487 |   5 |
| Y3 |    6 |   0 |
| Y2 |    0 |   0 |
| Y1 |    0 |   0 |
| Y0 |    0 |   0 |
+----+------+-----+


8. Device Cell Placement Summary for Global Clock g2
----------------------------------------------------

+-----------+-----------------+-------------------+-----------------------+-------------+---------------+-------------+----------+----------------+----------+----------------------------------+
| Global Id | Driver Type/Pin | Driver Region (D) | Clock                 | Period (ns) | Waveform (ns) | Slice Loads | IO Loads | Clocking Loads | GT Loads | Net                              |
+-----------+-----------------+-------------------+-----------------------+-------------+---------------+-------------+----------+----------------+----------+----------------------------------+
| g2        | BUFG/O          | n/a               | clk_125M_ctoc_mmcm_in |       8.000 | {0.000 4.000} |          94 |       14 |              1 |        0 | ctoc/ctoc_mmcm_in_/inst/clk_125M |
+-----------+-----------------+-------------------+-----------------------+-------------+---------------+-------------+----------+----------------+----------+----------------------------------+
* Slice Loads column represents load cell count of all cell types other than IO, GT and clock resources
** IO Loads column represents load cell count of IO types
*** Clocking Loads column represents load cell count that are clock resources (global clock buffer, MMCM, PLL, etc)
**** GT Loads column represents load cell count of GT types


+----+-----+-----+
|    | X0  | X1  |
+----+-----+-----+
| Y9 |   0 |   0 |
| Y8 |   0 |   0 |
| Y7 |   0 |   0 |
| Y6 |   0 |   0 |
| Y5 |  60 |  49 |
| Y4 |   0 |   0 |
| Y3 |   0 |   0 |
| Y2 |   0 |   0 |
| Y1 |   0 |   0 |
| Y0 |   0 |   0 |
+----+-----+-----+


9. Device Cell Placement Summary for Global Clock g3
----------------------------------------------------

+-----------+-----------------+-------------------+-----------------------+-------------+---------------+-------------+----------+----------------+----------+----------------------------------+
| Global Id | Driver Type/Pin | Driver Region (D) | Clock                 | Period (ns) | Waveform (ns) | Slice Loads | IO Loads | Clocking Loads | GT Loads | Net                              |
+-----------+-----------------+-------------------+-----------------------+-------------+---------------+-------------+----------+----------------+----------+----------------------------------+
| g3        | BUFG/O          | n/a               | clk_625M_ctoc_mmcm_in |       1.600 | {0.000 0.800} |           0 |       14 |              0 |        0 | ctoc/ctoc_mmcm_in_/inst/clk_625M |
+-----------+-----------------+-------------------+-----------------------+-------------+---------------+-------------+----------+----------------+----------+----------------------------------+
* Slice Loads column represents load cell count of all cell types other than IO, GT and clock resources
** IO Loads column represents load cell count of IO types
*** Clocking Loads column represents load cell count that are clock resources (global clock buffer, MMCM, PLL, etc)
**** GT Loads column represents load cell count of GT types


+----+-----+----+
|    | X0  | X1 |
+----+-----+----+
| Y9 |   0 |  0 |
| Y8 |   0 |  0 |
| Y7 |   0 |  0 |
| Y6 |   0 |  0 |
| Y5 |  12 |  2 |
| Y4 |   0 |  0 |
| Y3 |   0 |  0 |
| Y2 |   0 |  0 |
| Y1 |   0 |  0 |
| Y0 |   0 |  0 |
+----+-----+----+


10. Device Cell Placement Summary for Global Clock g4
-----------------------------------------------------

+-----------+-----------------+-------------------+--------------------+-------------+---------------+-------------+----------+----------------+----------+----------------------------------+
| Global Id | Driver Type/Pin | Driver Region (D) | Clock              | Period (ns) | Waveform (ns) | Slice Loads | IO Loads | Clocking Loads | GT Loads | Net                              |
+-----------+-----------------+-------------------+--------------------+-------------+---------------+-------------+----------+----------------+----------+----------------------------------+
| g4        | BUFG/O          | n/a               | clk_125M_ctoc_mmcm |       8.000 | {0.000 4.000} |           2 |       15 |              0 |        0 | ctoc/ctoc_mmcm_out/inst/clk_125M |
+-----------+-----------------+-------------------+--------------------+-------------+---------------+-------------+----------+----------------+----------+----------------------------------+
* Slice Loads column represents load cell count of all cell types other than IO, GT and clock resources
** IO Loads column represents load cell count of IO types
*** Clocking Loads column represents load cell count that are clock resources (global clock buffer, MMCM, PLL, etc)
**** GT Loads column represents load cell count of GT types


+----+----+-----+
|    | X0 | X1  |
+----+----+-----+
| Y9 |  0 |   0 |
| Y8 |  0 |   0 |
| Y7 |  0 |   0 |
| Y6 |  0 |   0 |
| Y5 |  4 |  12 |
| Y4 |  0 |   1 |
| Y3 |  0 |   0 |
| Y2 |  0 |   0 |
| Y1 |  0 |   0 |
| Y0 |  0 |   0 |
+----+----+-----+


11. Device Cell Placement Summary for Global Clock g5
-----------------------------------------------------

+-----------+-----------------+-------------------+--------------------+-------------+---------------+-------------+----------+----------------+----------+----------------------------------+
| Global Id | Driver Type/Pin | Driver Region (D) | Clock              | Period (ns) | Waveform (ns) | Slice Loads | IO Loads | Clocking Loads | GT Loads | Net                              |
+-----------+-----------------+-------------------+--------------------+-------------+---------------+-------------+----------+----------------+----------+----------------------------------+
| g5        | BUFG/O          | n/a               | clk_625M_ctoc_mmcm |       1.600 | {0.000 0.800} |           0 |       14 |              0 |        0 | ctoc/ctoc_mmcm_out/inst/clk_625M |
+-----------+-----------------+-------------------+--------------------+-------------+---------------+-------------+----------+----------------+----------+----------------------------------+
* Slice Loads column represents load cell count of all cell types other than IO, GT and clock resources
** IO Loads column represents load cell count of IO types
*** Clocking Loads column represents load cell count that are clock resources (global clock buffer, MMCM, PLL, etc)
**** GT Loads column represents load cell count of GT types


+----+----+-----+
|    | X0 | X1  |
+----+----+-----+
| Y9 |  0 |   0 |
| Y8 |  0 |   0 |
| Y7 |  0 |   0 |
| Y6 |  0 |   0 |
| Y5 |  3 |  10 |
| Y4 |  0 |   1 |
| Y3 |  0 |   0 |
| Y2 |  0 |   0 |
| Y1 |  0 |   0 |
| Y0 |  0 |   0 |
+----+----+-----+


12. Device Cell Placement Summary for Global Clock g6
-----------------------------------------------------

+-----------+-----------------+-------------------+------------+-------------+----------------+-------------+----------+----------------+----------+-----------+
| Global Id | Driver Type/Pin | Driver Region (D) | Clock      | Period (ns) | Waveform (ns)  | Slice Loads | IO Loads | Clocking Loads | GT Loads | Net       |
+-----------+-----------------+-------------------+------------+-------------+----------------+-------------+----------+----------------+----------+-----------+
| g6        | BUFG/O          | n/a               | clk40_in_p |      24.000 | {0.000 12.000} |           0 |        0 |              1 |        0 | clk40_inb |
+-----------+-----------------+-------------------+------------+-------------+----------------+-------------+----------+----------------+----------+-----------+
* Slice Loads column represents load cell count of all cell types other than IO, GT and clock resources
** IO Loads column represents load cell count of IO types
*** Clocking Loads column represents load cell count that are clock resources (global clock buffer, MMCM, PLL, etc)
**** GT Loads column represents load cell count of GT types


+----+----+----+
|    | X0 | X1 |
+----+----+----+
| Y9 |  0 |  0 |
| Y8 |  0 |  0 |
| Y7 |  0 |  0 |
| Y6 |  0 |  0 |
| Y5 |  0 |  0 |
| Y4 |  0 |  0 |
| Y3 |  0 |  0 |
| Y2 |  0 |  0 |
| Y1 |  0 |  0 |
| Y0 |  0 |  1 |
+----+----+----+


13. Device Cell Placement Summary for Global Clock g7
-----------------------------------------------------

+-----------+-----------------+-------------------+-----------------------+-------------+---------------+-------------+----------+----------------+----------+---------------------------------------------------+
| Global Id | Driver Type/Pin | Driver Region (D) | Clock                 | Period (ns) | Waveform (ns) | Slice Loads | IO Loads | Clocking Loads | GT Loads | Net                                               |
+-----------+-----------------+-------------------+-----------------------+-------------+---------------+-------------+----------+----------------+----------+---------------------------------------------------+
| g7        | BUFG/O          | n/a               | clkfbout_ctoc_mmcm_in |       8.000 | {0.000 4.000} |           0 |        0 |              1 |        0 | ctoc/ctoc_mmcm_in_/inst/clkfbout_buf_ctoc_mmcm_in |
+-----------+-----------------+-------------------+-----------------------+-------------+---------------+-------------+----------+----------------+----------+---------------------------------------------------+
* Slice Loads column represents load cell count of all cell types other than IO, GT and clock resources
** IO Loads column represents load cell count of IO types
*** Clocking Loads column represents load cell count that are clock resources (global clock buffer, MMCM, PLL, etc)
**** GT Loads column represents load cell count of GT types


+----+----+----+
|    | X0 | X1 |
+----+----+----+
| Y9 |  0 |  0 |
| Y8 |  0 |  0 |
| Y7 |  0 |  0 |
| Y6 |  0 |  0 |
| Y5 |  0 |  1 |
| Y4 |  0 |  0 |
| Y3 |  0 |  0 |
| Y2 |  0 |  0 |
| Y1 |  0 |  0 |
| Y0 |  0 |  0 |
+----+----+----+


14. Device Cell Placement Summary for Global Clock g8
-----------------------------------------------------

+-----------+-----------------+-------------------+--------------------+-------------+---------------+-------------+----------+----------------+----------+------------------------------------------------+
| Global Id | Driver Type/Pin | Driver Region (D) | Clock              | Period (ns) | Waveform (ns) | Slice Loads | IO Loads | Clocking Loads | GT Loads | Net                                            |
+-----------+-----------------+-------------------+--------------------+-------------+---------------+-------------+----------+----------------+----------+------------------------------------------------+
| g8        | BUFG/O          | n/a               | clkfbout_ctoc_mmcm |       8.000 | {0.000 4.000} |           0 |        0 |              1 |        0 | ctoc/ctoc_mmcm_out/inst/clkfbout_buf_ctoc_mmcm |
+-----------+-----------------+-------------------+--------------------+-------------+---------------+-------------+----------+----------------+----------+------------------------------------------------+
* Slice Loads column represents load cell count of all cell types other than IO, GT and clock resources
** IO Loads column represents load cell count of IO types
*** Clocking Loads column represents load cell count that are clock resources (global clock buffer, MMCM, PLL, etc)
**** GT Loads column represents load cell count of GT types


+----+----+----+
|    | X0 | X1 |
+----+----+----+
| Y9 |  0 |  0 |
| Y8 |  0 |  0 |
| Y7 |  0 |  0 |
| Y6 |  0 |  0 |
| Y5 |  0 |  0 |
| Y4 |  1 |  0 |
| Y3 |  0 |  0 |
| Y2 |  0 |  0 |
| Y1 |  0 |  0 |
| Y0 |  0 |  0 |
+----+----+----+


15. Device Cell Placement Summary for Global Clock g9
-----------------------------------------------------

+-----------+-----------------+-------------------+----------------------+-------------+----------------+-------------+----------+----------------+----------+--------------------------------------------+
| Global Id | Driver Type/Pin | Driver Region (D) | Clock                | Period (ns) | Waveform (ns)  | Slice Loads | IO Loads | Clocking Loads | GT Loads | Net                                        |
+-----------+-----------------+-------------------+----------------------+-------------+----------------+-------------+----------+----------------+----------+--------------------------------------------+
| g9        | BUFG/O          | n/a               | clkfbout_usrclk_mmcm |      24.000 | {0.000 12.000} |           0 |        0 |              1 |        0 | usrclk_mmcm_/inst/clkfbout_buf_usrclk_mmcm |
+-----------+-----------------+-------------------+----------------------+-------------+----------------+-------------+----------+----------------+----------+--------------------------------------------+
* Slice Loads column represents load cell count of all cell types other than IO, GT and clock resources
** IO Loads column represents load cell count of IO types
*** Clocking Loads column represents load cell count that are clock resources (global clock buffer, MMCM, PLL, etc)
**** GT Loads column represents load cell count of GT types


+----+----+----+
|    | X0 | X1 |
+----+----+----+
| Y9 |  0 |  0 |
| Y8 |  0 |  0 |
| Y7 |  0 |  0 |
| Y6 |  0 |  0 |
| Y5 |  0 |  0 |
| Y4 |  0 |  0 |
| Y3 |  0 |  0 |
| Y2 |  0 |  0 |
| Y1 |  0 |  0 |
| Y0 |  0 |  1 |
+----+----+----+


16. Clock Region Cell Placement per Global Clock: Region X1Y0
-------------------------------------------------------------

+-----------+-------+-----------------+------------+-------------+-----------------+----+--------+------+-----+----+------+-----+---------+--------------------------------------------+
| Global Id | Track | Driver Type/Pin | Constraint | Clock Loads | Non-Clock Loads | FF | LUTRAM | RAMB | DSP | GT | MMCM | PLL | Hard IP | Net                                        |
+-----------+-------+-----------------+------------+-------------+-----------------+----+--------+------+-----+----+------+-----+---------+--------------------------------------------+
| g6        | n/a   | BUFG/O          | None       |           1 |               0 |  0 |      0 |    0 |   0 |  0 |    1 |   0 |       0 | clk40_inb                                  |
| g9        | n/a   | BUFG/O          | None       |           1 |               0 |  0 |      0 |    0 |   0 |  0 |    1 |   0 |       0 | usrclk_mmcm_/inst/clkfbout_buf_usrclk_mmcm |
+-----------+-------+-----------------+------------+-------------+-----------------+----+--------+------+-----+----+------+-----+---------+--------------------------------------------+
* Clock Loads column represents the clock pin loads (pin count)
** Non-Clock Loads column represents the non-clock pin loads (pin count)
*** Columns FF, LUTRAM, RAMB through 'Hard IP' represents load cell counts


17. Clock Region Cell Placement per Global Clock: Region X0Y1
-------------------------------------------------------------

+-----------+-------+-----------------+------------+-------------+-----------------+-----+--------+------+-----+----+------+-----+---------+----------------------------+
| Global Id | Track | Driver Type/Pin | Constraint | Clock Loads | Non-Clock Loads | FF  | LUTRAM | RAMB | DSP | GT | MMCM | PLL | Hard IP | Net                        |
+-----------+-------+-----------------+------------+-------------+-----------------+-----+--------+------+-----+----+------+-----+---------+----------------------------+
| g0        | n/a   | BUFG/O          | None       |         497 |               0 | 453 |      0 |    0 |  44 |  0 |    0 |   0 |       0 | usrclk_mmcm_/inst/CLK_OUT4 |
+-----------+-------+-----------------+------------+-------------+-----------------+-----+--------+------+-----+----+------+-----+---------+----------------------------+
* Clock Loads column represents the clock pin loads (pin count)
** Non-Clock Loads column represents the non-clock pin loads (pin count)
*** Columns FF, LUTRAM, RAMB through 'Hard IP' represents load cell counts


18. Clock Region Cell Placement per Global Clock: Region X1Y1
-------------------------------------------------------------

+-----------+-------+-----------------+------------+-------------+-----------------+-----+--------+------+-----+----+------+-----+---------+----------------------------+
| Global Id | Track | Driver Type/Pin | Constraint | Clock Loads | Non-Clock Loads | FF  | LUTRAM | RAMB | DSP | GT | MMCM | PLL | Hard IP | Net                        |
+-----------+-------+-----------------+------------+-------------+-----------------+-----+--------+------+-----+----+------+-----+---------+----------------------------+
| g0        | n/a   | BUFG/O          | None       |         461 |               0 | 412 |      0 |    0 |  49 |  0 |    0 |   0 |       0 | usrclk_mmcm_/inst/CLK_OUT4 |
+-----------+-------+-----------------+------------+-------------+-----------------+-----+--------+------+-----+----+------+-----+---------+----------------------------+
* Clock Loads column represents the clock pin loads (pin count)
** Non-Clock Loads column represents the non-clock pin loads (pin count)
*** Columns FF, LUTRAM, RAMB through 'Hard IP' represents load cell counts


19. Clock Region Cell Placement per Global Clock: Region X0Y2
-------------------------------------------------------------

+-----------+-------+-----------------+------------+-------------+-----------------+------+--------+------+-----+----+------+-----+---------+----------------------------+
| Global Id | Track | Driver Type/Pin | Constraint | Clock Loads | Non-Clock Loads | FF   | LUTRAM | RAMB | DSP | GT | MMCM | PLL | Hard IP | Net                        |
+-----------+-------+-----------------+------------+-------------+-----------------+------+--------+------+-----+----+------+-----+---------+----------------------------+
| g0        | n/a   | BUFG/O          | None       |        1807 |               0 | 1675 |      0 |    0 | 132 |  0 |    0 |   0 |       0 | usrclk_mmcm_/inst/CLK_OUT4 |
+-----------+-------+-----------------+------------+-------------+-----------------+------+--------+------+-----+----+------+-----+---------+----------------------------+
* Clock Loads column represents the clock pin loads (pin count)
** Non-Clock Loads column represents the non-clock pin loads (pin count)
*** Columns FF, LUTRAM, RAMB through 'Hard IP' represents load cell counts


20. Clock Region Cell Placement per Global Clock: Region X1Y2
-------------------------------------------------------------

+-----------+-------+-----------------+------------+-------------+-----------------+------+--------+------+-----+----+------+-----+---------+----------------------------+
| Global Id | Track | Driver Type/Pin | Constraint | Clock Loads | Non-Clock Loads | FF   | LUTRAM | RAMB | DSP | GT | MMCM | PLL | Hard IP | Net                        |
+-----------+-------+-----------------+------------+-------------+-----------------+------+--------+------+-----+----+------+-----+---------+----------------------------+
| g0        | n/a   | BUFG/O          | None       |        1381 |               0 | 1244 |      0 |    0 | 137 |  0 |    0 |   0 |       0 | usrclk_mmcm_/inst/CLK_OUT4 |
+-----------+-------+-----------------+------------+-------------+-----------------+------+--------+------+-----+----+------+-----+---------+----------------------------+
* Clock Loads column represents the clock pin loads (pin count)
** Non-Clock Loads column represents the non-clock pin loads (pin count)
*** Columns FF, LUTRAM, RAMB through 'Hard IP' represents load cell counts


21. Clock Region Cell Placement per Global Clock: Region X0Y3
-------------------------------------------------------------

+-----------+-------+-----------------+------------+-------------+-----------------+------+--------+------+-----+----+------+-----+---------+----------------------------+
| Global Id | Track | Driver Type/Pin | Constraint | Clock Loads | Non-Clock Loads | FF   | LUTRAM | RAMB | DSP | GT | MMCM | PLL | Hard IP | Net                        |
+-----------+-------+-----------------+------------+-------------+-----------------+------+--------+------+-----+----+------+-----+---------+----------------------------+
| g0        | n/a   | BUFG/O          | None       |        2409 |               0 | 2263 |      0 |    6 | 140 |  0 |    0 |   0 |       0 | usrclk_mmcm_/inst/CLK_OUT4 |
| g1        | n/a   | BUFG/O          | None       |           6 |               0 |    0 |      0 |    6 |   0 |  0 |    0 |   0 |       0 | pcie_clk_buf               |
+-----------+-------+-----------------+------------+-------------+-----------------+------+--------+------+-----+----+------+-----+---------+----------------------------+
* Clock Loads column represents the clock pin loads (pin count)
** Non-Clock Loads column represents the non-clock pin loads (pin count)
*** Columns FF, LUTRAM, RAMB through 'Hard IP' represents load cell counts


22. Clock Region Cell Placement per Global Clock: Region X1Y3
-------------------------------------------------------------

+-----------+-------+-----------------+------------+-------------+-----------------+------+--------+------+-----+----+------+-----+---------+----------------------------+
| Global Id | Track | Driver Type/Pin | Constraint | Clock Loads | Non-Clock Loads | FF   | LUTRAM | RAMB | DSP | GT | MMCM | PLL | Hard IP | Net                        |
+-----------+-------+-----------------+------------+-------------+-----------------+------+--------+------+-----+----+------+-----+---------+----------------------------+
| g0        | n/a   | BUFG/O          | None       |        2878 |               0 | 2682 |      0 |    0 | 196 |  0 |    0 |   0 |       0 | usrclk_mmcm_/inst/CLK_OUT4 |
+-----------+-------+-----------------+------------+-------------+-----------------+------+--------+------+-----+----+------+-----+---------+----------------------------+
* Clock Loads column represents the clock pin loads (pin count)
** Non-Clock Loads column represents the non-clock pin loads (pin count)
*** Columns FF, LUTRAM, RAMB through 'Hard IP' represents load cell counts


23. Clock Region Cell Placement per Global Clock: Region X0Y4
-------------------------------------------------------------

+-----------+-------+-----------------+------------+-------------+-----------------+------+--------+------+-----+----+------+-----+---------+------------------------------------------------+
| Global Id | Track | Driver Type/Pin | Constraint | Clock Loads | Non-Clock Loads | FF   | LUTRAM | RAMB | DSP | GT | MMCM | PLL | Hard IP | Net                                            |
+-----------+-------+-----------------+------------+-------------+-----------------+------+--------+------+-----+----+------+-----+---------+------------------------------------------------+
| g0        | n/a   | BUFG/O          | None       |        3961 |               0 | 3779 |      0 |   51 | 131 |  0 |    0 |   0 |       0 | usrclk_mmcm_/inst/CLK_OUT4                     |
| g1        | n/a   | BUFG/O          | None       |         487 |               0 |  441 |      0 |   45 |   0 |  0 |    1 |   0 |       0 | pcie_clk_buf                                   |
| g8        | n/a   | BUFG/O          | None       |           1 |               0 |    0 |      0 |    0 |   0 |  0 |    1 |   0 |       0 | ctoc/ctoc_mmcm_out/inst/clkfbout_buf_ctoc_mmcm |
+-----------+-------+-----------------+------------+-------------+-----------------+------+--------+------+-----+----+------+-----+---------+------------------------------------------------+
* Clock Loads column represents the clock pin loads (pin count)
** Non-Clock Loads column represents the non-clock pin loads (pin count)
*** Columns FF, LUTRAM, RAMB through 'Hard IP' represents load cell counts


24. Clock Region Cell Placement per Global Clock: Region X1Y4
-------------------------------------------------------------

+-----------+-------+-----------------+------------+-------------+-----------------+------+--------+------+-----+----+------+-----+---------+----------------------------------+
| Global Id | Track | Driver Type/Pin | Constraint | Clock Loads | Non-Clock Loads | FF   | LUTRAM | RAMB | DSP | GT | MMCM | PLL | Hard IP | Net                              |
+-----------+-------+-----------------+------------+-------------+-----------------+------+--------+------+-----+----+------+-----+---------+----------------------------------+
| g0        | n/a   | BUFG/O          | None       |        3904 |               0 | 3700 |      0 |    0 | 204 |  0 |    0 |   0 |       0 | usrclk_mmcm_/inst/CLK_OUT4       |
| g1        | n/a   | BUFG/O          | None       |           5 |               0 |    5 |      0 |    0 |   0 |  0 |    0 |   0 |       0 | pcie_clk_buf                     |
| g4        | n/a   | BUFG/O          | None       |           1 |               0 |    0 |      0 |    0 |   0 |  0 |    0 |   0 |       0 | ctoc/ctoc_mmcm_out/inst/clk_125M |
| g5        | n/a   | BUFG/O          | None       |           1 |               0 |    0 |      0 |    0 |   0 |  0 |    0 |   0 |       0 | ctoc/ctoc_mmcm_out/inst/clk_625M |
+-----------+-------+-----------------+------------+-------------+-----------------+------+--------+------+-----+----+------+-----+---------+----------------------------------+
* Clock Loads column represents the clock pin loads (pin count)
** Non-Clock Loads column represents the non-clock pin loads (pin count)
*** Columns FF, LUTRAM, RAMB through 'Hard IP' represents load cell counts


25. Clock Region Cell Placement per Global Clock: Region X0Y5
-------------------------------------------------------------

+-----------+-------+-----------------+------------+-------------+-----------------+------+--------+------+-----+----+------+-----+---------+----------------------------------+
| Global Id | Track | Driver Type/Pin | Constraint | Clock Loads | Non-Clock Loads | FF   | LUTRAM | RAMB | DSP | GT | MMCM | PLL | Hard IP | Net                              |
+-----------+-------+-----------------+------------+-------------+-----------------+------+--------+------+-----+----+------+-----+---------+----------------------------------+
| g0        | n/a   | BUFG/O          | None       |        7410 |               0 | 7195 |     37 |   27 | 135 |  0 |    0 |   0 |       0 | usrclk_mmcm_/inst/CLK_OUT4       |
| g1        | n/a   | BUFG/O          | None       |          80 |               0 |   66 |      0 |   14 |   0 |  0 |    0 |   0 |       0 | pcie_clk_buf                     |
| g2        | n/a   | BUFG/O          | None       |          60 |               0 |   46 |      1 |    1 |   0 |  0 |    0 |   0 |       0 | ctoc/ctoc_mmcm_in_/inst/clk_125M |
| g3        | n/a   | BUFG/O          | None       |          12 |               0 |    0 |      0 |    0 |   0 |  0 |    0 |   0 |       0 | ctoc/ctoc_mmcm_in_/inst/clk_625M |
| g4        | n/a   | BUFG/O          | None       |           3 |               1 |    0 |      0 |    0 |   0 |  0 |    0 |   0 |       0 | ctoc/ctoc_mmcm_out/inst/clk_125M |
| g5        | n/a   | BUFG/O          | None       |           3 |               0 |    0 |      0 |    0 |   0 |  0 |    0 |   0 |       0 | ctoc/ctoc_mmcm_out/inst/clk_625M |
+-----------+-------+-----------------+------------+-------------+-----------------+------+--------+------+-----+----+------+-----+---------+----------------------------------+
* Clock Loads column represents the clock pin loads (pin count)
** Non-Clock Loads column represents the non-clock pin loads (pin count)
*** Columns FF, LUTRAM, RAMB through 'Hard IP' represents load cell counts


26. Clock Region Cell Placement per Global Clock: Region X1Y5
-------------------------------------------------------------

+-----------+-------+-----------------+------------+-------------+-----------------+------+--------+------+-----+----+------+-----+---------+---------------------------------------------------+
| Global Id | Track | Driver Type/Pin | Constraint | Clock Loads | Non-Clock Loads | FF   | LUTRAM | RAMB | DSP | GT | MMCM | PLL | Hard IP | Net                                               |
+-----------+-------+-----------------+------------+-------------+-----------------+------+--------+------+-----+----+------+-----+---------+---------------------------------------------------+
| g0        | n/a   | BUFG/O          | None       |        6938 |               0 | 6714 |     11 |    0 | 213 |  0 |    0 |   0 |       0 | usrclk_mmcm_/inst/CLK_OUT4                        |
| g1        | n/a   | BUFG/O          | None       |          49 |               0 |   49 |      0 |    0 |   0 |  0 |    0 |   0 |       0 | pcie_clk_buf                                      |
| g2        | n/a   | BUFG/O          | None       |          49 |               0 |   46 |      0 |    0 |   0 |  0 |    1 |   0 |       0 | ctoc/ctoc_mmcm_in_/inst/clk_125M                  |
| g3        | n/a   | BUFG/O          | None       |           2 |               0 |    0 |      0 |    0 |   0 |  0 |    0 |   0 |       0 | ctoc/ctoc_mmcm_in_/inst/clk_625M                  |
| g4        | n/a   | BUFG/O          | None       |          12 |               0 |    2 |      0 |    0 |   0 |  0 |    0 |   0 |       0 | ctoc/ctoc_mmcm_out/inst/clk_125M                  |
| g5        | n/a   | BUFG/O          | None       |          10 |               0 |    0 |      0 |    0 |   0 |  0 |    0 |   0 |       0 | ctoc/ctoc_mmcm_out/inst/clk_625M                  |
| g7        | n/a   | BUFG/O          | None       |           1 |               0 |    0 |      0 |    0 |   0 |  0 |    1 |   0 |       0 | ctoc/ctoc_mmcm_in_/inst/clkfbout_buf_ctoc_mmcm_in |
+-----------+-------+-----------------+------------+-------------+-----------------+------+--------+------+-----+----+------+-----+---------+---------------------------------------------------+
* Clock Loads column represents the clock pin loads (pin count)
** Non-Clock Loads column represents the non-clock pin loads (pin count)
*** Columns FF, LUTRAM, RAMB through 'Hard IP' represents load cell counts


27. Clock Region Cell Placement per Global Clock: Region X0Y6
-------------------------------------------------------------

+-----------+-------+-----------------+------------+-------------+-----------------+------+--------+------+-----+----+------+-----+---------+----------------------------+
| Global Id | Track | Driver Type/Pin | Constraint | Clock Loads | Non-Clock Loads | FF   | LUTRAM | RAMB | DSP | GT | MMCM | PLL | Hard IP | Net                        |
+-----------+-------+-----------------+------------+-------------+-----------------+------+--------+------+-----+----+------+-----+---------+----------------------------+
| g0        | n/a   | BUFG/O          | None       |        6198 |               0 | 6026 |     22 |    4 | 140 |  0 |    0 |   0 |       0 | usrclk_mmcm_/inst/CLK_OUT4 |
+-----------+-------+-----------------+------------+-------------+-----------------+------+--------+------+-----+----+------+-----+---------+----------------------------+
* Clock Loads column represents the clock pin loads (pin count)
** Non-Clock Loads column represents the non-clock pin loads (pin count)
*** Columns FF, LUTRAM, RAMB through 'Hard IP' represents load cell counts


28. Clock Region Cell Placement per Global Clock: Region X1Y6
-------------------------------------------------------------

+-----------+-------+-----------------+------------+-------------+-----------------+------+--------+------+-----+----+------+-----+---------+----------------------------+
| Global Id | Track | Driver Type/Pin | Constraint | Clock Loads | Non-Clock Loads | FF   | LUTRAM | RAMB | DSP | GT | MMCM | PLL | Hard IP | Net                        |
+-----------+-------+-----------------+------------+-------------+-----------------+------+--------+------+-----+----+------+-----+---------+----------------------------+
| g0        | n/a   | BUFG/O          | None       |        4815 |               0 | 4614 |      0 |    0 | 201 |  0 |    0 |   0 |       0 | usrclk_mmcm_/inst/CLK_OUT4 |
+-----------+-------+-----------------+------------+-------------+-----------------+------+--------+------+-----+----+------+-----+---------+----------------------------+
* Clock Loads column represents the clock pin loads (pin count)
** Non-Clock Loads column represents the non-clock pin loads (pin count)
*** Columns FF, LUTRAM, RAMB through 'Hard IP' represents load cell counts


29. Clock Region Cell Placement per Global Clock: Region X0Y7
-------------------------------------------------------------

+-----------+-------+-----------------+------------+-------------+-----------------+------+--------+------+-----+----+------+-----+---------+----------------------------+
| Global Id | Track | Driver Type/Pin | Constraint | Clock Loads | Non-Clock Loads | FF   | LUTRAM | RAMB | DSP | GT | MMCM | PLL | Hard IP | Net                        |
+-----------+-------+-----------------+------------+-------------+-----------------+------+--------+------+-----+----+------+-----+---------+----------------------------+
| g0        | n/a   | BUFG/O          | None       |        2324 |               0 | 2184 |      0 |    0 | 140 |  0 |    0 |   0 |       0 | usrclk_mmcm_/inst/CLK_OUT4 |
+-----------+-------+-----------------+------------+-------------+-----------------+------+--------+------+-----+----+------+-----+---------+----------------------------+
* Clock Loads column represents the clock pin loads (pin count)
** Non-Clock Loads column represents the non-clock pin loads (pin count)
*** Columns FF, LUTRAM, RAMB through 'Hard IP' represents load cell counts


30. Clock Region Cell Placement per Global Clock: Region X1Y7
-------------------------------------------------------------

+-----------+-------+-----------------+------------+-------------+-----------------+------+--------+------+-----+----+------+-----+---------+----------------------------+
| Global Id | Track | Driver Type/Pin | Constraint | Clock Loads | Non-Clock Loads | FF   | LUTRAM | RAMB | DSP | GT | MMCM | PLL | Hard IP | Net                        |
+-----------+-------+-----------------+------------+-------------+-----------------+------+--------+------+-----+----+------+-----+---------+----------------------------+
| g0        | n/a   | BUFG/O          | None       |        2284 |               0 | 2144 |      0 |    0 | 140 |  0 |    0 |   0 |       0 | usrclk_mmcm_/inst/CLK_OUT4 |
+-----------+-------+-----------------+------------+-------------+-----------------+------+--------+------+-----+----+------+-----+---------+----------------------------+
* Clock Loads column represents the clock pin loads (pin count)
** Non-Clock Loads column represents the non-clock pin loads (pin count)
*** Columns FF, LUTRAM, RAMB through 'Hard IP' represents load cell counts


31. Clock Region Cell Placement per Global Clock: Region X0Y8
-------------------------------------------------------------

+-----------+-------+-----------------+------------+-------------+-----------------+-----+--------+------+-----+----+------+-----+---------+----------------------------+
| Global Id | Track | Driver Type/Pin | Constraint | Clock Loads | Non-Clock Loads | FF  | LUTRAM | RAMB | DSP | GT | MMCM | PLL | Hard IP | Net                        |
+-----------+-------+-----------------+------------+-------------+-----------------+-----+--------+------+-----+----+------+-----+---------+----------------------------+
| g0        | n/a   | BUFG/O          | None       |         545 |               0 | 488 |      0 |    0 |  57 |  0 |    0 |   0 |       0 | usrclk_mmcm_/inst/CLK_OUT4 |
+-----------+-------+-----------------+------------+-------------+-----------------+-----+--------+------+-----+----+------+-----+---------+----------------------------+
* Clock Loads column represents the clock pin loads (pin count)
** Non-Clock Loads column represents the non-clock pin loads (pin count)
*** Columns FF, LUTRAM, RAMB through 'Hard IP' represents load cell counts


32. Clock Region Cell Placement per Global Clock: Region X1Y8
-------------------------------------------------------------

+-----------+-------+-----------------+------------+-------------+-----------------+-----+--------+------+-----+----+------+-----+---------+----------------------------+
| Global Id | Track | Driver Type/Pin | Constraint | Clock Loads | Non-Clock Loads | FF  | LUTRAM | RAMB | DSP | GT | MMCM | PLL | Hard IP | Net                        |
+-----------+-------+-----------------+------------+-------------+-----------------+-----+--------+------+-----+----+------+-----+---------+----------------------------+
| g0        | n/a   | BUFG/O          | None       |         175 |               0 | 160 |      0 |    0 |  15 |  0 |    0 |   0 |       0 | usrclk_mmcm_/inst/CLK_OUT4 |
+-----------+-------+-----------------+------------+-------------+-----------------+-----+--------+------+-----+----+------+-----+---------+----------------------------+
* Clock Loads column represents the clock pin loads (pin count)
** Non-Clock Loads column represents the non-clock pin loads (pin count)
*** Columns FF, LUTRAM, RAMB through 'Hard IP' represents load cell counts



# Location of BUFG Primitives 
set_property LOC BUFGCTRL_X0Y5 [get_cells usrclk_mmcm_/inst/clkf_buf]
set_property LOC BUFGCTRL_X0Y2 [get_cells usrclk_mmcm_/inst/clkout4_buf]
set_property LOC BUFGCTRL_X0Y18 [get_cells pcie_clk_bufg]
set_property LOC BUFGCTRL_X0Y4 [get_cells ctoc/ctoc_mmcm_out/inst/clkf_buf]
set_property LOC BUFGCTRL_X0Y1 [get_cells ctoc/ctoc_mmcm_out/inst/clkout1_buf]
set_property LOC BUFGCTRL_X0Y0 [get_cells ctoc/ctoc_mmcm_out/inst/clkout2_buf]
set_property LOC BUFGCTRL_X0Y19 [get_cells ctoc/ctoc_mmcm_in_/inst/clkf_buf]
set_property LOC BUFGCTRL_X0Y17 [get_cells ctoc/ctoc_mmcm_in_/inst/clkout1_buf]
set_property LOC BUFGCTRL_X0Y16 [get_cells ctoc/ctoc_mmcm_in_/inst/clkout2_buf]
set_property LOC BUFGCTRL_X0Y3 [get_cells clk40_bufg]

# Location of IO Primitives which is load of clock spine
set_property LOC IOB_X0Y296 [get_cells ext_clk_out_OBUF_inst]

# Location of clock ports
set_property LOC IPAD_X2Y41 [get_ports clk40_in_n]
set_property LOC IPAD_X2Y40 [get_ports clk40_in_p]
set_property LOC IOB_X1Y274 [get_ports ext_clk_in]
set_property LOC IOB_X0Y276 [get_ports pcie_clk]

# Clock net "usrclk_mmcm_/inst/CLK_OUT4" driven by instance "usrclk_mmcm_/inst/clkout4_buf" located at site "BUFGCTRL_X0Y2"
#startgroup
create_pblock {CLKAG_usrclk_mmcm_/inst/CLK_OUT4}
add_cells_to_pblock [get_pblocks  {CLKAG_usrclk_mmcm_/inst/CLK_OUT4}] [get_cells -filter { PRIMITIVE_GROUP != I/O && IS_PRIMITIVE==1 && PRIMITIVE_LEVEL !=INTERNAL } -of_object [get_pins -filter {DIRECTION==IN} -of_objects [get_nets -hierarchical -filter {PARENT=="usrclk_mmcm_/inst/CLK_OUT4"}]]]
resize_pblock [get_pblocks {CLKAG_usrclk_mmcm_/inst/CLK_OUT4}] -add {CLOCKREGION_X0Y1:CLOCKREGION_X0Y1 CLOCKREGION_X0Y2:CLOCKREGION_X0Y2 CLOCKREGION_X0Y3:CLOCKREGION_X0Y3 CLOCKREGION_X0Y4:CLOCKREGION_X0Y4 CLOCKREGION_X0Y5:CLOCKREGION_X0Y5 CLOCKREGION_X0Y6:CLOCKREGION_X0Y6 CLOCKREGION_X0Y7:CLOCKREGION_X0Y7 CLOCKREGION_X0Y8:CLOCKREGION_X0Y8 CLOCKREGION_X1Y1:CLOCKREGION_X1Y1 CLOCKREGION_X1Y2:CLOCKREGION_X1Y2 CLOCKREGION_X1Y3:CLOCKREGION_X1Y3 CLOCKREGION_X1Y4:CLOCKREGION_X1Y4 CLOCKREGION_X1Y5:CLOCKREGION_X1Y5 CLOCKREGION_X1Y6:CLOCKREGION_X1Y6 CLOCKREGION_X1Y7:CLOCKREGION_X1Y7 CLOCKREGION_X1Y8:CLOCKREGION_X1Y8}
#endgroup

# Clock net "pcie_clk_buf" driven by instance "pcie_clk_bufg" located at site "BUFGCTRL_X0Y18"
#startgroup
create_pblock {CLKAG_pcie_clk_buf}
add_cells_to_pblock [get_pblocks  {CLKAG_pcie_clk_buf}] [get_cells -filter { PRIMITIVE_GROUP != I/O && IS_PRIMITIVE==1 && PRIMITIVE_LEVEL !=INTERNAL && NAME!=ctoc/ctoc_mmcm_out/inst/mmcm_adv_inst} -of_object [get_pins -filter {DIRECTION==IN} -of_objects [get_nets -hierarchical -filter {PARENT=="pcie_clk_buf"}]]]
resize_pblock [get_pblocks {CLKAG_pcie_clk_buf}] -add {CLOCKREGION_X0Y3:CLOCKREGION_X0Y3 CLOCKREGION_X0Y4:CLOCKREGION_X0Y4 CLOCKREGION_X0Y5:CLOCKREGION_X0Y5 CLOCKREGION_X1Y4:CLOCKREGION_X1Y4 CLOCKREGION_X1Y5:CLOCKREGION_X1Y5}
#endgroup

# Clock net "ctoc/ctoc_mmcm_out/inst/clk_625M" driven by instance "ctoc/ctoc_mmcm_out/inst/clkout1_buf" located at site "BUFGCTRL_X0Y1"
#startgroup
create_pblock {CLKAG_ctoc/ctoc_mmcm_out/inst/clk_625M}
add_cells_to_pblock [get_pblocks  {CLKAG_ctoc/ctoc_mmcm_out/inst/clk_625M}] [get_cells -filter { PRIMITIVE_GROUP != I/O && IS_PRIMITIVE==1 && PRIMITIVE_LEVEL !=INTERNAL } -of_object [get_pins -filter {DIRECTION==IN} -of_objects [get_nets -hierarchical -filter {PARENT=="ctoc/ctoc_mmcm_out/inst/clk_625M"}]]]
resize_pblock [get_pblocks {CLKAG_ctoc/ctoc_mmcm_out/inst/clk_625M}] -add {CLOCKREGION_X0Y5:CLOCKREGION_X0Y5 CLOCKREGION_X1Y4:CLOCKREGION_X1Y4 CLOCKREGION_X1Y5:CLOCKREGION_X1Y5}
#endgroup

# Clock net "ctoc/ctoc_mmcm_out/inst/clk_125M" driven by instance "ctoc/ctoc_mmcm_out/inst/clkout2_buf" located at site "BUFGCTRL_X0Y0"
#startgroup
create_pblock {CLKAG_ctoc/ctoc_mmcm_out/inst/clk_125M}
add_cells_to_pblock [get_pblocks  {CLKAG_ctoc/ctoc_mmcm_out/inst/clk_125M}] [get_cells -filter { PRIMITIVE_GROUP != I/O && IS_PRIMITIVE==1 && PRIMITIVE_LEVEL !=INTERNAL && NAME!=ext_clk_out_OBUF_inst} -of_object [get_pins -filter {DIRECTION==IN} -of_objects [get_nets -hierarchical -filter {PARENT=="ctoc/ctoc_mmcm_out/inst/clk_125M"}]]]
resize_pblock [get_pblocks {CLKAG_ctoc/ctoc_mmcm_out/inst/clk_125M}] -add {CLOCKREGION_X0Y5:CLOCKREGION_X0Y5 CLOCKREGION_X1Y4:CLOCKREGION_X1Y4 CLOCKREGION_X1Y5:CLOCKREGION_X1Y5}
#endgroup

# Clock net "ctoc/ctoc_mmcm_in_/inst/clk_625M" driven by instance "ctoc/ctoc_mmcm_in_/inst/clkout1_buf" located at site "BUFGCTRL_X0Y17"
#startgroup
create_pblock {CLKAG_ctoc/ctoc_mmcm_in_/inst/clk_625M}
add_cells_to_pblock [get_pblocks  {CLKAG_ctoc/ctoc_mmcm_in_/inst/clk_625M}] [get_cells -filter { PRIMITIVE_GROUP != I/O && IS_PRIMITIVE==1 && PRIMITIVE_LEVEL !=INTERNAL } -of_object [get_pins -filter {DIRECTION==IN} -of_objects [get_nets -hierarchical -filter {PARENT=="ctoc/ctoc_mmcm_in_/inst/clk_625M"}]]]
resize_pblock [get_pblocks {CLKAG_ctoc/ctoc_mmcm_in_/inst/clk_625M}] -add {CLOCKREGION_X0Y5:CLOCKREGION_X0Y5 CLOCKREGION_X1Y5:CLOCKREGION_X1Y5}
#endgroup

# Clock net "ctoc/ctoc_mmcm_in_/inst/clk_125M" driven by instance "ctoc/ctoc_mmcm_in_/inst/clkout2_buf" located at site "BUFGCTRL_X0Y16"
#startgroup
create_pblock {CLKAG_ctoc/ctoc_mmcm_in_/inst/clk_125M}
add_cells_to_pblock [get_pblocks  {CLKAG_ctoc/ctoc_mmcm_in_/inst/clk_125M}] [get_cells -filter { PRIMITIVE_GROUP != I/O && IS_PRIMITIVE==1 && PRIMITIVE_LEVEL !=INTERNAL && NAME!=ctoc/ctoc_mmcm_in_/inst/mmcm_adv_inst} -of_object [get_pins -filter {DIRECTION==IN} -of_objects [get_nets -hierarchical -filter {PARENT=="ctoc/ctoc_mmcm_in_/inst/clk_125M"}]]]
resize_pblock [get_pblocks {CLKAG_ctoc/ctoc_mmcm_in_/inst/clk_125M}] -add {CLOCKREGION_X0Y5:CLOCKREGION_X0Y5 CLOCKREGION_X1Y5:CLOCKREGION_X1Y5}
#endgroup
