Copyright 1986-2019 Xilinx, Inc. All Rights Reserved.
-------------------------------------------------------------------------------------------------------------------------------------------------------------
| Tool Version     : Vivado v.2019.1 (lin64) Build 2552052 Fri May 24 14:47:09 MDT 2019
| Date             : Thu Apr 22 15:59:40 2021
| Host             : correlator2.fnal.gov running 64-bit Scientific Linux release 7.9 (Nitrogen)
| Command          : report_power -file mtf7_core_top_power_routed.rpt -pb mtf7_core_top_power_summary_routed.pb -rpx mtf7_core_top_power_routed.rpx
| Design           : mtf7_core_top
| Device           : xc7vx690tffg1927-2
| Design State     : routed
| Grade            : commercial
| Process          : typical
| Characterization : Production
-------------------------------------------------------------------------------------------------------------------------------------------------------------

Power Report

Table of Contents
-----------------
1. Summary
1.1 On-Chip Components
1.2 Power Supply Summary
1.3 Confidence Level
2. Settings
2.1 Environment
2.2 Clock Constraints
3. Detailed Reports
3.1 By Hierarchy

1. Summary
----------

+--------------------------+--------------+
| Total On-Chip Power (W)  | 8.319        |
| Design Power Budget (W)  | Unspecified* |
| Power Budget Margin (W)  | NA           |
| Dynamic (W)              | 7.919        |
| Device Static (W)        | 0.400        |
| Effective TJA (C/W)      | 0.8          |
| Max Ambient (C)          | 78.0         |
| Junction Temperature (C) | 32.0         |
| Confidence Level         | Low          |
| Setting File             | ---          |
| Simulation Activity File | ---          |
| Design Nets Matched      | NA           |
+--------------------------+--------------+
* Specify Design Power Budget using, set_operating_conditions -design_power_budget <value in Watts>


1.1 On-Chip Components
----------------------

+-------------------------+-----------+----------+-----------+-----------------+
| On-Chip                 | Power (W) | Used     | Available | Utilization (%) |
+-------------------------+-----------+----------+-----------+-----------------+
| Clocks                  |     0.577 |       13 |       --- |             --- |
| Slice Logic             |     1.283 |   110105 |       --- |             --- |
|   LUT as Logic          |     1.091 |    33589 |    433200 |            7.75 |
|   CARRY4                |     0.115 |     8119 |    108300 |            7.50 |
|   Register              |     0.075 |    41856 |    866400 |            4.83 |
|   LUT as Shift Register |    <0.001 |       43 |    174200 |            0.02 |
|   Others                |     0.000 |     8481 |       --- |             --- |
| Signals                 |     2.093 |   126359 |       --- |             --- |
| Block RAM               |     0.526 |       89 |      1470 |            6.05 |
| MMCM                    |     0.340 |        3 |        20 |           15.00 |
| DSPs                    |     3.094 |     2074 |      3600 |           57.61 |
| I/O                     |     0.006 |       33 |       600 |            5.50 |
| Static Power            |     0.400 |          |           |                 |
| Total                   |     8.319 |          |           |                 |
+-------------------------+-----------+----------+-----------+-----------------+


1.2 Power Supply Summary
------------------------

+-----------+-------------+-----------+-------------+------------+
| Source    | Voltage (V) | Total (A) | Dynamic (A) | Static (A) |
+-----------+-------------+-----------+-------------+------------+
| Vccint    |       1.000 |     7.800 |       7.546 |      0.254 |
| Vccaux    |       1.800 |     0.242 |       0.187 |      0.055 |
| Vcco33    |       3.300 |     0.000 |       0.000 |      0.000 |
| Vcco25    |       2.500 |     0.000 |       0.000 |      0.000 |
| Vcco18    |       1.800 |     0.000 |       0.000 |      0.000 |
| Vcco15    |       1.500 |     0.000 |       0.000 |      0.000 |
| Vcco135   |       1.350 |     0.000 |       0.000 |      0.000 |
| Vcco12    |       1.200 |     0.003 |       0.002 |      0.001 |
| Vccaux_io |       1.800 |     0.000 |       0.000 |      0.000 |
| Vccbram   |       1.000 |     0.045 |       0.036 |      0.009 |
| MGTAVcc   |       1.000 |     0.000 |       0.000 |      0.000 |
| MGTAVtt   |       1.200 |     0.000 |       0.000 |      0.000 |
| MGTVccaux |       1.800 |     0.000 |       0.000 |      0.000 |
| MGTZVccl  |       1.075 |     0.000 |       0.000 |      0.000 |
| MGTZAVcc  |       1.075 |     0.000 |       0.000 |      0.000 |
| MGTZVcch  |       1.800 |     0.000 |       0.000 |      0.000 |
| Vccadc    |       1.800 |     0.020 |       0.000 |      0.020 |
+-----------+-------------+-----------+-------------+------------+


1.3 Confidence Level
--------------------

+-----------------------------+------------+--------------------------------------------------------+------------------------------------------------------------------------------------------------------------+
| User Input Data             | Confidence | Details                                                | Action                                                                                                     |
+-----------------------------+------------+--------------------------------------------------------+------------------------------------------------------------------------------------------------------------+
| Design implementation state | High       | Design is routed                                       |                                                                                                            |
| Clock nodes activity        | High       | User specified more than 95% of clocks                 |                                                                                                            |
| I/O nodes activity          | Low        | More than 75% of inputs are missing user specification | Provide missing input activity with simulation results or by editing the "By Resource Type -> I/Os" view   |
| Internal nodes activity     | Medium     | User specified less than 25% of internal nodes         | Provide missing internal nodes activity with simulation results or by editing the "By Resource Type" views |
| Device models               | High       | Device models are Production                           |                                                                                                            |
|                             |            |                                                        |                                                                                                            |
| Overall confidence level    | Low        |                                                        |                                                                                                            |
+-----------------------------+------------+--------------------------------------------------------+------------------------------------------------------------------------------------------------------------+


2. Settings
-----------

2.1 Environment
---------------

+-----------------------+--------------------------+
| Ambient Temp (C)      | 25.0                     |
| ThetaJA (C/W)         | 0.8                      |
| Airflow (LFM)         | 250                      |
| Heat Sink             | medium (Medium Profile)  |
| ThetaSA (C/W)         | 1.2                      |
| Board Selection       | medium (10"x10")         |
| # of Board Layers     | 12to15 (12 to 15 Layers) |
| Board Temperature (C) | 25.0                     |
+-----------------------+--------------------------+


2.2 Clock Constraints
---------------------

+-----------------------+-----------------------------------------------+-----------------+
| Clock                 | Domain                                        | Constraint (ns) |
+-----------------------+-----------------------------------------------+-----------------+
| CLK_OUT4_usrclk_mmcm  | usrclk_mmcm_/inst/CLK_OUT4_usrclk_mmcm        |             4.8 |
| clk40_in_p            | clk40_in_p                                    |            24.0 |
| clk_125M_ctoc_mmcm    | ctoc/ctoc_mmcm_out/inst/clk_125M_ctoc_mmcm    |             8.0 |
| clk_125M_ctoc_mmcm_in | ctoc/ctoc_mmcm_in_/inst/clk_125M_ctoc_mmcm_in |             8.0 |
| clk_625M_ctoc_mmcm    | ctoc/ctoc_mmcm_out/inst/clk_625M_ctoc_mmcm    |             1.6 |
| clk_625M_ctoc_mmcm_in | ctoc/ctoc_mmcm_in_/inst/clk_625M_ctoc_mmcm_in |             1.6 |
| clkfbout_ctoc_mmcm    | ctoc/ctoc_mmcm_out/inst/clkfbout_ctoc_mmcm    |             8.0 |
| clkfbout_ctoc_mmcm_in | ctoc/ctoc_mmcm_in_/inst/clkfbout_ctoc_mmcm_in |             8.0 |
| clkfbout_usrclk_mmcm  | usrclk_mmcm_/inst/clkfbout_usrclk_mmcm        |            24.0 |
| ext_clk_in            | ext_clk_in                                    |             8.0 |
| pcie_clk              | pcie_clk                                      |             8.0 |
+-----------------------+-----------------------------------------------+-----------------+


3. Detailed Reports
-------------------

3.1 By Hierarchy
----------------

+----------------------------------------+-----------+
| Name                                   | Power (W) |
+----------------------------------------+-----------+
| mtf7_core_top                          |     7.919 |
|   cp                                   |     0.002 |
|   crb                                  |     0.004 |
|   ctoc                                 |     0.281 |
|     ctoc_ififo_                        |     0.007 |
|       U0                               |     0.007 |
|     ctoc_mmcm_in_                      |     0.123 |
|       inst                             |     0.123 |
|     ctoc_mmcm_out                      |     0.123 |
|       inst                             |     0.123 |
|   imem                                 |     0.533 |
|     im64_0                             |     0.520 |
|       U0                               |     0.520 |
|   my_test_algo                         |     6.993 |
|     my_11_2_lut                        |     0.002 |
|       U0                               |     0.002 |
|     my_11_9_lut                        |     0.002 |
|       U0                               |     0.002 |
|     my_hls_label                       |     6.979 |
|       grp_dense_latency_0_0_0_1_fu_314 |     1.307 |
|       grp_dense_latency_0_0_0_2_fu_341 |     1.920 |
|       grp_dense_latency_0_0_0_fu_404   |     0.158 |
|       grp_dense_latency_0_0_0_s_fu_280 |     2.911 |
|       grp_normalize_0_0_0_0_0_1_fu_370 |     0.160 |
|       grp_normalize_0_0_0_0_0_2_fu_524 |     0.130 |
|       grp_normalize_0_0_0_0_0_3_fu_574 |     0.027 |
|       grp_normalize_0_0_0_0_0_s_fu_464 |     0.134 |
|       grp_tanh_1_fu_548                |     0.050 |
|       grp_tanh_2_fu_493                |     0.060 |
|       grp_tanh_fu_428                  |     0.060 |
|   usrclk_mmcm_                         |     0.099 |
|     inst                               |     0.099 |
+----------------------------------------+-----------+


