
*** Running vivado
    with args -log usrclk_mmcm.vds -m64 -product Vivado -mode batch -messageDb vivado.pb -notrace -source usrclk_mmcm.tcl


****** Vivado v2020.1 (64-bit)
  **** SW Build 2902540 on Wed May 27 19:54:35 MDT 2020
  **** IP Build 2902112 on Wed May 27 22:43:36 MDT 2020
    ** Copyright 1986-2020 Xilinx, Inc. All Rights Reserved.

source usrclk_mmcm.tcl -notrace
INFO: [IP_Flow 19-234] Refreshing IP repositories
WARNING: [IP_Flow 19-2248] Failed to load user IP repository '/home/sergo/cms-phase2-muon-trigger/projects/dnn_emtf_displayed/user_ip_repo'; Can't find the specified path.
If this directory should no longer be in your list of user repositories, go to the IP Settings dialog and remove it.
INFO: [IP_Flow 19-2313] Loaded Vivado IP repository '/data/Xilinx/Vivado/2020.1/data/ip'.
Command: synth_design -top usrclk_mmcm -part xc7vx690tffg1927-2 -mode out_of_context
Starting synth_design
Attempting to get a license for feature 'Synthesis' and/or device 'xc7vx690t'
INFO: [Common 17-349] Got license for feature 'Synthesis' and/or device 'xc7vx690t'
INFO: [Common 17-1540] The version limit for your license is '2021.04' and has expired for new software. A version limit expiration means that, although you may be able to continue to use the current version of tools or IP with this license, you will not be eligible for any updates or new releases.
INFO: [Device 21-403] Loading part xc7vx690tffg1927-2
INFO: [Synth 8-7079] Multithreading enabled for synth_design using a maximum of 4 processes.
INFO: [Synth 8-7078] Launching helper process for spawning children vivado processes
INFO: [Synth 8-7075] Helper process launched with PID 95889
---------------------------------------------------------------------------------
Starting RTL Elaboration : Time (s): cpu = 00:00:03 ; elapsed = 00:00:06 . Memory (MB): peak = 2408.184 ; gain = 154.715 ; free physical = 25955 ; free virtual = 75090
---------------------------------------------------------------------------------
INFO: [Synth 8-6157] synthesizing module 'usrclk_mmcm' [/home/sergo/cms-phase2-muon-trigger/projects/dnn_emtf_displayed/hdl/emtf/usrclk_mmcm/usrclk_mmcm.v:75]
INFO: [Synth 8-6157] synthesizing module 'usrclk_mmcm_clk_wiz' [/home/sergo/cms-phase2-muon-trigger/projects/dnn_emtf_displayed/hdl/emtf/usrclk_mmcm/usrclk_mmcm_clk_wiz.v:73]
INFO: [Synth 8-6157] synthesizing module 'MMCME2_ADV' [/data/Xilinx/Vivado/2020.1/scripts/rt/data/unisim_comp.v:39994]
	Parameter BANDWIDTH bound to: OPTIMIZED - type: string 
	Parameter CLKFBOUT_MULT_F bound to: 20.000000 - type: double 
	Parameter CLKFBOUT_PHASE bound to: 0.000000 - type: double 
	Parameter CLKFBOUT_USE_FINE_PS bound to: FALSE - type: string 
	Parameter CLKIN1_PERIOD bound to: 25.000000 - type: double 
	Parameter CLKIN2_PERIOD bound to: 0.000000 - type: double 
	Parameter CLKOUT0_DIVIDE_F bound to: 5.000000 - type: double 
	Parameter CLKOUT0_DUTY_CYCLE bound to: 0.500000 - type: double 
	Parameter CLKOUT0_PHASE bound to: 0.000000 - type: double 
	Parameter CLKOUT0_USE_FINE_PS bound to: FALSE - type: string 
	Parameter CLKOUT1_DIVIDE bound to: 20 - type: integer 
	Parameter CLKOUT1_DUTY_CYCLE bound to: 0.500000 - type: double 
	Parameter CLKOUT1_PHASE bound to: 0.000000 - type: double 
	Parameter CLKOUT1_USE_FINE_PS bound to: FALSE - type: string 
	Parameter CLKOUT2_DIVIDE bound to: 8 - type: integer 
	Parameter CLKOUT2_DUTY_CYCLE bound to: 0.500000 - type: double 
	Parameter CLKOUT2_PHASE bound to: 0.000000 - type: double 
	Parameter CLKOUT2_USE_FINE_PS bound to: FALSE - type: string 
	Parameter CLKOUT3_DIVIDE bound to: 7 - type: integer 
	Parameter CLKOUT3_DUTY_CYCLE bound to: 0.500000 - type: double 
	Parameter CLKOUT3_PHASE bound to: 0.000000 - type: double 
	Parameter CLKOUT3_USE_FINE_PS bound to: FALSE - type: string 
	Parameter CLKOUT4_CASCADE bound to: FALSE - type: string 
	Parameter CLKOUT4_DIVIDE bound to: 2 - type: integer 
	Parameter CLKOUT4_DUTY_CYCLE bound to: 0.500000 - type: double 
	Parameter CLKOUT4_PHASE bound to: 0.000000 - type: double 
	Parameter CLKOUT4_USE_FINE_PS bound to: FALSE - type: string 
	Parameter CLKOUT5_DIVIDE bound to: 3 - type: integer 
	Parameter CLKOUT5_DUTY_CYCLE bound to: 0.500000 - type: double 
	Parameter CLKOUT5_PHASE bound to: 0.000000 - type: double 
	Parameter CLKOUT5_USE_FINE_PS bound to: FALSE - type: string 
	Parameter CLKOUT6_DIVIDE bound to: 1 - type: integer 
	Parameter CLKOUT6_DUTY_CYCLE bound to: 0.500000 - type: double 
	Parameter CLKOUT6_PHASE bound to: 0.000000 - type: double 
	Parameter CLKOUT6_USE_FINE_PS bound to: FALSE - type: string 
	Parameter COMPENSATION bound to: ZHOLD - type: string 
	Parameter DIVCLK_DIVIDE bound to: 1 - type: integer 
	Parameter IS_CLKINSEL_INVERTED bound to: 1'b0 
	Parameter IS_PSEN_INVERTED bound to: 1'b0 
	Parameter IS_PSINCDEC_INVERTED bound to: 1'b0 
	Parameter IS_PWRDWN_INVERTED bound to: 1'b0 
	Parameter IS_RST_INVERTED bound to: 1'b0 
	Parameter REF_JITTER1 bound to: 0.010000 - type: double 
	Parameter REF_JITTER2 bound to: 0.010000 - type: double 
	Parameter SS_EN bound to: FALSE - type: string 
	Parameter SS_MODE bound to: CENTER_HIGH - type: string 
	Parameter SS_MOD_PERIOD bound to: 10000 - type: integer 
	Parameter STARTUP_WAIT bound to: FALSE - type: string 
INFO: [Synth 8-6155] done synthesizing module 'MMCME2_ADV' (1#1) [/data/Xilinx/Vivado/2020.1/scripts/rt/data/unisim_comp.v:39994]
INFO: [Synth 8-6157] synthesizing module 'BUFG' [/data/Xilinx/Vivado/2020.1/scripts/rt/data/unisim_comp.v:1083]
INFO: [Synth 8-6155] done synthesizing module 'BUFG' (2#1) [/data/Xilinx/Vivado/2020.1/scripts/rt/data/unisim_comp.v:1083]
INFO: [Synth 8-6155] done synthesizing module 'usrclk_mmcm_clk_wiz' (3#1) [/home/sergo/cms-phase2-muon-trigger/projects/dnn_emtf_displayed/hdl/emtf/usrclk_mmcm/usrclk_mmcm_clk_wiz.v:73]
INFO: [Synth 8-6155] done synthesizing module 'usrclk_mmcm' (4#1) [/home/sergo/cms-phase2-muon-trigger/projects/dnn_emtf_displayed/hdl/emtf/usrclk_mmcm/usrclk_mmcm.v:75]
---------------------------------------------------------------------------------
Finished RTL Elaboration : Time (s): cpu = 00:00:04 ; elapsed = 00:00:07 . Memory (MB): peak = 2449.094 ; gain = 195.625 ; free physical = 26687 ; free virtual = 75824
---------------------------------------------------------------------------------
---------------------------------------------------------------------------------
Start Handling Custom Attributes
---------------------------------------------------------------------------------
---------------------------------------------------------------------------------
Finished Handling Custom Attributes : Time (s): cpu = 00:00:04 ; elapsed = 00:00:08 . Memory (MB): peak = 2466.902 ; gain = 213.434 ; free physical = 26648 ; free virtual = 75784
---------------------------------------------------------------------------------
---------------------------------------------------------------------------------
Finished RTL Optimization Phase 1 : Time (s): cpu = 00:00:04 ; elapsed = 00:00:08 . Memory (MB): peak = 2466.902 ; gain = 213.434 ; free physical = 26648 ; free virtual = 75784
---------------------------------------------------------------------------------
Netlist sorting complete. Time (s): cpu = 00:00:00 ; elapsed = 00:00:00 . Memory (MB): peak = 2473.840 ; gain = 0.000 ; free physical = 26627 ; free virtual = 75763
INFO: [Netlist 29-17] Analyzing 1 Unisim elements for replacement
INFO: [Netlist 29-28] Unisim Transformation completed in 0 CPU seconds
INFO: [Project 1-570] Preparing netlist for logic optimization

Processing XDC Constraints
Initializing timing engine
Parsing XDC File [/home/sergo/cms-phase2-muon-trigger/projects/dnn_emtf_displayed/hdl/emtf/usrclk_mmcm/usrclk_mmcm_ooc.xdc] for cell 'inst'
Finished Parsing XDC File [/home/sergo/cms-phase2-muon-trigger/projects/dnn_emtf_displayed/hdl/emtf/usrclk_mmcm/usrclk_mmcm_ooc.xdc] for cell 'inst'
Parsing XDC File [/home/sergo/cms-phase2-muon-trigger/projects/dnn_emtf_displayed/hdl/emtf/usrclk_mmcm/usrclk_mmcm_board.xdc] for cell 'inst'
Finished Parsing XDC File [/home/sergo/cms-phase2-muon-trigger/projects/dnn_emtf_displayed/hdl/emtf/usrclk_mmcm/usrclk_mmcm_board.xdc] for cell 'inst'
Parsing XDC File [/home/sergo/cms-phase2-muon-trigger/projects/dnn_emtf_displayed/hdl/emtf/usrclk_mmcm/usrclk_mmcm.xdc] for cell 'inst'
Finished Parsing XDC File [/home/sergo/cms-phase2-muon-trigger/projects/dnn_emtf_displayed/hdl/emtf/usrclk_mmcm/usrclk_mmcm.xdc] for cell 'inst'
Parsing XDC File [/home/sergo/cms-phase2-muon-trigger/projects/dnn_emtf_displayed/top/top.runs/usrclk_mmcm_synth_1/dont_touch.xdc]
Finished Parsing XDC File [/home/sergo/cms-phase2-muon-trigger/projects/dnn_emtf_displayed/top/top.runs/usrclk_mmcm_synth_1/dont_touch.xdc]
Parsing XDC File [/home/sergo/cms-phase2-muon-trigger/projects/dnn_emtf_displayed/hdl/emtf/usrclk_mmcm/usrclk_mmcm_late.xdc] for cell 'inst'
Finished Parsing XDC File [/home/sergo/cms-phase2-muon-trigger/projects/dnn_emtf_displayed/hdl/emtf/usrclk_mmcm/usrclk_mmcm_late.xdc] for cell 'inst'
Completed Processing XDC Constraints

Netlist sorting complete. Time (s): cpu = 00:00:00 ; elapsed = 00:00:00 . Memory (MB): peak = 2556.684 ; gain = 0.000 ; free physical = 26537 ; free virtual = 75675
INFO: [Project 1-111] Unisim Transformation Summary:
No Unisim elements were transformed.

INFO: [Timing 38-2] Deriving generated clocks
Constraint Validation Runtime : Time (s): cpu = 00:00:00.03 ; elapsed = 00:00:00.09 . Memory (MB): peak = 2559.652 ; gain = 2.969 ; free physical = 26536 ; free virtual = 75673
---------------------------------------------------------------------------------
Finished Constraint Validation : Time (s): cpu = 00:00:11 ; elapsed = 00:00:18 . Memory (MB): peak = 2559.652 ; gain = 306.184 ; free physical = 26507 ; free virtual = 75645
---------------------------------------------------------------------------------
---------------------------------------------------------------------------------
Start Loading Part and Timing Information
---------------------------------------------------------------------------------
Loading part: xc7vx690tffg1927-2
---------------------------------------------------------------------------------
Finished Loading Part and Timing Information : Time (s): cpu = 00:00:11 ; elapsed = 00:00:18 . Memory (MB): peak = 2559.652 ; gain = 306.184 ; free physical = 26506 ; free virtual = 75644
---------------------------------------------------------------------------------
---------------------------------------------------------------------------------
Start Applying 'set_property' XDC Constraints
---------------------------------------------------------------------------------
Applied set_property DONT_TOUCH = true for inst. (constraint file  /home/sergo/cms-phase2-muon-trigger/projects/dnn_emtf_displayed/top/top.runs/usrclk_mmcm_synth_1/dont_touch.xdc, line 9).
---------------------------------------------------------------------------------
Finished applying 'set_property' XDC Constraints : Time (s): cpu = 00:00:11 ; elapsed = 00:00:18 . Memory (MB): peak = 2559.652 ; gain = 306.184 ; free physical = 26506 ; free virtual = 75644
---------------------------------------------------------------------------------
---------------------------------------------------------------------------------
Finished RTL Optimization Phase 2 : Time (s): cpu = 00:00:11 ; elapsed = 00:00:18 . Memory (MB): peak = 2559.652 ; gain = 306.184 ; free physical = 26551 ; free virtual = 75691
---------------------------------------------------------------------------------
---------------------------------------------------------------------------------
Start RTL Component Statistics 
---------------------------------------------------------------------------------
Detailed RTL Component Info : 
---------------------------------------------------------------------------------
Finished RTL Component Statistics 
---------------------------------------------------------------------------------
---------------------------------------------------------------------------------
Start Part Resource Summary
---------------------------------------------------------------------------------
Part Resources:
DSPs: 3600 (col length:200)
BRAMs: 2940 (col length: RAMB18 200 RAMB36 100)
---------------------------------------------------------------------------------
Finished Part Resource Summary
---------------------------------------------------------------------------------
---------------------------------------------------------------------------------
Start Cross Boundary and Area Optimization
---------------------------------------------------------------------------------
---------------------------------------------------------------------------------
Finished Cross Boundary and Area Optimization : Time (s): cpu = 00:00:12 ; elapsed = 00:00:19 . Memory (MB): peak = 2559.652 ; gain = 306.184 ; free physical = 26583 ; free virtual = 75727
---------------------------------------------------------------------------------
---------------------------------------------------------------------------------
Start Applying XDC Timing Constraints
---------------------------------------------------------------------------------
---------------------------------------------------------------------------------
Finished Applying XDC Timing Constraints : Time (s): cpu = 00:00:16 ; elapsed = 00:00:25 . Memory (MB): peak = 2559.652 ; gain = 306.184 ; free physical = 26354 ; free virtual = 75508
---------------------------------------------------------------------------------
---------------------------------------------------------------------------------
Start Timing Optimization
---------------------------------------------------------------------------------
---------------------------------------------------------------------------------
Finished Timing Optimization : Time (s): cpu = 00:00:16 ; elapsed = 00:00:25 . Memory (MB): peak = 2559.652 ; gain = 306.184 ; free physical = 26354 ; free virtual = 75508
---------------------------------------------------------------------------------
---------------------------------------------------------------------------------
Start Technology Mapping
---------------------------------------------------------------------------------
---------------------------------------------------------------------------------
Finished Technology Mapping : Time (s): cpu = 00:00:16 ; elapsed = 00:00:25 . Memory (MB): peak = 2559.652 ; gain = 306.184 ; free physical = 26351 ; free virtual = 75506
---------------------------------------------------------------------------------
---------------------------------------------------------------------------------
Start IO Insertion
---------------------------------------------------------------------------------
---------------------------------------------------------------------------------
Start Flattening Before IO Insertion
---------------------------------------------------------------------------------
---------------------------------------------------------------------------------
Finished Flattening Before IO Insertion
---------------------------------------------------------------------------------
---------------------------------------------------------------------------------
Start Final Netlist Cleanup
---------------------------------------------------------------------------------
---------------------------------------------------------------------------------
Finished Final Netlist Cleanup
---------------------------------------------------------------------------------
---------------------------------------------------------------------------------
Finished IO Insertion : Time (s): cpu = 00:00:18 ; elapsed = 00:00:28 . Memory (MB): peak = 2559.652 ; gain = 306.184 ; free physical = 26152 ; free virtual = 75307
---------------------------------------------------------------------------------
---------------------------------------------------------------------------------
Start Renaming Generated Instances
---------------------------------------------------------------------------------
---------------------------------------------------------------------------------
Finished Renaming Generated Instances : Time (s): cpu = 00:00:18 ; elapsed = 00:00:28 . Memory (MB): peak = 2559.652 ; gain = 306.184 ; free physical = 26152 ; free virtual = 75307
---------------------------------------------------------------------------------
---------------------------------------------------------------------------------
Start Rebuilding User Hierarchy
---------------------------------------------------------------------------------
---------------------------------------------------------------------------------
Finished Rebuilding User Hierarchy : Time (s): cpu = 00:00:19 ; elapsed = 00:00:28 . Memory (MB): peak = 2559.652 ; gain = 306.184 ; free physical = 26152 ; free virtual = 75307
---------------------------------------------------------------------------------
---------------------------------------------------------------------------------
Start Renaming Generated Ports
---------------------------------------------------------------------------------
---------------------------------------------------------------------------------
Finished Renaming Generated Ports : Time (s): cpu = 00:00:19 ; elapsed = 00:00:28 . Memory (MB): peak = 2559.652 ; gain = 306.184 ; free physical = 26152 ; free virtual = 75307
---------------------------------------------------------------------------------
---------------------------------------------------------------------------------
Start Handling Custom Attributes
---------------------------------------------------------------------------------
---------------------------------------------------------------------------------
Finished Handling Custom Attributes : Time (s): cpu = 00:00:19 ; elapsed = 00:00:28 . Memory (MB): peak = 2559.652 ; gain = 306.184 ; free physical = 26152 ; free virtual = 75307
---------------------------------------------------------------------------------
---------------------------------------------------------------------------------
Start Renaming Generated Nets
---------------------------------------------------------------------------------
---------------------------------------------------------------------------------
Finished Renaming Generated Nets : Time (s): cpu = 00:00:19 ; elapsed = 00:00:28 . Memory (MB): peak = 2559.652 ; gain = 306.184 ; free physical = 26152 ; free virtual = 75307
---------------------------------------------------------------------------------
---------------------------------------------------------------------------------
Start Writing Synthesis Report
---------------------------------------------------------------------------------

Report BlackBoxes: 
+-+--------------+----------+
| |BlackBox name |Instances |
+-+--------------+----------+
+-+--------------+----------+

Report Cell Usage: 
+------+-----------+------+
|      |Cell       |Count |
+------+-----------+------+
|1     |BUFG       |     7|
|2     |MMCME2_ADV |     1|
+------+-----------+------+
---------------------------------------------------------------------------------
Finished Writing Synthesis Report : Time (s): cpu = 00:00:19 ; elapsed = 00:00:28 . Memory (MB): peak = 2559.652 ; gain = 306.184 ; free physical = 26152 ; free virtual = 75307
---------------------------------------------------------------------------------
Synthesis finished with 0 errors, 0 critical warnings and 0 warnings.
Synthesis Optimization Runtime : Time (s): cpu = 00:00:15 ; elapsed = 00:00:24 . Memory (MB): peak = 2559.652 ; gain = 213.434 ; free physical = 26204 ; free virtual = 75359
Synthesis Optimization Complete : Time (s): cpu = 00:00:19 ; elapsed = 00:00:28 . Memory (MB): peak = 2559.652 ; gain = 306.184 ; free physical = 26203 ; free virtual = 75358
INFO: [Project 1-571] Translating synthesized netlist
Netlist sorting complete. Time (s): cpu = 00:00:00 ; elapsed = 00:00:00 . Memory (MB): peak = 2559.652 ; gain = 0.000 ; free physical = 26195 ; free virtual = 75350
INFO: [Netlist 29-17] Analyzing 1 Unisim elements for replacement
INFO: [Netlist 29-28] Unisim Transformation completed in 0 CPU seconds
INFO: [Project 1-570] Preparing netlist for logic optimization
INFO: [Opt 31-138] Pushed 0 inverter(s) to 0 load pin(s).
Netlist sorting complete. Time (s): cpu = 00:00:00 ; elapsed = 00:00:00 . Memory (MB): peak = 2577.418 ; gain = 0.000 ; free physical = 26188 ; free virtual = 75344
INFO: [Project 1-111] Unisim Transformation Summary:
No Unisim elements were transformed.

INFO: [Common 17-83] Releasing license: Synthesis
28 Infos, 1 Warnings, 0 Critical Warnings and 0 Errors encountered.
synth_design completed successfully
synth_design: Time (s): cpu = 00:00:33 ; elapsed = 00:00:51 . Memory (MB): peak = 2577.418 ; gain = 352.914 ; free physical = 26393 ; free virtual = 75548
INFO: [Common 17-1381] The checkpoint '/home/sergo/cms-phase2-muon-trigger/projects/dnn_emtf_displayed/top/top.runs/usrclk_mmcm_synth_1/usrclk_mmcm.dcp' has been generated.
INFO: [runtcl-4] Executing : report_utilization -file usrclk_mmcm_utilization_synth.rpt -pb usrclk_mmcm_utilization_synth.pb
INFO: [Common 17-206] Exiting Vivado at Fri Jun 18 09:46:59 2021...
