INFO: [VRFC 10-163] Analyzing VHDL file "/home/sergo/cms-phase2-muon-trigger/projects/dnn_emtf_displayed/top/top.sim/sim_1/synth/func/xsim/top_tb_func_synth.vhd" into library xil_defaultlib
INFO: [VRFC 10-3107] analyzing entity 'axi_or_mux'
INFO: [VRFC 10-3107] analyzing entity 'core_params_axi'
INFO: [VRFC 10-3107] analyzing entity 'ctoc_mmcm_ctoc_mmcm_clk_wiz'
INFO: [VRFC 10-3107] analyzing entity 'ctoc_mmcm_in_ctoc_mmcm_in_clk_wiz'
INFO: [VRFC 10-3107] analyzing entity 'dense_latency_0_0_0_0_0_0_0_0_0_0_0_0_0_0_0_0'
INFO: [VRFC 10-3107] analyzing entity 'dense_latency_0_0_0_0_0_0_0_0_0_0_0_0_0_0_0_0_0_0_0_0_0'
INFO: [VRFC 10-3107] analyzing entity 'dense_latency_ap_fixed_ap_fixed_config11_0_0_0'
INFO: [VRFC 10-3107] analyzing entity 'normalize_0_0_0_0_0_0_0_0_0_0_0_0_0_0_0_0_0_0_0_0_0_0_0_0_0_s'
INFO: [VRFC 10-3107] analyzing entity 'register_bank'
INFO: [VRFC 10-3107] analyzing entity 'tanh_ap_fixed_ap_fixed_24_8_5_3_0_tanh_config10_s_tanh_tacud_rom'
INFO: [VRFC 10-3107] analyzing entity 'tanh_ap_fixed_ap_fixed_24_8_5_3_0_tanh_config6_s_tanh_tabbkb_rom'
INFO: [VRFC 10-3107] analyzing entity 'usrclk_mmcm_usrclk_mmcm_clk_wiz'
INFO: [VRFC 10-3107] analyzing entity 'blk_mem_gen_0_blk_mem_gen_prim_wrapper_init'
INFO: [VRFC 10-3107] analyzing entity '\blk_mem_gen_0_blk_mem_gen_prim_wrapper_init__parameterized0\'
INFO: [VRFC 10-3107] analyzing entity '\blk_mem_gen_0_blk_mem_gen_prim_wrapper_init__parameterized1\'
INFO: [VRFC 10-3107] analyzing entity '\blk_mem_gen_0_blk_mem_gen_prim_wrapper_init__parameterized2\'
INFO: [VRFC 10-3107] analyzing entity '\blk_mem_gen_0_blk_mem_gen_prim_wrapper_init__parameterized3\'
INFO: [VRFC 10-3107] analyzing entity '\blk_mem_gen_0_blk_mem_gen_prim_wrapper_init__parameterized4\'
INFO: [VRFC 10-3107] analyzing entity '\blk_mem_gen_0_blk_mem_gen_prim_wrapper_init__parameterized5\'
INFO: [VRFC 10-3107] analyzing entity '\blk_mem_gen_0_blk_mem_gen_prim_wrapper_init__parameterized6\'
INFO: [VRFC 10-3107] analyzing entity '\blk_mem_gen_0_blk_mem_gen_prim_wrapper_init__parameterized7\'
INFO: [VRFC 10-3107] analyzing entity '\blk_mem_gen_0_blk_mem_gen_prim_wrapper_init__parameterized8\'
INFO: [VRFC 10-3107] analyzing entity 'ctoc_ififo_builtin_prim_v6'
INFO: [VRFC 10-3107] analyzing entity 'ctoc_ififo_reset_builtin'
INFO: [VRFC 10-3107] analyzing entity 'eleven2nine_lut_blk_mem_gen_prim_wrapper_init'
INFO: [VRFC 10-3107] analyzing entity 'eleven2two_lut_blk_mem_gen_prim_wrapper_init'
INFO: [VRFC 10-3107] analyzing entity 'inject_mem_64_blk_mem_gen_prim_wrapper'
INFO: [VRFC 10-3107] analyzing entity '\inject_mem_64_blk_mem_gen_prim_wrapper__parameterized0\'
INFO: [VRFC 10-3107] analyzing entity '\inject_mem_64_blk_mem_gen_prim_wrapper__parameterized1\'
INFO: [VRFC 10-3107] analyzing entity '\inject_mem_64_blk_mem_gen_prim_wrapper__parameterized10\'
INFO: [VRFC 10-3107] analyzing entity '\inject_mem_64_blk_mem_gen_prim_wrapper__parameterized11\'
INFO: [VRFC 10-3107] analyzing entity '\inject_mem_64_blk_mem_gen_prim_wrapper__parameterized12\'
INFO: [VRFC 10-3107] analyzing entity '\inject_mem_64_blk_mem_gen_prim_wrapper__parameterized13\'
INFO: [VRFC 10-3107] analyzing entity '\inject_mem_64_blk_mem_gen_prim_wrapper__parameterized14\'
INFO: [VRFC 10-3107] analyzing entity '\inject_mem_64_blk_mem_gen_prim_wrapper__parameterized15\'
INFO: [VRFC 10-3107] analyzing entity '\inject_mem_64_blk_mem_gen_prim_wrapper__parameterized16\'
INFO: [VRFC 10-3107] analyzing entity '\inject_mem_64_blk_mem_gen_prim_wrapper__parameterized17\'
INFO: [VRFC 10-3107] analyzing entity '\inject_mem_64_blk_mem_gen_prim_wrapper__parameterized18\'
INFO: [VRFC 10-3107] analyzing entity '\inject_mem_64_blk_mem_gen_prim_wrapper__parameterized19\'
INFO: [VRFC 10-3107] analyzing entity '\inject_mem_64_blk_mem_gen_prim_wrapper__parameterized2\'
INFO: [VRFC 10-3107] analyzing entity '\inject_mem_64_blk_mem_gen_prim_wrapper__parameterized20\'
INFO: [VRFC 10-3107] analyzing entity '\inject_mem_64_blk_mem_gen_prim_wrapper__parameterized21\'
INFO: [VRFC 10-3107] analyzing entity '\inject_mem_64_blk_mem_gen_prim_wrapper__parameterized22\'
INFO: [VRFC 10-3107] analyzing entity '\inject_mem_64_blk_mem_gen_prim_wrapper__parameterized23\'
INFO: [VRFC 10-3107] analyzing entity '\inject_mem_64_blk_mem_gen_prim_wrapper__parameterized24\'
INFO: [VRFC 10-3107] analyzing entity '\inject_mem_64_blk_mem_gen_prim_wrapper__parameterized25\'
INFO: [VRFC 10-3107] analyzing entity '\inject_mem_64_blk_mem_gen_prim_wrapper__parameterized26\'
INFO: [VRFC 10-3107] analyzing entity '\inject_mem_64_blk_mem_gen_prim_wrapper__parameterized27\'
INFO: [VRFC 10-3107] analyzing entity '\inject_mem_64_blk_mem_gen_prim_wrapper__parameterized28\'
INFO: [VRFC 10-3107] analyzing entity '\inject_mem_64_blk_mem_gen_prim_wrapper__parameterized29\'
INFO: [VRFC 10-3107] analyzing entity '\inject_mem_64_blk_mem_gen_prim_wrapper__parameterized3\'
INFO: [VRFC 10-3107] analyzing entity '\inject_mem_64_blk_mem_gen_prim_wrapper__parameterized30\'
INFO: [VRFC 10-3107] analyzing entity '\inject_mem_64_blk_mem_gen_prim_wrapper__parameterized31\'
INFO: [VRFC 10-3107] analyzing entity '\inject_mem_64_blk_mem_gen_prim_wrapper__parameterized32\'
INFO: [VRFC 10-3107] analyzing entity '\inject_mem_64_blk_mem_gen_prim_wrapper__parameterized33\'
INFO: [VRFC 10-3107] analyzing entity '\inject_mem_64_blk_mem_gen_prim_wrapper__parameterized34\'
INFO: [VRFC 10-3107] analyzing entity '\inject_mem_64_blk_mem_gen_prim_wrapper__parameterized35\'
INFO: [VRFC 10-3107] analyzing entity '\inject_mem_64_blk_mem_gen_prim_wrapper__parameterized36\'
INFO: [VRFC 10-3107] analyzing entity '\inject_mem_64_blk_mem_gen_prim_wrapper__parameterized37\'
INFO: [VRFC 10-3107] analyzing entity '\inject_mem_64_blk_mem_gen_prim_wrapper__parameterized38\'
INFO: [VRFC 10-3107] analyzing entity '\inject_mem_64_blk_mem_gen_prim_wrapper__parameterized39\'
INFO: [VRFC 10-3107] analyzing entity '\inject_mem_64_blk_mem_gen_prim_wrapper__parameterized4\'
INFO: [VRFC 10-3107] analyzing entity '\inject_mem_64_blk_mem_gen_prim_wrapper__parameterized40\'
INFO: [VRFC 10-3107] analyzing entity '\inject_mem_64_blk_mem_gen_prim_wrapper__parameterized41\'
INFO: [VRFC 10-3107] analyzing entity '\inject_mem_64_blk_mem_gen_prim_wrapper__parameterized42\'
INFO: [VRFC 10-3107] analyzing entity '\inject_mem_64_blk_mem_gen_prim_wrapper__parameterized43\'
INFO: [VRFC 10-3107] analyzing entity '\inject_mem_64_blk_mem_gen_prim_wrapper__parameterized44\'
INFO: [VRFC 10-3107] analyzing entity '\inject_mem_64_blk_mem_gen_prim_wrapper__parameterized45\'
INFO: [VRFC 10-3107] analyzing entity '\inject_mem_64_blk_mem_gen_prim_wrapper__parameterized46\'
INFO: [VRFC 10-3107] analyzing entity '\inject_mem_64_blk_mem_gen_prim_wrapper__parameterized47\'
INFO: [VRFC 10-3107] analyzing entity '\inject_mem_64_blk_mem_gen_prim_wrapper__parameterized48\'
INFO: [VRFC 10-3107] analyzing entity '\inject_mem_64_blk_mem_gen_prim_wrapper__parameterized49\'
INFO: [VRFC 10-3107] analyzing entity '\inject_mem_64_blk_mem_gen_prim_wrapper__parameterized5\'
INFO: [VRFC 10-3107] analyzing entity '\inject_mem_64_blk_mem_gen_prim_wrapper__parameterized50\'
INFO: [VRFC 10-3107] analyzing entity '\inject_mem_64_blk_mem_gen_prim_wrapper__parameterized51\'
INFO: [VRFC 10-3107] analyzing entity '\inject_mem_64_blk_mem_gen_prim_wrapper__parameterized52\'
INFO: [VRFC 10-3107] analyzing entity '\inject_mem_64_blk_mem_gen_prim_wrapper__parameterized53\'
INFO: [VRFC 10-3107] analyzing entity '\inject_mem_64_blk_mem_gen_prim_wrapper__parameterized54\'
INFO: [VRFC 10-3107] analyzing entity '\inject_mem_64_blk_mem_gen_prim_wrapper__parameterized55\'
INFO: [VRFC 10-3107] analyzing entity '\inject_mem_64_blk_mem_gen_prim_wrapper__parameterized56\'
INFO: [VRFC 10-3107] analyzing entity '\inject_mem_64_blk_mem_gen_prim_wrapper__parameterized57\'
INFO: [VRFC 10-3107] analyzing entity '\inject_mem_64_blk_mem_gen_prim_wrapper__parameterized58\'
INFO: [VRFC 10-3107] analyzing entity '\inject_mem_64_blk_mem_gen_prim_wrapper__parameterized59\'
INFO: [VRFC 10-3107] analyzing entity '\inject_mem_64_blk_mem_gen_prim_wrapper__parameterized6\'
INFO: [VRFC 10-3107] analyzing entity '\inject_mem_64_blk_mem_gen_prim_wrapper__parameterized60\'
INFO: [VRFC 10-3107] analyzing entity '\inject_mem_64_blk_mem_gen_prim_wrapper__parameterized61\'
INFO: [VRFC 10-3107] analyzing entity '\inject_mem_64_blk_mem_gen_prim_wrapper__parameterized62\'
INFO: [VRFC 10-3107] analyzing entity '\inject_mem_64_blk_mem_gen_prim_wrapper__parameterized7\'
INFO: [VRFC 10-3107] analyzing entity '\inject_mem_64_blk_mem_gen_prim_wrapper__parameterized8\'
INFO: [VRFC 10-3107] analyzing entity '\inject_mem_64_blk_mem_gen_prim_wrapper__parameterized9\'
INFO: [VRFC 10-3107] analyzing entity 'ctoc_mmcm'
INFO: [VRFC 10-3107] analyzing entity 'ctoc_mmcm_in'
INFO: [VRFC 10-3107] analyzing entity 'tanh_ap_fixed_ap_fixed_24_8_5_3_0_tanh_config10_s_tanh_tacud'
INFO: [VRFC 10-3107] analyzing entity 'tanh_ap_fixed_ap_fixed_24_8_5_3_0_tanh_config6_s_tanh_tabbkb'
INFO: [VRFC 10-3107] analyzing entity 'usrclk_mmcm'
INFO: [VRFC 10-3107] analyzing entity 'blk_mem_gen_0_blk_mem_gen_prim_width'
INFO: [VRFC 10-3107] analyzing entity '\blk_mem_gen_0_blk_mem_gen_prim_width__parameterized0\'
INFO: [VRFC 10-3107] analyzing entity '\blk_mem_gen_0_blk_mem_gen_prim_width__parameterized1\'
INFO: [VRFC 10-3107] analyzing entity '\blk_mem_gen_0_blk_mem_gen_prim_width__parameterized2\'
INFO: [VRFC 10-3107] analyzing entity '\blk_mem_gen_0_blk_mem_gen_prim_width__parameterized3\'
INFO: [VRFC 10-3107] analyzing entity '\blk_mem_gen_0_blk_mem_gen_prim_width__parameterized4\'
INFO: [VRFC 10-3107] analyzing entity '\blk_mem_gen_0_blk_mem_gen_prim_width__parameterized5\'
INFO: [VRFC 10-3107] analyzing entity '\blk_mem_gen_0_blk_mem_gen_prim_width__parameterized6\'
INFO: [VRFC 10-3107] analyzing entity '\blk_mem_gen_0_blk_mem_gen_prim_width__parameterized7\'
INFO: [VRFC 10-3107] analyzing entity '\blk_mem_gen_0_blk_mem_gen_prim_width__parameterized8\'
INFO: [VRFC 10-3107] analyzing entity 'ctoc_ififo_builtin_extdepth_v6'
INFO: [VRFC 10-3107] analyzing entity 'eleven2nine_lut_blk_mem_gen_prim_width'
INFO: [VRFC 10-3107] analyzing entity 'eleven2two_lut_blk_mem_gen_prim_width'
INFO: [VRFC 10-3107] analyzing entity 'inject_mem_64_blk_mem_gen_prim_width'
INFO: [VRFC 10-3107] analyzing entity '\inject_mem_64_blk_mem_gen_prim_width__parameterized0\'
INFO: [VRFC 10-3107] analyzing entity '\inject_mem_64_blk_mem_gen_prim_width__parameterized1\'
INFO: [VRFC 10-3107] analyzing entity '\inject_mem_64_blk_mem_gen_prim_width__parameterized10\'
INFO: [VRFC 10-3107] analyzing entity '\inject_mem_64_blk_mem_gen_prim_width__parameterized11\'
INFO: [VRFC 10-3107] analyzing entity '\inject_mem_64_blk_mem_gen_prim_width__parameterized12\'
INFO: [VRFC 10-3107] analyzing entity '\inject_mem_64_blk_mem_gen_prim_width__parameterized13\'
INFO: [VRFC 10-3107] analyzing entity '\inject_mem_64_blk_mem_gen_prim_width__parameterized14\'
INFO: [VRFC 10-3107] analyzing entity '\inject_mem_64_blk_mem_gen_prim_width__parameterized15\'
INFO: [VRFC 10-3107] analyzing entity '\inject_mem_64_blk_mem_gen_prim_width__parameterized16\'
INFO: [VRFC 10-3107] analyzing entity '\inject_mem_64_blk_mem_gen_prim_width__parameterized17\'
INFO: [VRFC 10-3107] analyzing entity '\inject_mem_64_blk_mem_gen_prim_width__parameterized18\'
INFO: [VRFC 10-3107] analyzing entity '\inject_mem_64_blk_mem_gen_prim_width__parameterized19\'
INFO: [VRFC 10-3107] analyzing entity '\inject_mem_64_blk_mem_gen_prim_width__parameterized2\'
INFO: [VRFC 10-3107] analyzing entity '\inject_mem_64_blk_mem_gen_prim_width__parameterized20\'
INFO: [VRFC 10-3107] analyzing entity '\inject_mem_64_blk_mem_gen_prim_width__parameterized21\'
INFO: [VRFC 10-3107] analyzing entity '\inject_mem_64_blk_mem_gen_prim_width__parameterized22\'
INFO: [VRFC 10-3107] analyzing entity '\inject_mem_64_blk_mem_gen_prim_width__parameterized23\'
INFO: [VRFC 10-3107] analyzing entity '\inject_mem_64_blk_mem_gen_prim_width__parameterized24\'
INFO: [VRFC 10-3107] analyzing entity '\inject_mem_64_blk_mem_gen_prim_width__parameterized25\'
INFO: [VRFC 10-3107] analyzing entity '\inject_mem_64_blk_mem_gen_prim_width__parameterized26\'
INFO: [VRFC 10-3107] analyzing entity '\inject_mem_64_blk_mem_gen_prim_width__parameterized27\'
INFO: [VRFC 10-3107] analyzing entity '\inject_mem_64_blk_mem_gen_prim_width__parameterized28\'
INFO: [VRFC 10-3107] analyzing entity '\inject_mem_64_blk_mem_gen_prim_width__parameterized29\'
INFO: [VRFC 10-3107] analyzing entity '\inject_mem_64_blk_mem_gen_prim_width__parameterized3\'
INFO: [VRFC 10-3107] analyzing entity '\inject_mem_64_blk_mem_gen_prim_width__parameterized30\'
INFO: [VRFC 10-3107] analyzing entity '\inject_mem_64_blk_mem_gen_prim_width__parameterized31\'
INFO: [VRFC 10-3107] analyzing entity '\inject_mem_64_blk_mem_gen_prim_width__parameterized32\'
INFO: [VRFC 10-3107] analyzing entity '\inject_mem_64_blk_mem_gen_prim_width__parameterized33\'
INFO: [VRFC 10-3107] analyzing entity '\inject_mem_64_blk_mem_gen_prim_width__parameterized34\'
INFO: [VRFC 10-3107] analyzing entity '\inject_mem_64_blk_mem_gen_prim_width__parameterized35\'
INFO: [VRFC 10-3107] analyzing entity '\inject_mem_64_blk_mem_gen_prim_width__parameterized36\'
INFO: [VRFC 10-3107] analyzing entity '\inject_mem_64_blk_mem_gen_prim_width__parameterized37\'
INFO: [VRFC 10-3107] analyzing entity '\inject_mem_64_blk_mem_gen_prim_width__parameterized38\'
INFO: [VRFC 10-3107] analyzing entity '\inject_mem_64_blk_mem_gen_prim_width__parameterized39\'
INFO: [VRFC 10-3107] analyzing entity '\inject_mem_64_blk_mem_gen_prim_width__parameterized4\'
INFO: [VRFC 10-3107] analyzing entity '\inject_mem_64_blk_mem_gen_prim_width__parameterized40\'
INFO: [VRFC 10-3107] analyzing entity '\inject_mem_64_blk_mem_gen_prim_width__parameterized41\'
INFO: [VRFC 10-3107] analyzing entity '\inject_mem_64_blk_mem_gen_prim_width__parameterized42\'
INFO: [VRFC 10-3107] analyzing entity '\inject_mem_64_blk_mem_gen_prim_width__parameterized43\'
INFO: [VRFC 10-3107] analyzing entity '\inject_mem_64_blk_mem_gen_prim_width__parameterized44\'
INFO: [VRFC 10-3107] analyzing entity '\inject_mem_64_blk_mem_gen_prim_width__parameterized45\'
INFO: [VRFC 10-3107] analyzing entity '\inject_mem_64_blk_mem_gen_prim_width__parameterized46\'
INFO: [VRFC 10-3107] analyzing entity '\inject_mem_64_blk_mem_gen_prim_width__parameterized47\'
INFO: [VRFC 10-3107] analyzing entity '\inject_mem_64_blk_mem_gen_prim_width__parameterized48\'
INFO: [VRFC 10-3107] analyzing entity '\inject_mem_64_blk_mem_gen_prim_width__parameterized49\'
INFO: [VRFC 10-3107] analyzing entity '\inject_mem_64_blk_mem_gen_prim_width__parameterized5\'
INFO: [VRFC 10-3107] analyzing entity '\inject_mem_64_blk_mem_gen_prim_width__parameterized50\'
INFO: [VRFC 10-3107] analyzing entity '\inject_mem_64_blk_mem_gen_prim_width__parameterized51\'
INFO: [VRFC 10-3107] analyzing entity '\inject_mem_64_blk_mem_gen_prim_width__parameterized52\'
INFO: [VRFC 10-3107] analyzing entity '\inject_mem_64_blk_mem_gen_prim_width__parameterized53\'
INFO: [VRFC 10-3107] analyzing entity '\inject_mem_64_blk_mem_gen_prim_width__parameterized54\'
INFO: [VRFC 10-3107] analyzing entity '\inject_mem_64_blk_mem_gen_prim_width__parameterized55\'
INFO: [VRFC 10-3107] analyzing entity '\inject_mem_64_blk_mem_gen_prim_width__parameterized56\'
INFO: [VRFC 10-3107] analyzing entity '\inject_mem_64_blk_mem_gen_prim_width__parameterized57\'
INFO: [VRFC 10-3107] analyzing entity '\inject_mem_64_blk_mem_gen_prim_width__parameterized58\'
INFO: [VRFC 10-3107] analyzing entity '\inject_mem_64_blk_mem_gen_prim_width__parameterized59\'
INFO: [VRFC 10-3107] analyzing entity '\inject_mem_64_blk_mem_gen_prim_width__parameterized6\'
INFO: [VRFC 10-3107] analyzing entity '\inject_mem_64_blk_mem_gen_prim_width__parameterized60\'
INFO: [VRFC 10-3107] analyzing entity '\inject_mem_64_blk_mem_gen_prim_width__parameterized61\'
INFO: [VRFC 10-3107] analyzing entity '\inject_mem_64_blk_mem_gen_prim_width__parameterized62\'
INFO: [VRFC 10-3107] analyzing entity '\inject_mem_64_blk_mem_gen_prim_width__parameterized7\'
INFO: [VRFC 10-3107] analyzing entity '\inject_mem_64_blk_mem_gen_prim_width__parameterized8\'
INFO: [VRFC 10-3107] analyzing entity '\inject_mem_64_blk_mem_gen_prim_width__parameterized9\'
INFO: [VRFC 10-3107] analyzing entity 'tanh_ap_fixed_ap_fixed_24_8_5_3_0_tanh_config10_s'
INFO: [VRFC 10-3107] analyzing entity 'tanh_ap_fixed_ap_fixed_24_8_5_3_0_tanh_config6_s'
INFO: [VRFC 10-3107] analyzing entity 'blk_mem_gen_0_blk_mem_gen_generic_cstr'
INFO: [VRFC 10-3107] analyzing entity 'ctoc_ififo_builtin_top_v6'
INFO: [VRFC 10-3107] analyzing entity 'eleven2nine_lut_blk_mem_gen_generic_cstr'
INFO: [VRFC 10-3107] analyzing entity 'eleven2two_lut_blk_mem_gen_generic_cstr'
INFO: [VRFC 10-3107] analyzing entity 'inject_mem_64_blk_mem_gen_generic_cstr'
INFO: [VRFC 10-3107] analyzing entity 'emtfptnn'
INFO: [VRFC 10-3107] analyzing entity 'blk_mem_gen_0_blk_mem_gen_top'
INFO: [VRFC 10-3107] analyzing entity 'ctoc_ififo_fifo_generator_v13_2_5_builtin'
INFO: [VRFC 10-3107] analyzing entity 'eleven2nine_lut_blk_mem_gen_top'
INFO: [VRFC 10-3107] analyzing entity 'eleven2two_lut_blk_mem_gen_top'
INFO: [VRFC 10-3107] analyzing entity 'inject_mem_64_blk_mem_gen_top'
INFO: [VRFC 10-3107] analyzing entity 'blk_mem_gen_0_blk_mem_gen_v8_4_4_synth'
INFO: [VRFC 10-3107] analyzing entity 'ctoc_ififo_fifo_generator_top'
INFO: [VRFC 10-3107] analyzing entity 'eleven2nine_lut_blk_mem_gen_v8_4_4_synth'
INFO: [VRFC 10-3107] analyzing entity 'eleven2two_lut_blk_mem_gen_v8_4_4_synth'
INFO: [VRFC 10-3107] analyzing entity 'inject_mem_64_blk_mem_gen_v8_4_4_synth'
INFO: [VRFC 10-3107] analyzing entity 'blk_mem_gen_0_blk_mem_gen_v8_4_4'
INFO: [VRFC 10-3107] analyzing entity 'ctoc_ififo_fifo_generator_v13_2_5_synth'
INFO: [VRFC 10-3107] analyzing entity 'eleven2nine_lut_blk_mem_gen_v8_4_4'
INFO: [VRFC 10-3107] analyzing entity 'eleven2two_lut_blk_mem_gen_v8_4_4'
INFO: [VRFC 10-3107] analyzing entity 'inject_mem_64_blk_mem_gen_v8_4_4'
INFO: [VRFC 10-3107] analyzing entity 'blk_mem_gen_0'
INFO: [VRFC 10-3107] analyzing entity 'eleven2nine_lut'
INFO: [VRFC 10-3107] analyzing entity 'eleven2two_lut'
INFO: [VRFC 10-3107] analyzing entity 'inject_mem_64'
INFO: [VRFC 10-3107] analyzing entity 'ctoc_ififo_fifo_generator_v13_2_5'
INFO: [VRFC 10-3107] analyzing entity 'ctoc_ififo'
INFO: [VRFC 10-3107] analyzing entity 'inject_mem_axi_64'
INFO: [VRFC 10-3107] analyzing entity 'test_algo'
INFO: [VRFC 10-3107] analyzing entity 'control_to_core_slave_axi'
INFO: [VRFC 10-3107] analyzing entity 'mtf7_core_top'
INFO: [VRFC 10-163] Analyzing VHDL file "/home/sergo/cms-phase2-muon-trigger/projects/dnn_emtf_displayed/top/top.srcs/sim_1/new/emtfnn_tb.vhd" into library xil_defaultlib
INFO: [VRFC 10-3107] analyzing entity 'top_tb'
