#-----------------------------------------------------------
# Vivado v2020.2 (64-bit)
# SW Build 3064766 on Wed Nov 18 09:12:47 MST 2020
# IP Build 3064653 on Wed Nov 18 14:17:31 MST 2020
# Start of session at: Mon Feb 20 22:49:55 2023
# Process ID: 99474
# Current directory: /home/sergo/cms-phase2-muon-trigger/projects/dnn_emtf_displayed/hdl/vhdl
# Command line: vivado
# Log file: /home/sergo/cms-phase2-muon-trigger/projects/dnn_emtf_displayed/hdl/vhdl/vivado.log
# Journal file: /home/sergo/cms-phase2-muon-trigger/projects/dnn_emtf_displayed/hdl/vhdl/vivado.jou
#-----------------------------------------------------------
start_gui
open_project /home/sergo/cms-phase2-muon-trigger/projects/dnn_emtf_displayed/top/top.xpr
WARNING: [filemgmt 56-3] IP Repository Path: Could not find the directory '/home/sergo/cms-phase2-muon-trigger/projects/dnn_emtf_displayed/user_ip_repo'.
Scanning sources...
Finished scanning sources
INFO: [IP_Flow 19-234] Refreshing IP repositories
WARNING: [IP_Flow 19-2248] Failed to load user IP repository '/home/sergo/cms-phase2-muon-trigger/projects/dnn_emtf_displayed/user_ip_repo'; Can't find the specified path.
If this directory should no longer be in your list of user repositories, go to the IP Settings dialog and remove it.
INFO: [IP_Flow 19-2313] Loaded Vivado IP repository '/data/Xilinx/Vivado/2020.2/data/ip'.
WARNING: [IP_Flow 19-2162] IP 'ctoc_mmcm_in' is locked:
* IP definition 'Clocking Wizard (6.0)' for IP 'ctoc_mmcm_in' (customized with software release 2020.1) has a different revision in the IP Catalog.
WARNING: [IP_Flow 19-2162] IP 'usrclk_mmcm' is locked:
* IP definition 'Clocking Wizard (6.0)' for IP 'usrclk_mmcm' (customized with software release 2020.1) has a different revision in the IP Catalog.
WARNING: [IP_Flow 19-2162] IP 'ctoc_mmcm' is locked:
* IP definition 'Clocking Wizard (6.0)' for IP 'ctoc_mmcm' (customized with software release 2020.1) has a different revision in the IP Catalog.
INFO: [IP_Flow 19-3899] Cannot get the environment domain name variable for the component vendor name. Setting the vendor name to 'user.org'.
open_project: Time (s): cpu = 00:00:18 ; elapsed = 00:00:06 . Memory (MB): peak = 7569.469 ; gain = 94.148 ; free physical = 56438 ; free virtual = 132118
reset_run synth_1
launch_runs synth_1 -jobs 16
[Mon Feb 20 22:51:08 2023] Launched synth_1...
Run output will be captured here: /home/sergo/cms-phase2-muon-trigger/projects/dnn_emtf_displayed/top/top.runs/synth_1/runme.log
INFO: [IP_Flow 19-3899] Cannot get the environment domain name variable for the component vendor name. Setting the vendor name to 'user.org'.
add_files -norecurse {/home/sergo/cms-phase2-muon-trigger/projects/dnn_emtf_displayed/hdl/emtf/emtf_core.src/services/core_params_axi.sv /home/sergo/cms-phase2-muon-trigger/projects/dnn_emtf_displayed/hdl/emtf/emtf_core.src/services/control_to_core_axi.sv /home/sergo/cms-phase2-muon-trigger/projects/dnn_emtf_displayed/hdl/emtf/emtf_core.src/services/mtf7_core_top.sv /home/sergo/cms-phase2-muon-trigger/projects/dnn_emtf_displayed/hdl/emtf/emtf_core.src/services/register_bank.sv /home/sergo/cms-phase2-muon-trigger/projects/dnn_emtf_displayed/hdl/emtf/emtf_core.src/services/inject_mem_axi.sv /home/sergo/cms-phase2-muon-trigger/projects/dnn_emtf_displayed/hdl/emtf/emtf_core.src/services/axi_or_mux.sv /home/sergo/cms-phase2-muon-trigger/projects/dnn_emtf_displayed/hdl/emtf/emtf_core.src/services/interfaces.sv}
WARNING: [filemgmt 56-12] File '/home/sergo/cms-phase2-muon-trigger/projects/dnn_emtf_displayed/hdl/emtf/emtf_core.src/services/core_params_axi.sv' cannot be added to the project because it already exists in the project, skipping this file
WARNING: [filemgmt 56-12] File '/home/sergo/cms-phase2-muon-trigger/projects/dnn_emtf_displayed/hdl/emtf/emtf_core.src/services/control_to_core_axi.sv' cannot be added to the project because it already exists in the project, skipping this file
WARNING: [filemgmt 56-12] File '/home/sergo/cms-phase2-muon-trigger/projects/dnn_emtf_displayed/hdl/emtf/emtf_core.src/services/register_bank.sv' cannot be added to the project because it already exists in the project, skipping this file
WARNING: [filemgmt 56-12] File '/home/sergo/cms-phase2-muon-trigger/projects/dnn_emtf_displayed/hdl/emtf/emtf_core.src/services/inject_mem_axi.sv' cannot be added to the project because it already exists in the project, skipping this file
WARNING: [filemgmt 56-12] File '/home/sergo/cms-phase2-muon-trigger/projects/dnn_emtf_displayed/hdl/emtf/emtf_core.src/services/axi_or_mux.sv' cannot be added to the project because it already exists in the project, skipping this file
WARNING: [filemgmt 56-12] File '/home/sergo/cms-phase2-muon-trigger/projects/dnn_emtf_displayed/hdl/emtf/emtf_core.src/services/interfaces.sv' cannot be added to the project because it already exists in the project, skipping this file
reset_run synth_1
launch_runs synth_1 -jobs 16
[Mon Feb 20 22:55:17 2023] Launched synth_1...
Run output will be captured here: /home/sergo/cms-phase2-muon-trigger/projects/dnn_emtf_displayed/top/top.runs/synth_1/runme.log
launch_runs impl_1 -jobs 16
[Mon Feb 20 22:59:02 2023] Launched impl_1...
Run output will be captured here: /home/sergo/cms-phase2-muon-trigger/projects/dnn_emtf_displayed/top/top.runs/impl_1/runme.log
open_run impl_1
INFO: [Device 21-403] Loading part xc7vx690tffg1927-2
Netlist sorting complete. Time (s): cpu = 00:00:00.25 ; elapsed = 00:00:00.25 . Memory (MB): peak = 7777.672 ; gain = 0.000 ; free physical = 67627 ; free virtual = 144954
INFO: [Netlist 29-17] Analyzing 4279 Unisim elements for replacement
INFO: [Netlist 29-28] Unisim Transformation completed in 0 CPU seconds
INFO: [Project 1-479] Netlist was created with Vivado 2020.2
INFO: [Project 1-570] Preparing netlist for logic optimization
INFO: [Timing 38-478] Restoring timing data from binary archive.
INFO: [Timing 38-479] Binary timing data restore complete.
INFO: [Project 1-856] Restoring constraints from binary archive.
INFO: [Project 1-853] Binary constraint restore complete.
Reading XDEF placement.
Reading placer database...
Reading XDEF routing.
Read XDEF File: Time (s): cpu = 00:00:02 ; elapsed = 00:00:02 . Memory (MB): peak = 8720.688 ; gain = 40.957 ; free physical = 67086 ; free virtual = 144412
Restored from archive | CPU: 2.010000 secs | Memory: 53.816147 MB |
Finished XDEF File Restore: Time (s): cpu = 00:00:02 ; elapsed = 00:00:02 . Memory (MB): peak = 8720.688 ; gain = 40.957 ; free physical = 67086 ; free virtual = 144412
Netlist sorting complete. Time (s): cpu = 00:00:00 ; elapsed = 00:00:00 . Memory (MB): peak = 8720.688 ; gain = 0.000 ; free physical = 67087 ; free virtual = 144414
INFO: [Project 1-111] Unisim Transformation Summary:
No Unisim elements were transformed.

open_run: Time (s): cpu = 00:00:47 ; elapsed = 00:00:35 . Memory (MB): peak = 9056.957 ; gain = 1279.285 ; free physical = 66926 ; free virtual = 144255
open_report: Time (s): cpu = 00:00:22 ; elapsed = 00:00:08 . Memory (MB): peak = 9429.566 ; gain = 0.000 ; free physical = 66462 ; free virtual = 143791
exit
INFO: [Common 17-206] Exiting Vivado at Mon Feb 20 23:06:04 2023...
